<?xml version="1.0" encoding="UTF-8"?>
<coverage generated="1754839998943" clover="3.2.0">
  <project timestamp="1754839998943" name="All files">
    <metrics statements="90" coveredstatements="87" conditionals="73" coveredconditionals="66" methods="21" coveredmethods="21" elements="184" coveredelements="174" complexity="0" loc="90" ncloc="90" packages="3" files="5" classes="5"/>
    <package name="src">
      <metrics statements="3" coveredstatements="3" conditionals="0" coveredconditionals="0" methods="0" coveredmethods="0"/>
      <file name="index.ts" path="/Users/a123/前端项目/react-ui-library/packages/ui/src/index.ts">
        <metrics statements="3" coveredstatements="3" conditionals="0" coveredconditionals="0" methods="0" coveredmethods="0"/>
        <line num="2" count="1" type="stmt"/>
        <line num="5" count="1" type="stmt"/>
        <line num="7" count="1" type="stmt"/>
      </file>
    </package>
    <package name="src.components.Button">
      <metrics statements="16" coveredstatements="14" conditionals="21" coveredconditionals="20" methods="2" coveredmethods="2"/>
      <file name="Button.tsx" path="/Users/a123/前端项目/react-ui-library/packages/ui/src/components/Button/Button.tsx">
        <metrics statements="15" coveredstatements="13" conditionals="21" coveredconditionals="20" methods="2" coveredmethods="2"/>
        <line num="1" count="2" type="stmt"/>
        <line num="2" count="2" type="stmt"/>
        <line num="27" count="98" type="stmt"/>
        <line num="40" count="98" type="stmt"/>
        <line num="41" count="98" type="stmt"/>
        <line num="42" count="98" type="stmt"/>
        <line num="43" count="98" type="cond" truecount="2" falsecount="0"/>
        <line num="44" count="98" type="cond" truecount="2" falsecount="0"/>
        <line num="45" count="98" type="cond" truecount="4" falsecount="0"/>
        <line num="47" count="98" type="stmt"/>
        <line num="59" count="98" type="stmt"/>
        <line num="60" count="9" type="cond" truecount="2" falsecount="1"/>
        <line num="61" count="0" type="stmt"/>
        <line num="62" count="0" type="stmt"/>
        <line num="64" count="9" type="stmt"/>
      </file>
      <file name="index.ts" path="/Users/a123/前端项目/react-ui-library/packages/ui/src/components/Button/index.ts">
        <metrics statements="1" coveredstatements="1" conditionals="0" coveredconditionals="0" methods="0" coveredmethods="0"/>
        <line num="1" count="1" type="stmt"/>
      </file>
    </package>
    <package name="src.components.ChatInterface">
      <metrics statements="71" coveredstatements="70" conditionals="52" coveredconditionals="46" methods="19" coveredmethods="19"/>
      <file name="ChatInterface.tsx" path="/Users/a123/前端项目/react-ui-library/packages/ui/src/components/ChatInterface/ChatInterface.tsx">
        <metrics statements="70" coveredstatements="69" conditionals="52" coveredconditionals="46" methods="19" coveredmethods="19"/>
        <line num="1" count="2" type="stmt"/>
        <line num="2" count="2" type="stmt"/>
        <line num="29" count="32" type="stmt"/>
        <line num="39" count="97" type="cond" truecount="2" falsecount="0"/>
        <line num="40" count="97" type="stmt"/>
        <line num="41" count="97" type="stmt"/>
        <line num="42" count="97" type="stmt"/>
        <line num="43" count="97" type="stmt"/>
        <line num="44" count="97" type="stmt"/>
        <line num="45" count="97" type="stmt"/>
        <line num="48" count="97" type="stmt"/>
        <line num="49" count="67" type="cond" truecount="0" falsecount="1"/>
        <line num="50" count="0" type="stmt"/>
        <line num="54" count="97" type="stmt"/>
        <line num="55" count="67" type="stmt"/>
        <line num="59" count="97" type="stmt"/>
        <line num="60" count="24" type="stmt"/>
        <line num="66" count="24" type="stmt"/>
        <line num="67" count="24" type="stmt"/>
        <line num="71" count="97" type="stmt"/>
        <line num="72" count="18" type="stmt"/>
        <line num="80" count="18" type="stmt"/>
        <line num="83" count="18" type="stmt"/>
        <line num="84" count="18" type="stmt"/>
        <line num="86" count="18" type="stmt"/>
        <line num="87" count="18" type="cond" truecount="1" falsecount="1"/>
        <line num="88" count="18" type="stmt"/>
        <line num="89" count="14" type="stmt"/>
        <line num="90" count="51" type="cond" truecount="2" falsecount="0"/>
        <line num="95" count="18" type="stmt"/>
        <line num="99" count="15" type="stmt"/>
        <line num="100" count="1" type="stmt"/>
        <line num="101" count="2" type="cond" truecount="2" falsecount="0"/>
        <line num="109" count="97" type="stmt"/>
        <line num="110" count="23" type="cond" truecount="2" falsecount="1"/>
        <line num="114" count="23" type="cond" truecount="2" falsecount="1"/>
        <line num="116" count="23" type="stmt"/>
        <line num="117" count="23" type="stmt"/>
        <line num="120" count="23" type="cond" truecount="0" falsecount="1"/>
        <line num="122" count="23" type="stmt"/>
        <line num="123" count="23" type="stmt"/>
        <line num="124" count="23" type="stmt"/>
        <line num="125" count="23" type="stmt"/>
        <line num="127" count="23" type="stmt"/>
        <line num="128" count="23" type="stmt"/>
        <line num="131" count="23" type="cond" truecount="1" falsecount="0"/>
        <line num="132" count="2" type="stmt"/>
        <line num="135" count="23" type="stmt"/>
        <line num="136" count="23" type="cond" truecount="2" falsecount="0"/>
        <line num="137" count="21" type="stmt"/>
        <line num="139" count="20" type="cond" truecount="3" falsecount="0"/>
        <line num="140" count="16" type="stmt"/>
        <line num="144" count="2" type="stmt"/>
        <line num="145" count="2" type="stmt"/>
        <line num="148" count="1" type="stmt"/>
        <line num="149" count="1" type="stmt"/>
        <line num="151" count="20" type="cond" truecount="1" falsecount="0"/>
        <line num="152" count="1" type="stmt"/>
        <line num="154" count="20" type="stmt"/>
        <line num="155" count="5" type="stmt"/>
        <line num="156" count="5" type="stmt"/>
        <line num="157" count="5" type="stmt"/>
        <line num="163" count="97" type="stmt"/>
        <line num="164" count="2" type="cond" truecount="3" falsecount="0"/>
        <line num="165" count="1" type="stmt"/>
        <line num="166" count="1" type="stmt"/>
        <line num="171" count="97" type="stmt"/>
        <line num="172" count="125" type="stmt"/>
        <line num="205" count="126" type="stmt"/>
        <line num="217" count="26" type="stmt"/>
      </file>
      <file name="index.ts" path="/Users/a123/前端项目/react-ui-library/packages/ui/src/components/ChatInterface/index.ts">
        <metrics statements="1" coveredstatements="1" conditionals="0" coveredconditionals="0" methods="0" coveredmethods="0"/>
        <line num="1" count="1" type="stmt"/>
      </file>
    </package>
  </project>
</coverage>
