{"/Users/a123/前端项目/react-ui-library/packages/ui/src/index.ts": {"path":"/Users/a123/前端项目/react-ui-library/packages/ui/src/index.ts","statementMap":{"0":{"start":{"line":13,"column":9},"end":{"line":13,"column":26}},"1":{"start":{"line":11,"column":9},"end":{"line":11,"column":26}},"2":{"start":{"line":15,"column":9},"end":{"line":15,"column":30}},"3":{"start":{"line":5,"column":9},"end":{"line":5,"column":23}},"4":{"start":{"line":7,"column":9},"end":{"line":7,"column":30}},"5":{"start":{"line":9,"column":9},"end":{"line":9,"column":22}},"6":{"start":{"line":2,"column":13},"end":{"line":2,"column":23}},"7":{"start":{"line":5,"column":23},"end":{"line":5,"column":null}},"8":{"start":{"line":7,"column":30},"end":{"line":7,"column":null}},"9":{"start":{"line":9,"column":22},"end":{"line":9,"column":null}},"10":{"start":{"line":11,"column":26},"end":{"line":11,"column":null}},"11":{"start":{"line":13,"column":26},"end":{"line":13,"column":null}},"12":{"start":{"line":15,"column":30},"end":{"line":15,"column":null}},"13":{"start":{"line":2,"column":23},"end":{"line":2,"column":null}}},"fnMap":{},"branchMap":{},"s":{"0":0,"1":0,"2":0,"3":0,"4":0,"5":0,"6":1,"7":1,"8":1,"9":1,"10":1,"11":1,"12":1,"13":1},"f":{},"b":{}}
,"/Users/a123/前端项目/react-ui-library/packages/ui/src/components/AILoading/AILoading.stories.tsx": {"path":"/Users/a123/前端项目/react-ui-library/packages/ui/src/components/AILoading/AILoading.stories.tsx","statementMap":{"0":{"start":{"line":5,"column":37},"end":{"line":48,"column":null}},"1":{"start":{"line":54,"column":30},"end":{"line":59,"column":2}},"2":{"start":{"line":62,"column":29},"end":{"line":68,"column":2}},"3":{"start":{"line":71,"column":31},"end":{"line":76,"column":2}},"4":{"start":{"line":79,"column":33},"end":{"line":84,"column":2}},"5":{"start":{"line":87,"column":27},"end":{"line":91,"column":2}},"6":{"start":{"line":94,"column":35},"end":{"line":101,"column":2}},"7":{"start":{"line":104,"column":44},"end":{"line":111,"column":2}},"8":{"start":{"line":114,"column":32},"end":{"line":126,"column":2}},"9":{"start":{"line":129,"column":33},"end":{"line":135,"column":2}},"10":{"start":{"line":138,"column":33},"end":{"line":144,"column":2}},"11":{"start":{"line":147,"column":34},"end":{"line":159,"column":2}},"12":{"start":{"line":162,"column":42},"end":{"line":204,"column":2}},"13":{"start":{"line":164,"column":36},"end":{"line":164,"column":null}},"14":{"start":{"line":166,"column":29},"end":{"line":177,"column":null}},"15":{"start":{"line":167,"column":6},"end":{"line":167,"column":null}},"16":{"start":{"line":168,"column":23},"end":{"line":176,"column":null}},"17":{"start":{"line":169,"column":8},"end":{"line":175,"column":null}},"18":{"start":{"line":170,"column":10},"end":{"line":173,"column":null}},"19":{"start":{"line":171,"column":12},"end":{"line":171,"column":null}},"20":{"start":{"line":172,"column":12},"end":{"line":172,"column":null}},"21":{"start":{"line":174,"column":10},"end":{"line":174,"column":null}},"22":{"start":{"line":207,"column":36},"end":{"line":227,"column":2}},"23":{"start":{"line":230,"column":39},"end":{"line":254,"column":2}}},"fnMap":{"0":{"name":"(anonymous_0)","decl":{"start":{"line":163,"column":10},"end":{"line":163,"column":null}},"loc":{"start":{"line":163,"column":10},"end":{"line":203,"column":null}}},"1":{"name":"(anonymous_1)","decl":{"start":{"line":166,"column":29},"end":{"line":166,"column":null}},"loc":{"start":{"line":166,"column":29},"end":{"line":177,"column":null}}},"2":{"name":"(anonymous_2)","decl":{"start":{"line":168,"column":35},"end":{"line":168,"column":null}},"loc":{"start":{"line":168,"column":35},"end":{"line":176,"column":9}}},"3":{"name":"(anonymous_3)","decl":{"start":{"line":169,"column":20},"end":{"line":169,"column":null}},"loc":{"start":{"line":169,"column":20},"end":{"line":175,"column":null}}}},"branchMap":{"0":{"loc":{"start":{"line":170,"column":10},"end":{"line":173,"column":null}},"type":"if","locations":[{"start":{"line":170,"column":10},"end":{"line":173,"column":null}}]}},"s":{"0":0,"1":0,"2":0,"3":0,"4":0,"5":0,"6":0,"7":0,"8":0,"9":0,"10":0,"11":0,"12":0,"13":0,"14":0,"15":0,"16":0,"17":0,"18":0,"19":0,"20":0,"21":0,"22":0,"23":0},"f":{"0":0,"1":0,"2":0,"3":0},"b":{"0":[0]}}
,"/Users/a123/前端项目/react-ui-library/packages/ui/src/components/AILoading/AILoading.tsx": {"path":"/Users/a123/前端项目/react-ui-library/packages/ui/src/components/AILoading/AILoading.tsx","statementMap":{"0":{"start":{"line":31,"column":13},"end":{"line":31,"column":51}},"1":{"start":{"line":1,"column":56},"end":{"line":1,"column":null}},"2":{"start":{"line":2,"column":7},"end":{"line":2,"column":null}},"3":{"start":{"line":31,"column":51},"end":{"line":200,"column":null}},"4":{"start":{"line":45,"column":40},"end":{"line":45,"column":null}},"5":{"start":{"line":46,"column":42},"end":{"line":46,"column":null}},"6":{"start":{"line":47,"column":34},"end":{"line":47,"column":null}},"7":{"start":{"line":48,"column":34},"end":{"line":48,"column":null}},"8":{"start":{"line":51,"column":23},"end":{"line":51,"column":null}},"9":{"start":{"line":54,"column":19},"end":{"line":67,"column":null}},"10":{"start":{"line":55,"column":4},"end":{"line":55,"column":null}},"11":{"start":{"line":56,"column":18},"end":{"line":56,"column":null}},"12":{"start":{"line":58,"column":4},"end":{"line":63,"column":null}},"13":{"start":{"line":58,"column":17},"end":{"line":58,"column":20}},"14":{"start":{"line":59,"column":6},"end":{"line":59,"column":null}},"15":{"start":{"line":60,"column":6},"end":{"line":60,"column":null}},"16":{"start":{"line":61,"column":6},"end":{"line":61,"column":null}},"17":{"start":{"line":62,"column":6},"end":{"line":62,"column":null}},"18":{"start":{"line":62,"column":35},"end":{"line":62,"column":null}},"19":{"start":{"line":65,"column":4},"end":{"line":65,"column":null}},"20":{"start":{"line":66,"column":4},"end":{"line":66,"column":null}},"21":{"start":{"line":70,"column":28},"end":{"line":76,"column":null}},"22":{"start":{"line":71,"column":21},"end":{"line":73,"column":null}},"23":{"start":{"line":72,"column":6},"end":{"line":72,"column":null}},"24":{"start":{"line":72,"column":26},"end":{"line":72,"column":null}},"25":{"start":{"line":75,"column":4},"end":{"line":75,"column":null}},"26":{"start":{"line":75,"column":17},"end":{"line":75,"column":null}},"27":{"start":{"line":79,"column":2},"end":{"line":84,"column":null}},"28":{"start":{"line":80,"column":4},"end":{"line":83,"column":null}},"29":{"start":{"line":81,"column":26},"end":{"line":81,"column":52}},"30":{"start":{"line":82,"column":6},"end":{"line":82,"column":null}},"31":{"start":{"line":87,"column":2},"end":{"line":95,"column":null}},"32":{"start":{"line":88,"column":4},"end":{"line":94,"column":null}},"33":{"start":{"line":89,"column":20},"end":{"line":91,"column":null}},"34":{"start":{"line":90,"column":8},"end":{"line":90,"column":null}},"35":{"start":{"line":90,"column":32},"end":{"line":90,"column":64}},"36":{"start":{"line":93,"column":6},"end":{"line":93,"column":null}},"37":{"start":{"line":93,"column":19},"end":{"line":93,"column":null}},"38":{"start":{"line":98,"column":2},"end":{"line":102,"column":null}},"39":{"start":{"line":99,"column":4},"end":{"line":101,"column":null}},"40":{"start":{"line":100,"column":6},"end":{"line":100,"column":null}},"41":{"start":{"line":105,"column":2},"end":{"line":113,"column":null}},"42":{"start":{"line":106,"column":4},"end":{"line":112,"column":null}},"43":{"start":{"line":107,"column":23},"end":{"line":109,"column":null}},"44":{"start":{"line":108,"column":8},"end":{"line":108,"column":null}},"45":{"start":{"line":108,"column":28},"end":{"line":108,"column":null}},"46":{"start":{"line":111,"column":6},"end":{"line":111,"column":null}},"47":{"start":{"line":111,"column":19},"end":{"line":111,"column":null}},"48":{"start":{"line":116,"column":31},"end":{"line":164,"column":null}},"49":{"start":{"line":117,"column":4},"end":{"line":163,"column":null}},"50":{"start":{"line":132,"column":16},"end":{"line":133,"column":null}},"51":{"start":{"line":153,"column":14},"end":{"line":154,"column":null}},"52":{"start":{"line":162,"column":8},"end":{"line":162,"column":null}},"53":{"start":{"line":167,"column":25},"end":{"line":187,"column":null}},"54":{"start":{"line":168,"column":4},"end":{"line":168,"column":null}},"55":{"start":{"line":168,"column":23},"end":{"line":168,"column":null}}},"fnMap":{"0":{"name":"(anonymous_4)","decl":{"start":{"line":31,"column":51},"end":{"line":31,"column":52}},"loc":{"start":{"line":44,"column":1},"end":{"line":200,"column":null}}},"1":{"name":"(anonymous_5)","decl":{"start":{"line":54,"column":31},"end":{"line":54,"column":38}},"loc":{"start":{"line":54,"column":38},"end":{"line":67,"column":5}}},"2":{"name":"(anonymous_6)","decl":{"start":{"line":62,"column":24},"end":{"line":62,"column":35}},"loc":{"start":{"line":62,"column":35},"end":{"line":62,"column":null}}},"3":{"name":"(anonymous_7)","decl":{"start":{"line":70,"column":40},"end":{"line":70,"column":null}},"loc":{"start":{"line":70,"column":40},"end":{"line":76,"column":5}}},"4":{"name":"(anonymous_8)","decl":{"start":{"line":71,"column":33},"end":{"line":71,"column":null}},"loc":{"start":{"line":71,"column":33},"end":{"line":73,"column":7}}},"5":{"name":"(anonymous_9)","decl":{"start":{"line":72,"column":18},"end":{"line":72,"column":26}},"loc":{"start":{"line":72,"column":26},"end":{"line":72,"column":null}}},"6":{"name":"(anonymous_10)","decl":{"start":{"line":75,"column":11},"end":{"line":75,"column":17}},"loc":{"start":{"line":75,"column":17},"end":{"line":75,"column":null}}},"7":{"name":"(anonymous_11)","decl":{"start":{"line":79,"column":12},"end":{"line":79,"column":null}},"loc":{"start":{"line":79,"column":12},"end":{"line":84,"column":5}}},"8":{"name":"(anonymous_12)","decl":{"start":{"line":87,"column":12},"end":{"line":87,"column":null}},"loc":{"start":{"line":87,"column":12},"end":{"line":95,"column":5}}},"9":{"name":"(anonymous_13)","decl":{"start":{"line":89,"column":31},"end":{"line":89,"column":null}},"loc":{"start":{"line":89,"column":31},"end":{"line":91,"column":9}}},"10":{"name":"(anonymous_14)","decl":{"start":{"line":90,"column":24},"end":{"line":90,"column":32}},"loc":{"start":{"line":90,"column":32},"end":{"line":90,"column":64}}},"11":{"name":"(anonymous_15)","decl":{"start":{"line":93,"column":13},"end":{"line":93,"column":19}},"loc":{"start":{"line":93,"column":19},"end":{"line":93,"column":null}}},"12":{"name":"(anonymous_16)","decl":{"start":{"line":98,"column":12},"end":{"line":98,"column":null}},"loc":{"start":{"line":98,"column":12},"end":{"line":102,"column":5}}},"13":{"name":"(anonymous_17)","decl":{"start":{"line":105,"column":12},"end":{"line":105,"column":null}},"loc":{"start":{"line":105,"column":12},"end":{"line":113,"column":5}}},"14":{"name":"(anonymous_18)","decl":{"start":{"line":107,"column":35},"end":{"line":107,"column":null}},"loc":{"start":{"line":107,"column":35},"end":{"line":109,"column":9}}},"15":{"name":"(anonymous_19)","decl":{"start":{"line":108,"column":20},"end":{"line":108,"column":28}},"loc":{"start":{"line":108,"column":28},"end":{"line":108,"column":null}}},"16":{"name":"(anonymous_20)","decl":{"start":{"line":111,"column":13},"end":{"line":111,"column":19}},"loc":{"start":{"line":111,"column":19},"end":{"line":111,"column":null}}},"17":{"name":"(anonymous_21)","decl":{"start":{"line":116,"column":31},"end":{"line":116,"column":null}},"loc":{"start":{"line":116,"column":31},"end":{"line":164,"column":null}}},"18":{"name":"(anonymous_22)","decl":{"start":{"line":131,"column":29},"end":{"line":131,"column":null}},"loc":{"start":{"line":132,"column":16},"end":{"line":133,"column":null}}},"19":{"name":"(anonymous_23)","decl":{"start":{"line":152,"column":30},"end":{"line":152,"column":null}},"loc":{"start":{"line":153,"column":14},"end":{"line":154,"column":null}}},"20":{"name":"(anonymous_24)","decl":{"start":{"line":167,"column":25},"end":{"line":167,"column":null}},"loc":{"start":{"line":167,"column":25},"end":{"line":187,"column":null}}}},"branchMap":{"0":{"loc":{"start":{"line":32,"column":2},"end":{"line":32,"column":17}},"type":"default-arg","locations":[{"start":{"line":32,"column":9},"end":{"line":32,"column":17}}]},"1":{"loc":{"start":{"line":33,"column":2},"end":{"line":33,"column":21}},"type":"default-arg","locations":[{"start":{"line":33,"column":9},"end":{"line":33,"column":21}}]},"2":{"loc":{"start":{"line":34,"column":2},"end":{"line":34,"column":12}},"type":"default-arg","locations":[{"start":{"line":34,"column":10},"end":{"line":34,"column":12}}]},"3":{"loc":{"start":{"line":35,"column":2},"end":{"line":35,"column":19}},"type":"default-arg","locations":[{"start":{"line":35,"column":16},"end":{"line":35,"column":19}}]},"4":{"loc":{"start":{"line":36,"column":2},"end":{"line":36,"column":14}},"type":"default-arg","locations":[{"start":{"line":36,"column":9},"end":{"line":36,"column":14}}]},"5":{"loc":{"start":{"line":37,"column":2},"end":{"line":37,"column":22}},"type":"default-arg","locations":[{"start":{"line":37,"column":17},"end":{"line":37,"column":22}}]},"6":{"loc":{"start":{"line":38,"column":2},"end":{"line":38,"column":14}},"type":"default-arg","locations":[{"start":{"line":38,"column":13},"end":{"line":38,"column":14}}]},"7":{"loc":{"start":{"line":39,"column":2},"end":{"line":39,"column":23}},"type":"default-arg","locations":[{"start":{"line":39,"column":18},"end":{"line":39,"column":23}}]},"8":{"loc":{"start":{"line":40,"column":2},"end":{"line":40,"column":16}},"type":"default-arg","locations":[{"start":{"line":40,"column":14},"end":{"line":40,"column":16}}]},"9":{"loc":{"start":{"line":41,"column":2},"end":{"line":41,"column":12}},"type":"default-arg","locations":[{"start":{"line":41,"column":10},"end":{"line":41,"column":12}}]},"10":{"loc":{"start":{"line":51,"column":23},"end":{"line":51,"column":null}},"type":"cond-expr","locations":[{"start":{"line":51,"column":42},"end":{"line":51,"column":50}},{"start":{"line":51,"column":50},"end":{"line":51,"column":null}}]},"11":{"loc":{"start":{"line":80,"column":4},"end":{"line":83,"column":null}},"type":"if","locations":[{"start":{"line":80,"column":4},"end":{"line":83,"column":null}}]},"12":{"loc":{"start":{"line":80,"column":8},"end":{"line":80,"column":54}},"type":"binary-expr","locations":[{"start":{"line":80,"column":8},"end":{"line":80,"column":29}},{"start":{"line":80,"column":29},"end":{"line":80,"column":54}}]},"13":{"loc":{"start":{"line":88,"column":4},"end":{"line":94,"column":null}},"type":"if","locations":[{"start":{"line":88,"column":4},"end":{"line":94,"column":null}}]},"14":{"loc":{"start":{"line":88,"column":8},"end":{"line":88,"column":48}},"type":"binary-expr","locations":[{"start":{"line":88,"column":8},"end":{"line":88,"column":16}},{"start":{"line":88,"column":16},"end":{"line":88,"column":37}},{"start":{"line":88,"column":37},"end":{"line":88,"column":48}}]},"15":{"loc":{"start":{"line":99,"column":4},"end":{"line":101,"column":null}},"type":"if","locations":[{"start":{"line":99,"column":4},"end":{"line":101,"column":null}}]},"16":{"loc":{"start":{"line":106,"column":4},"end":{"line":112,"column":null}},"type":"if","locations":[{"start":{"line":106,"column":4},"end":{"line":112,"column":null}}]},"17":{"loc":{"start":{"line":117,"column":4},"end":{"line":163,"column":null}},"type":"switch","locations":[{"start":{"line":161,"column":6},"end":{"line":162,"column":null}}]},"18":{"loc":{"start":{"line":134,"column":47},"end":{"line":134,"column":79}},"type":"cond-expr","locations":[{"start":{"line":134,"column":64},"end":{"line":134,"column":75}},{"start":{"line":134,"column":75},"end":{"line":134,"column":79}}]},"19":{"loc":{"start":{"line":155,"column":45},"end":{"line":155,"column":77}},"type":"cond-expr","locations":[{"start":{"line":155,"column":62},"end":{"line":155,"column":73}},{"start":{"line":155,"column":73},"end":{"line":155,"column":77}}]},"20":{"loc":{"start":{"line":168,"column":4},"end":{"line":168,"column":null}},"type":"if","locations":[{"start":{"line":168,"column":4},"end":{"line":168,"column":null}}]},"21":{"loc":{"start":{"line":175,"column":14},"end":{"line":175,"column":null}},"type":"cond-expr","locations":[{"start":{"line":175,"column":30},"end":{"line":175,"column":48}},{"start":{"line":175,"column":48},"end":{"line":175,"column":null}}]},"22":{"loc":{"start":{"line":178,"column":21},"end":{"line":178,"column":60}},"type":"cond-expr","locations":[{"start":{"line":178,"column":37},"end":{"line":178,"column":46}},{"start":{"line":178,"column":46},"end":{"line":178,"column":60}}]},"23":{"loc":{"start":{"line":182,"column":9},"end":{"line":182,"column":null}},"type":"binary-expr","locations":[{"start":{"line":182,"column":9},"end":{"line":182,"column":null}}]}},"s":{"0":28,"1":2,"2":2,"3":2,"4":80,"5":80,"6":80,"7":80,"8":80,"9":80,"10":23,"11":23,"12":23,"13":23,"14":91,"15":91,"16":91,"17":91,"18":91,"19":10,"20":10,"21":80,"22":3,"23":0,"24":0,"25":3,"26":3,"27":80,"28":29,"29":23,"30":23,"31":80,"32":54,"33":3,"34":1,"35":1,"36":3,"37":3,"38":80,"39":28,"40":3,"41":80,"42":28,"43":1,"44":0,"45":0,"46":1,"47":1,"48":80,"49":80,"50":9,"51":4,"52":0,"53":80,"54":80,"55":70},"f":{"0":80,"1":23,"2":91,"3":3,"4":0,"5":0,"6":3,"7":29,"8":54,"9":1,"10":1,"11":3,"12":28,"13":28,"14":0,"15":0,"16":1,"17":80,"18":9,"19":4,"20":80},"b":{"0":[24],"1":[47],"2":[63],"3":[36],"4":[65],"5":[68],"6":[70],"7":[78],"8":[78],"9":[78],"10":[15,65],"11":[23],"12":[29,23],"13":[3],"14":[54,5,5],"15":[3],"16":[1],"17":[0],"18":[3,6],"19":[1,3],"20":[70],"21":[2,8],"22":[2,8],"23":[10]}}
,"/Users/a123/前端项目/react-ui-library/packages/ui/src/components/AILoading/index.ts": {"path":"/Users/a123/前端项目/react-ui-library/packages/ui/src/components/AILoading/index.ts","statementMap":{"0":{"start":{"line":1,"column":9},"end":{"line":1,"column":26}},"1":{"start":{"line":1,"column":26},"end":{"line":1,"column":null}}},"fnMap":{},"branchMap":{},"s":{"0":0,"1":1},"f":{},"b":{}}
,"/Users/a123/前端项目/react-ui-library/packages/ui/src/components/AIMessage/AIMessage.stories.tsx": {"path":"/Users/a123/前端项目/react-ui-library/packages/ui/src/components/AIMessage/AIMessage.stories.tsx","statementMap":{"0":{"start":{"line":4,"column":37},"end":{"line":63,"column":null}},"1":{"start":{"line":69,"column":30},"end":{"line":75,"column":2}},"2":{"start":{"line":78,"column":35},"end":{"line":111,"column":2}},"3":{"start":{"line":114,"column":36},"end":{"line":138,"column":2}},"4":{"start":{"line":141,"column":40},"end":{"line":170,"column":2}},"5":{"start":{"line":173,"column":35},"end":{"line":195,"column":2}},"6":{"start":{"line":198,"column":34},"end":{"line":212,"column":2}},"7":{"start":{"line":215,"column":35},"end":{"line":222,"column":2}},"8":{"start":{"line":225,"column":38},"end":{"line":242,"column":2}},"9":{"start":{"line":245,"column":39},"end":{"line":271,"column":2}},"10":{"start":{"line":274,"column":31},"end":{"line":292,"column":2}}},"fnMap":{},"branchMap":{},"s":{"0":0,"1":0,"2":0,"3":0,"4":0,"5":0,"6":0,"7":0,"8":0,"9":0,"10":0},"f":{},"b":{}}
,"/Users/a123/前端项目/react-ui-library/packages/ui/src/components/AIMessage/AIMessage.tsx": {"path":"/Users/a123/前端项目/react-ui-library/packages/ui/src/components/AIMessage/AIMessage.tsx","statementMap":{"0":{"start":{"line":60,"column":13},"end":{"line":60,"column":25}},"1":{"start":{"line":2,"column":57},"end":{"line":2,"column":null}},"2":{"start":{"line":3,"column":28},"end":{"line":3,"column":null}},"3":{"start":{"line":4,"column":7},"end":{"line":4,"column":null}},"4":{"start":{"line":40,"column":22},"end":{"line":44,"column":null}},"5":{"start":{"line":47,"column":25},"end":{"line":58,"column":null}},"6":{"start":{"line":48,"column":44},"end":{"line":48,"column":null}},"7":{"start":{"line":50,"column":2},"end":{"line":55,"column":null}},"8":{"start":{"line":52,"column":4},"end":{"line":54,"column":null}},"9":{"start":{"line":52,"column":40},"end":{"line":52,"column":114}},"10":{"start":{"line":53,"column":6},"end":{"line":53,"column":null}},"11":{"start":{"line":57,"column":2},"end":{"line":57,"column":null}},"12":{"start":{"line":60,"column":25},"end":{"line":348,"column":null}},"13":{"start":{"line":81,"column":32},"end":{"line":81,"column":null}},"14":{"start":{"line":84,"column":28},"end":{"line":89,"column":null}},"15":{"start":{"line":85,"column":6},"end":{"line":87,"column":null}},"16":{"start":{"line":86,"column":8},"end":{"line":86,"column":null}},"17":{"start":{"line":88,"column":6},"end":{"line":88,"column":null}},"18":{"start":{"line":92,"column":23},"end":{"line":103,"column":null}},"19":{"start":{"line":93,"column":6},"end":{"line":102,"column":null}},"20":{"start":{"line":94,"column":8},"end":{"line":94,"column":null}},"21":{"start":{"line":95,"column":8},"end":{"line":95,"column":null}},"22":{"start":{"line":96,"column":8},"end":{"line":96,"column":null}},"23":{"start":{"line":99,"column":8},"end":{"line":99,"column":null}},"24":{"start":{"line":99,"column":25},"end":{"line":99,"column":43}},"25":{"start":{"line":101,"column":8},"end":{"line":101,"column":null}},"26":{"start":{"line":106,"column":26},"end":{"line":237,"column":null}},"27":{"start":{"line":107,"column":6},"end":{"line":109,"column":null}},"28":{"start":{"line":112,"column":6},"end":{"line":114,"column":null}},"29":{"start":{"line":117,"column":20},"end":{"line":117,"column":null}},"30":{"start":{"line":118,"column":42},"end":{"line":118,"column":44}},"31":{"start":{"line":119,"column":24},"end":{"line":119,"column":null}},"32":{"start":{"line":120,"column":24},"end":{"line":120,"column":null}},"33":{"start":{"line":121,"column":29},"end":{"line":121,"column":null}},"34":{"start":{"line":123,"column":24},"end":{"line":149,"column":null}},"35":{"start":{"line":124,"column":8},"end":{"line":148,"column":null}},"36":{"start":{"line":126,"column":30},"end":{"line":126,"column":null}},"37":{"start":{"line":129,"column":10},"end":{"line":131,"column":null}},"38":{"start":{"line":130,"column":12},"end":{"line":130,"column":null}},"39":{"start":{"line":134,"column":10},"end":{"line":136,"column":null}},"40":{"start":{"line":135,"column":12},"end":{"line":135,"column":null}},"41":{"start":{"line":139,"column":10},"end":{"line":141,"column":null}},"42":{"start":{"line":140,"column":12},"end":{"line":140,"column":null}},"43":{"start":{"line":143,"column":10},"end":{"line":144,"column":47}},"44":{"start":{"line":147,"column":10},"end":{"line":147,"column":null}},"45":{"start":{"line":151,"column":6},"end":{"line":222,"column":null}},"46":{"start":{"line":152,"column":8},"end":{"line":221,"column":null}},"47":{"start":{"line":153,"column":10},"end":{"line":167,"column":null}},"48":{"start":{"line":155,"column":12},"end":{"line":155,"column":null}},"49":{"start":{"line":156,"column":12},"end":{"line":157,"column":51}},"50":{"start":{"line":161,"column":12},"end":{"line":161,"column":null}},"51":{"start":{"line":162,"column":12},"end":{"line":162,"column":null}},"52":{"start":{"line":165,"column":12},"end":{"line":165,"column":null}},"53":{"start":{"line":166,"column":12},"end":{"line":166,"column":null}},"54":{"start":{"line":168,"column":15},"end":{"line":221,"column":null}},"55":{"start":{"line":170,"column":10},"end":{"line":170,"column":null}},"56":{"start":{"line":171,"column":15},"end":{"line":221,"column":null}},"57":{"start":{"line":173,"column":10},"end":{"line":173,"column":null}},"58":{"start":{"line":174,"column":24},"end":{"line":174,"column":null}},"59":{"start":{"line":175,"column":23},"end":{"line":175,"column":null}},"60":{"start":{"line":176,"column":31},"end":{"line":176,"column":null}},"61":{"start":{"line":178,"column":10},"end":{"line":214,"column":null}},"62":{"start":{"line":179,"column":12},"end":{"line":180,"column":53}},"63":{"start":{"line":184,"column":17},"end":{"line":214,"column":null}},"64":{"start":{"line":185,"column":12},"end":{"line":186,"column":53}},"65":{"start":{"line":190,"column":17},"end":{"line":214,"column":null}},"66":{"start":{"line":191,"column":12},"end":{"line":192,"column":53}},"67":{"start":{"line":196,"column":17},"end":{"line":214,"column":null}},"68":{"start":{"line":197,"column":12},"end":{"line":198,"column":53}},"69":{"start":{"line":202,"column":17},"end":{"line":214,"column":null}},"70":{"start":{"line":203,"column":12},"end":{"line":204,"column":53}},"71":{"start":{"line":209,"column":12},"end":{"line":210,"column":53}},"72":{"start":{"line":215,"column":15},"end":{"line":221,"column":null}},"73":{"start":{"line":217,"column":10},"end":{"line":217,"column":null}},"74":{"start":{"line":220,"column":10},"end":{"line":220,"column":null}},"75":{"start":{"line":225,"column":6},"end":{"line":225,"column":null}},"76":{"start":{"line":228,"column":6},"end":{"line":230,"column":null}},"77":{"start":{"line":240,"column":34},"end":{"line":266,"column":null}},"78":{"start":{"line":241,"column":6},"end":{"line":265,"column":null}},"79":{"start":{"line":264,"column":10},"end":{"line":264,"column":null}},"80":{"start":{"line":268,"column":22},"end":{"line":268,"column":null}},"81":{"start":{"line":269,"column":24},"end":{"line":269,"column":47}},"82":{"start":{"line":270,"column":27},"end":{"line":270,"column":null}},"83":{"start":{"line":272,"column":27},"end":{"line":279,"column":null}},"84":{"start":{"line":282,"column":23},"end":{"line":282,"column":null}},"85":{"start":{"line":351,"column":0},"end":{"line":351,"column":null}}},"fnMap":{"0":{"name":"(anonymous_4)","decl":{"start":{"line":47,"column":25},"end":{"line":47,"column":26}},"loc":{"start":{"line":47,"column":26},"end":{"line":58,"column":null}}},"1":{"name":"(anonymous_5)","decl":{"start":{"line":50,"column":29},"end":{"line":50,"column":null}},"loc":{"start":{"line":50,"column":29},"end":{"line":55,"column":null}}},"2":{"name":"(anonymous_6)","decl":{"start":{"line":52,"column":27},"end":{"line":52,"column":40}},"loc":{"start":{"line":52,"column":40},"end":{"line":52,"column":114}}},"3":{"name":"(anonymous_7)","decl":{"start":{"line":61,"column":2},"end":{"line":61,"column":null}},"loc":{"start":{"line":79,"column":4},"end":{"line":348,"column":null}}},"4":{"name":"(anonymous_8)","decl":{"start":{"line":84,"column":40},"end":{"line":84,"column":41}},"loc":{"start":{"line":84,"column":41},"end":{"line":89,"column":7}}},"5":{"name":"(anonymous_9)","decl":{"start":{"line":92,"column":35},"end":{"line":92,"column":null}},"loc":{"start":{"line":92,"column":35},"end":{"line":103,"column":7}}},"6":{"name":"(anonymous_10)","decl":{"start":{"line":99,"column":19},"end":{"line":99,"column":25}},"loc":{"start":{"line":99,"column":25},"end":{"line":99,"column":43}}},"7":{"name":"(anonymous_11)","decl":{"start":{"line":106,"column":38},"end":{"line":106,"column":null}},"loc":{"start":{"line":106,"column":38},"end":{"line":237,"column":7}}},"8":{"name":"(anonymous_12)","decl":{"start":{"line":123,"column":24},"end":{"line":123,"column":null}},"loc":{"start":{"line":123,"column":24},"end":{"line":149,"column":null}}},"9":{"name":"(anonymous_13)","decl":{"start":{"line":129,"column":66},"end":{"line":129,"column":67}},"loc":{"start":{"line":129,"column":74},"end":{"line":131,"column":null}}},"10":{"name":"(anonymous_14)","decl":{"start":{"line":134,"column":62},"end":{"line":134,"column":63}},"loc":{"start":{"line":134,"column":70},"end":{"line":136,"column":null}}},"11":{"name":"(anonymous_15)","decl":{"start":{"line":139,"column":60},"end":{"line":139,"column":61}},"loc":{"start":{"line":139,"column":68},"end":{"line":141,"column":null}}},"12":{"name":"(anonymous_16)","decl":{"start":{"line":151,"column":20},"end":{"line":151,"column":21}},"loc":{"start":{"line":151,"column":21},"end":{"line":222,"column":null}}},"13":{"name":"(anonymous_17)","decl":{"start":{"line":240,"column":46},"end":{"line":240,"column":null}},"loc":{"start":{"line":240,"column":46},"end":{"line":266,"column":7}}}},"branchMap":{"0":{"loc":{"start":{"line":52,"column":4},"end":{"line":54,"column":null}},"type":"if","locations":[{"start":{"line":52,"column":4},"end":{"line":54,"column":null}}]},"1":{"loc":{"start":{"line":52,"column":40},"end":{"line":52,"column":114}},"type":"binary-expr","locations":[{"start":{"line":52,"column":40},"end":{"line":52,"column":61}},{"start":{"line":52,"column":61},"end":{"line":52,"column":88}},{"start":{"line":52,"column":88},"end":{"line":52,"column":114}}]},"2":{"loc":{"start":{"line":64,"column":6},"end":{"line":64,"column":24}},"type":"default-arg","locations":[{"start":{"line":64,"column":15},"end":{"line":64,"column":24}}]},"3":{"loc":{"start":{"line":65,"column":6},"end":{"line":65,"column":26}},"type":"default-arg","locations":[{"start":{"line":65,"column":22},"end":{"line":65,"column":26}}]},"4":{"loc":{"start":{"line":67,"column":6},"end":{"line":67,"column":27}},"type":"default-arg","locations":[{"start":{"line":67,"column":23},"end":{"line":67,"column":27}}]},"5":{"loc":{"start":{"line":69,"column":6},"end":{"line":69,"column":31}},"type":"default-arg","locations":[{"start":{"line":69,"column":17},"end":{"line":69,"column":31}}]},"6":{"loc":{"start":{"line":70,"column":6},"end":{"line":70,"column":25}},"type":"default-arg","locations":[{"start":{"line":70,"column":21},"end":{"line":70,"column":25}}]},"7":{"loc":{"start":{"line":71,"column":6},"end":{"line":71,"column":20}},"type":"default-arg","locations":[{"start":{"line":71,"column":18},"end":{"line":71,"column":20}}]},"8":{"loc":{"start":{"line":76,"column":6},"end":{"line":76,"column":32}},"type":"default-arg","locations":[{"start":{"line":76,"column":28},"end":{"line":76,"column":32}}]},"9":{"loc":{"start":{"line":85,"column":6},"end":{"line":87,"column":null}},"type":"if","locations":[{"start":{"line":85,"column":6},"end":{"line":87,"column":null}}]},"10":{"loc":{"start":{"line":107,"column":6},"end":{"line":109,"column":null}},"type":"if","locations":[{"start":{"line":107,"column":6},"end":{"line":109,"column":null}}]},"11":{"loc":{"start":{"line":112,"column":6},"end":{"line":114,"column":null}},"type":"if","locations":[{"start":{"line":112,"column":6},"end":{"line":114,"column":null}}]},"12":{"loc":{"start":{"line":124,"column":8},"end":{"line":148,"column":null}},"type":"if","locations":[{"start":{"line":124,"column":8},"end":{"line":148,"column":null}}]},"13":{"loc":{"start":{"line":152,"column":8},"end":{"line":221,"column":null}},"type":"if","locations":[{"start":{"line":152,"column":8},"end":{"line":221,"column":null}},{"start":{"line":168,"column":15},"end":{"line":221,"column":null}}]},"14":{"loc":{"start":{"line":153,"column":10},"end":{"line":167,"column":null}},"type":"if","locations":[{"start":{"line":153,"column":10},"end":{"line":167,"column":null}},{"start":{"line":163,"column":17},"end":{"line":167,"column":null}}]},"15":{"loc":{"start":{"line":168,"column":15},"end":{"line":221,"column":null}},"type":"if","locations":[{"start":{"line":168,"column":15},"end":{"line":221,"column":null}},{"start":{"line":171,"column":15},"end":{"line":221,"column":null}}]},"16":{"loc":{"start":{"line":171,"column":15},"end":{"line":221,"column":null}},"type":"if","locations":[{"start":{"line":171,"column":15},"end":{"line":221,"column":null}},{"start":{"line":215,"column":15},"end":{"line":221,"column":null}}]},"17":{"loc":{"start":{"line":174,"column":24},"end":{"line":174,"column":null}},"type":"binary-expr","locations":[{"start":{"line":174,"column":24},"end":{"line":174,"column":57}},{"start":{"line":174,"column":57},"end":{"line":174,"column":null}}]},"18":{"loc":{"start":{"line":178,"column":10},"end":{"line":214,"column":null}},"type":"if","locations":[{"start":{"line":178,"column":10},"end":{"line":214,"column":null}},{"start":{"line":184,"column":17},"end":{"line":214,"column":null}}]},"19":{"loc":{"start":{"line":184,"column":17},"end":{"line":214,"column":null}},"type":"if","locations":[{"start":{"line":184,"column":17},"end":{"line":214,"column":null}},{"start":{"line":190,"column":17},"end":{"line":214,"column":null}}]},"20":{"loc":{"start":{"line":190,"column":17},"end":{"line":214,"column":null}},"type":"if","locations":[{"start":{"line":190,"column":17},"end":{"line":214,"column":null}},{"start":{"line":196,"column":17},"end":{"line":214,"column":null}}]},"21":{"loc":{"start":{"line":196,"column":17},"end":{"line":214,"column":null}},"type":"if","locations":[{"start":{"line":196,"column":17},"end":{"line":214,"column":null}},{"start":{"line":202,"column":17},"end":{"line":214,"column":null}}]},"22":{"loc":{"start":{"line":202,"column":17},"end":{"line":214,"column":null}},"type":"if","locations":[{"start":{"line":202,"column":17},"end":{"line":214,"column":null}},{"start":{"line":208,"column":17},"end":{"line":214,"column":null}}]},"23":{"loc":{"start":{"line":215,"column":15},"end":{"line":221,"column":null}},"type":"if","locations":[{"start":{"line":215,"column":15},"end":{"line":221,"column":null}},{"start":{"line":218,"column":15},"end":{"line":221,"column":null}}]},"24":{"loc":{"start":{"line":228,"column":6},"end":{"line":230,"column":null}},"type":"if","locations":[{"start":{"line":228,"column":6},"end":{"line":230,"column":null}}]},"25":{"loc":{"start":{"line":241,"column":6},"end":{"line":265,"column":null}},"type":"switch","locations":[{"start":{"line":263,"column":8},"end":{"line":264,"column":null}}]},"26":{"loc":{"start":{"line":270,"column":27},"end":{"line":270,"column":null}},"type":"cond-expr","locations":[{"start":{"line":270,"column":52},"end":{"line":270,"column":78}},{"start":{"line":270,"column":78},"end":{"line":270,"column":null}}]},"27":{"loc":{"start":{"line":294,"column":10},"end":{"line":294,"column":20}},"type":"binary-expr","locations":[{"start":{"line":294,"column":10},"end":{"line":294,"column":20}},{"start":{"line":294,"column":20},"end":{"line":294,"column":31}}]},"28":{"loc":{"start":{"line":296,"column":13},"end":{"line":296,"column":null}},"type":"binary-expr","locations":[{"start":{"line":296,"column":13},"end":{"line":296,"column":null}}]},"29":{"loc":{"start":{"line":301,"column":13},"end":{"line":301,"column":null}},"type":"binary-expr","locations":[{"start":{"line":301,"column":13},"end":{"line":301,"column":null}}]},"30":{"loc":{"start":{"line":304,"column":17},"end":{"line":304,"column":34}},"type":"binary-expr","locations":[{"start":{"line":304,"column":17},"end":{"line":304,"column":34}},{"start":{"line":304,"column":34},"end":{"line":304,"column":null}}]},"31":{"loc":{"start":{"line":323,"column":9},"end":{"line":323,"column":null}},"type":"binary-expr","locations":[{"start":{"line":323,"column":9},"end":{"line":323,"column":null}}]},"32":{"loc":{"start":{"line":326,"column":49},"end":{"line":326,"column":95}},"type":"cond-expr","locations":[{"start":{"line":326,"column":58},"end":{"line":326,"column":91}},{"start":{"line":326,"column":91},"end":{"line":326,"column":95}}]},"33":{"loc":{"start":{"line":328,"column":24},"end":{"line":328,"column":null}},"type":"binary-expr","locations":[{"start":{"line":328,"column":24},"end":{"line":328,"column":48}},{"start":{"line":328,"column":48},"end":{"line":328,"column":null}}]},"34":{"loc":{"start":{"line":329,"column":26},"end":{"line":329,"column":null}},"type":"cond-expr","locations":[{"start":{"line":329,"column":35},"end":{"line":329,"column":43}},{"start":{"line":329,"column":43},"end":{"line":329,"column":null}}]},"35":{"loc":{"start":{"line":330,"column":21},"end":{"line":330,"column":null}},"type":"cond-expr","locations":[{"start":{"line":330,"column":30},"end":{"line":330,"column":38}},{"start":{"line":330,"column":38},"end":{"line":330,"column":null}}]},"36":{"loc":{"start":{"line":333,"column":16},"end":{"line":338,"column":null}},"type":"cond-expr","locations":[{"start":{"line":333,"column":16},"end":{"line":338,"column":null}}]}},"s":{"0":34,"1":2,"2":2,"3":2,"4":2,"5":2,"6":36,"7":36,"8":0,"9":0,"10":0,"11":36,"12":2,"13":36,"14":36,"15":1,"16":1,"17":0,"18":36,"19":3,"20":3,"21":2,"22":2,"23":2,"24":0,"25":1,"26":36,"27":36,"28":35,"29":34,"30":34,"31":34,"32":34,"33":34,"34":34,"35":38,"36":32,"37":32,"38":1,"39":32,"40":1,"41":32,"42":1,"43":32,"44":32,"45":34,"46":41,"47":2,"48":1,"49":1,"50":1,"51":1,"52":1,"53":1,"54":39,"55":3,"56":36,"57":2,"58":2,"59":2,"60":2,"61":2,"62":1,"63":1,"64":1,"65":0,"66":0,"67":0,"68":0,"69":0,"70":0,"71":0,"72":34,"73":0,"74":34,"75":34,"76":34,"77":36,"78":36,"79":29,"80":36,"81":36,"82":36,"83":36,"84":36,"85":2},"f":{"0":36,"1":0,"2":0,"3":36,"4":1,"5":3,"6":0,"7":36,"8":38,"9":1,"10":1,"11":1,"12":41,"13":36},"b":{"0":[0],"1":[0,0,0],"2":[29],"3":[35],"4":[35],"5":[35],"6":[34],"7":[35],"8":[30],"9":[1],"10":[1],"11":[1],"12":[32],"13":[2,39],"14":[1,1],"15":[3,36],"16":[2,34],"17":[2,0],"18":[1,1],"19":[1,0],"20":[0,0],"21":[0,0],"22":[0,0],"23":[0,34],"24":[0],"25":[29],"26":[2,34],"27":[36,35],"28":[34],"29":[34],"30":[34,33],"31":[36],"32":[2,33],"33":[35,32],"34":[2,33],"35":[2,33],"36":[2]}}
,"/Users/a123/前端项目/react-ui-library/packages/ui/src/components/AIMessage/index.ts": {"path":"/Users/a123/前端项目/react-ui-library/packages/ui/src/components/AIMessage/index.ts","statementMap":{"0":{"start":{"line":1,"column":9},"end":{"line":1,"column":26}},"1":{"start":{"line":1,"column":26},"end":{"line":1,"column":null}}},"fnMap":{},"branchMap":{},"s":{"0":0,"1":1},"f":{},"b":{}}
,"/Users/a123/前端项目/react-ui-library/packages/ui/src/components/AIPromptInput/AIPromptInput.stories.tsx": {"path":"/Users/a123/前端项目/react-ui-library/packages/ui/src/components/AIPromptInput/AIPromptInput.stories.tsx","statementMap":{"0":{"start":{"line":6,"column":41},"end":{"line":86,"column":null}},"1":{"start":{"line":92,"column":44},"end":{"line":123,"column":null}},"2":{"start":{"line":125,"column":40},"end":{"line":158,"column":null}},"3":{"start":{"line":160,"column":22},"end":{"line":185,"column":null}},"4":{"start":{"line":187,"column":20},"end":{"line":193,"column":null}},"5":{"start":{"line":196,"column":28},"end":{"line":202,"column":2}},"6":{"start":{"line":205,"column":38},"end":{"line":214,"column":2}},"7":{"start":{"line":217,"column":34},"end":{"line":226,"column":2}},"8":{"start":{"line":229,"column":36},"end":{"line":237,"column":2}},"9":{"start":{"line":240,"column":36},"end":{"line":249,"column":2}},"10":{"start":{"line":252,"column":35},"end":{"line":268,"column":2}},"11":{"start":{"line":271,"column":28},"end":{"line":291,"column":2}},"12":{"start":{"line":294,"column":31},"end":{"line":314,"column":2}},"13":{"start":{"line":317,"column":29},"end":{"line":346,"column":2}},"14":{"start":{"line":349,"column":33},"end":{"line":412,"column":2}},"15":{"start":{"line":351,"column":30},"end":{"line":351,"column":null}},"16":{"start":{"line":352,"column":34},"end":{"line":352,"column":null}},"17":{"start":{"line":354,"column":25},"end":{"line":356,"column":null}},"18":{"start":{"line":355,"column":6},"end":{"line":355,"column":null}},"19":{"start":{"line":358,"column":24},"end":{"line":364,"column":null}},"20":{"start":{"line":359,"column":6},"end":{"line":363,"column":null}},"21":{"start":{"line":360,"column":8},"end":{"line":360,"column":null}},"22":{"start":{"line":360,"column":27},"end":{"line":360,"column":null}},"23":{"start":{"line":361,"column":8},"end":{"line":361,"column":null}},"24":{"start":{"line":362,"column":8},"end":{"line":362,"column":null}},"25":{"start":{"line":366,"column":29},"end":{"line":368,"column":null}},"26":{"start":{"line":367,"column":6},"end":{"line":367,"column":null}},"27":{"start":{"line":367,"column":25},"end":{"line":367,"column":null}},"28":{"start":{"line":367,"column":52},"end":{"line":367,"column":64}},"29":{"start":{"line":370,"column":31},"end":{"line":372,"column":null}},"30":{"start":{"line":371,"column":6},"end":{"line":371,"column":null}},"31":{"start":{"line":402,"column":16},"end":{"line":402,"column":32}},"32":{"start":{"line":415,"column":36},"end":{"line":435,"column":2}},"33":{"start":{"line":438,"column":33},"end":{"line":470,"column":2}}},"fnMap":{"0":{"name":"(anonymous_3)","decl":{"start":{"line":350,"column":10},"end":{"line":350,"column":null}},"loc":{"start":{"line":350,"column":10},"end":{"line":411,"column":null}}},"1":{"name":"(anonymous_4)","decl":{"start":{"line":354,"column":25},"end":{"line":354,"column":26}},"loc":{"start":{"line":354,"column":26},"end":{"line":356,"column":null}}},"2":{"name":"(anonymous_5)","decl":{"start":{"line":358,"column":24},"end":{"line":358,"column":25}},"loc":{"start":{"line":358,"column":25},"end":{"line":364,"column":null}}},"3":{"name":"(anonymous_6)","decl":{"start":{"line":360,"column":19},"end":{"line":360,"column":27}},"loc":{"start":{"line":360,"column":27},"end":{"line":360,"column":null}}},"4":{"name":"(anonymous_7)","decl":{"start":{"line":366,"column":29},"end":{"line":366,"column":30}},"loc":{"start":{"line":366,"column":30},"end":{"line":368,"column":null}}},"5":{"name":"(anonymous_8)","decl":{"start":{"line":367,"column":17},"end":{"line":367,"column":25}},"loc":{"start":{"line":367,"column":25},"end":{"line":367,"column":null}}},"6":{"name":"(anonymous_9)","decl":{"start":{"line":367,"column":47},"end":{"line":367,"column":52}},"loc":{"start":{"line":367,"column":52},"end":{"line":367,"column":64}}},"7":{"name":"(anonymous_10)","decl":{"start":{"line":370,"column":31},"end":{"line":370,"column":null}},"loc":{"start":{"line":370,"column":31},"end":{"line":372,"column":null}}},"8":{"name":"(anonymous_11)","decl":{"start":{"line":401,"column":27},"end":{"line":401,"column":28}},"loc":{"start":{"line":402,"column":16},"end":{"line":402,"column":32}}}},"branchMap":{"0":{"loc":{"start":{"line":359,"column":6},"end":{"line":363,"column":null}},"type":"if","locations":[{"start":{"line":359,"column":6},"end":{"line":363,"column":null}}]},"1":{"loc":{"start":{"line":397,"column":62},"end":{"line":397,"column":null}},"type":"binary-expr","locations":[{"start":{"line":397,"column":62},"end":{"line":397,"column":71}},{"start":{"line":397,"column":71},"end":{"line":397,"column":null}}]},"2":{"loc":{"start":{"line":400,"column":12},"end":{"line":406,"column":13}},"type":"cond-expr","locations":[{"start":{"line":400,"column":12},"end":{"line":406,"column":13}}]}},"s":{"0":0,"1":0,"2":0,"3":0,"4":0,"5":0,"6":0,"7":0,"8":0,"9":0,"10":0,"11":0,"12":0,"13":0,"14":0,"15":0,"16":0,"17":0,"18":0,"19":0,"20":0,"21":0,"22":0,"23":0,"24":0,"25":0,"26":0,"27":0,"28":0,"29":0,"30":0,"31":0,"32":0,"33":0},"f":{"0":0,"1":0,"2":0,"3":0,"4":0,"5":0,"6":0,"7":0,"8":0},"b":{"0":[0],"1":[0,0],"2":[0]}}
,"/Users/a123/前端项目/react-ui-library/packages/ui/src/components/AIPromptInput/AIPromptInput.tsx": {"path":"/Users/a123/前端项目/react-ui-library/packages/ui/src/components/AIPromptInput/AIPromptInput.tsx","statementMap":{"0":{"start":{"line":101,"column":13},"end":{"line":101,"column":59}},"1":{"start":{"line":1,"column":73},"end":{"line":1,"column":null}},"2":{"start":{"line":2,"column":48},"end":{"line":2,"column":null}},"3":{"start":{"line":3,"column":7},"end":{"line":3,"column":null}},"4":{"start":{"line":101,"column":59},"end":{"line":632,"column":null}},"5":{"start":{"line":139,"column":38},"end":{"line":139,"column":null}},"6":{"start":{"line":140,"column":36},"end":{"line":140,"column":null}},"7":{"start":{"line":141,"column":58},"end":{"line":141,"column":null}},"8":{"start":{"line":142,"column":50},"end":{"line":142,"column":null}},"9":{"start":{"line":143,"column":54},"end":{"line":143,"column":null}},"10":{"start":{"line":144,"column":54},"end":{"line":144,"column":null}},"11":{"start":{"line":145,"column":44},"end":{"line":145,"column":null}},"12":{"start":{"line":146,"column":56},"end":{"line":146,"column":null}},"13":{"start":{"line":147,"column":52},"end":{"line":147,"column":null}},"14":{"start":{"line":148,"column":52},"end":{"line":148,"column":null}},"15":{"start":{"line":150,"column":19},"end":{"line":150,"column":null}},"16":{"start":{"line":151,"column":25},"end":{"line":151,"column":null}},"17":{"start":{"line":152,"column":21},"end":{"line":152,"column":null}},"18":{"start":{"line":153,"column":23},"end":{"line":153,"column":null}},"19":{"start":{"line":154,"column":23},"end":{"line":154,"column":null}},"20":{"start":{"line":157,"column":2},"end":{"line":161,"column":null}},"21":{"start":{"line":158,"column":4},"end":{"line":160,"column":null}},"22":{"start":{"line":159,"column":6},"end":{"line":159,"column":null}},"23":{"start":{"line":164,"column":2},"end":{"line":173,"column":null}},"24":{"start":{"line":165,"column":4},"end":{"line":172,"column":null}},"25":{"start":{"line":166,"column":23},"end":{"line":168,"column":null}},"26":{"start":{"line":167,"column":8},"end":{"line":167,"column":null}},"27":{"start":{"line":169,"column":6},"end":{"line":169,"column":null}},"28":{"start":{"line":171,"column":6},"end":{"line":171,"column":null}},"29":{"start":{"line":176,"column":2},"end":{"line":187,"column":null}},"30":{"start":{"line":177,"column":4},"end":{"line":186,"column":null}},"31":{"start":{"line":178,"column":23},"end":{"line":182,"column":null}},"32":{"start":{"line":179,"column":8},"end":{"line":181,"column":null}},"33":{"start":{"line":181,"column":34},"end":{"line":181,"column":null}},"34":{"start":{"line":183,"column":6},"end":{"line":183,"column":null}},"35":{"start":{"line":185,"column":6},"end":{"line":185,"column":null}},"36":{"start":{"line":190,"column":2},"end":{"line":202,"column":null}},"37":{"start":{"line":191,"column":4},"end":{"line":201,"column":null}},"38":{"start":{"line":192,"column":20},"end":{"line":192,"column":null}},"39":{"start":{"line":193,"column":23},"end":{"line":197,"column":null}},"40":{"start":{"line":194,"column":8},"end":{"line":196,"column":null}},"41":{"start":{"line":198,"column":6},"end":{"line":198,"column":null}},"42":{"start":{"line":200,"column":6},"end":{"line":200,"column":null}},"43":{"start":{"line":205,"column":28},"end":{"line":230,"column":null}},"44":{"start":{"line":206,"column":21},"end":{"line":206,"column":35}},"45":{"start":{"line":207,"column":4},"end":{"line":207,"column":null}},"46":{"start":{"line":208,"column":4},"end":{"line":208,"column":null}},"47":{"start":{"line":211,"column":4},"end":{"line":211,"column":null}},"48":{"start":{"line":214,"column":4},"end":{"line":229,"column":null}},"49":{"start":{"line":215,"column":6},"end":{"line":215,"column":null}},"50":{"start":{"line":216,"column":6},"end":{"line":216,"column":null}},"51":{"start":{"line":217,"column":6},"end":{"line":217,"column":null}},"52":{"start":{"line":218,"column":6},"end":{"line":218,"column":null}},"53":{"start":{"line":219,"column":11},"end":{"line":229,"column":null}},"54":{"start":{"line":220,"column":6},"end":{"line":220,"column":null}},"55":{"start":{"line":221,"column":6},"end":{"line":221,"column":null}},"56":{"start":{"line":222,"column":6},"end":{"line":222,"column":null}},"57":{"start":{"line":223,"column":6},"end":{"line":223,"column":null}},"58":{"start":{"line":225,"column":6},"end":{"line":225,"column":null}},"59":{"start":{"line":226,"column":6},"end":{"line":226,"column":null}},"60":{"start":{"line":227,"column":6},"end":{"line":227,"column":null}},"61":{"start":{"line":228,"column":6},"end":{"line":228,"column":null}},"62":{"start":{"line":233,"column":22},"end":{"line":241,"column":null}},"63":{"start":{"line":234,"column":4},"end":{"line":234,"column":null}},"64":{"start":{"line":235,"column":4},"end":{"line":235,"column":null}},"65":{"start":{"line":238,"column":4},"end":{"line":240,"column":null}},"66":{"start":{"line":239,"column":6},"end":{"line":239,"column":null}},"67":{"start":{"line":244,"column":21},"end":{"line":256,"column":null}},"68":{"start":{"line":245,"column":4},"end":{"line":245,"column":null}},"69":{"start":{"line":246,"column":4},"end":{"line":246,"column":null}},"70":{"start":{"line":249,"column":4},"end":{"line":255,"column":null}},"71":{"start":{"line":250,"column":6},"end":{"line":250,"column":null}},"72":{"start":{"line":251,"column":6},"end":{"line":251,"column":null}},"73":{"start":{"line":252,"column":6},"end":{"line":252,"column":null}},"74":{"start":{"line":253,"column":6},"end":{"line":253,"column":null}},"75":{"start":{"line":254,"column":6},"end":{"line":254,"column":null}},"76":{"start":{"line":259,"column":24},"end":{"line":323,"column":null}},"77":{"start":{"line":260,"column":4},"end":{"line":318,"column":null}},"78":{"start":{"line":261,"column":6},"end":{"line":261,"column":null}},"79":{"start":{"line":262,"column":6},"end":{"line":262,"column":null}},"80":{"start":{"line":265,"column":6},"end":{"line":267,"column":null}},"81":{"start":{"line":266,"column":8},"end":{"line":266,"column":null}},"82":{"start":{"line":270,"column":6},"end":{"line":270,"column":null}},"83":{"start":{"line":271,"column":6},"end":{"line":271,"column":null}},"84":{"start":{"line":272,"column":6},"end":{"line":272,"column":null}},"85":{"start":{"line":273,"column":6},"end":{"line":273,"column":null}},"86":{"start":{"line":274,"column":6},"end":{"line":274,"column":null}},"87":{"start":{"line":275,"column":11},"end":{"line":318,"column":null}},"88":{"start":{"line":276,"column":6},"end":{"line":276,"column":null}},"89":{"start":{"line":277,"column":6},"end":{"line":277,"column":null}},"90":{"start":{"line":278,"column":6},"end":{"line":278,"column":null}},"91":{"start":{"line":279,"column":6},"end":{"line":279,"column":null}},"92":{"start":{"line":280,"column":6},"end":{"line":280,"column":null}},"93":{"start":{"line":281,"column":6},"end":{"line":281,"column":null}},"94":{"start":{"line":282,"column":11},"end":{"line":318,"column":null}},"95":{"start":{"line":283,"column":6},"end":{"line":283,"column":null}},"96":{"start":{"line":284,"column":28},"end":{"line":289,"column":null}},"97":{"start":{"line":291,"column":6},"end":{"line":299,"column":null}},"98":{"start":{"line":292,"column":25},"end":{"line":296,"column":null}},"99":{"start":{"line":298,"column":8},"end":{"line":298,"column":null}},"100":{"start":{"line":298,"column":33},"end":{"line":298,"column":null}},"101":{"start":{"line":300,"column":11},"end":{"line":318,"column":null}},"102":{"start":{"line":301,"column":6},"end":{"line":301,"column":null}},"103":{"start":{"line":302,"column":28},"end":{"line":307,"column":null}},"104":{"start":{"line":309,"column":6},"end":{"line":317,"column":null}},"105":{"start":{"line":310,"column":25},"end":{"line":314,"column":null}},"106":{"start":{"line":316,"column":8},"end":{"line":316,"column":null}},"107":{"start":{"line":316,"column":33},"end":{"line":316,"column":null}},"108":{"start":{"line":326,"column":33},"end":{"line":333,"column":null}},"109":{"start":{"line":327,"column":4},"end":{"line":327,"column":null}},"110":{"start":{"line":328,"column":4},"end":{"line":328,"column":null}},"111":{"start":{"line":329,"column":4},"end":{"line":329,"column":null}},"112":{"start":{"line":330,"column":4},"end":{"line":330,"column":null}},"113":{"start":{"line":331,"column":4},"end":{"line":331,"column":null}},"114":{"start":{"line":332,"column":4},"end":{"line":332,"column":null}},"115":{"start":{"line":336,"column":31},"end":{"line":343,"column":null}},"116":{"start":{"line":337,"column":4},"end":{"line":337,"column":null}},"117":{"start":{"line":338,"column":4},"end":{"line":338,"column":null}},"118":{"start":{"line":339,"column":4},"end":{"line":339,"column":null}},"119":{"start":{"line":340,"column":4},"end":{"line":340,"column":null}},"120":{"start":{"line":341,"column":4},"end":{"line":341,"column":null}},"121":{"start":{"line":342,"column":4},"end":{"line":342,"column":null}},"122":{"start":{"line":346,"column":31},"end":{"line":353,"column":null}},"123":{"start":{"line":347,"column":4},"end":{"line":347,"column":null}},"124":{"start":{"line":348,"column":4},"end":{"line":348,"column":null}},"125":{"start":{"line":349,"column":4},"end":{"line":349,"column":null}},"126":{"start":{"line":350,"column":4},"end":{"line":350,"column":null}},"127":{"start":{"line":351,"column":4},"end":{"line":351,"column":null}},"128":{"start":{"line":352,"column":4},"end":{"line":352,"column":null}},"129":{"start":{"line":356,"column":30},"end":{"line":362,"column":null}},"130":{"start":{"line":357,"column":4},"end":{"line":357,"column":null}},"131":{"start":{"line":358,"column":4},"end":{"line":358,"column":null}},"132":{"start":{"line":359,"column":4},"end":{"line":359,"column":null}},"133":{"start":{"line":360,"column":4},"end":{"line":360,"column":null}},"134":{"start":{"line":361,"column":4},"end":{"line":361,"column":null}},"135":{"start":{"line":365,"column":22},"end":{"line":374,"column":null}},"136":{"start":{"line":366,"column":4},"end":{"line":366,"column":null}},"137":{"start":{"line":367,"column":4},"end":{"line":367,"column":null}},"138":{"start":{"line":368,"column":4},"end":{"line":368,"column":null}},"139":{"start":{"line":369,"column":4},"end":{"line":369,"column":null}},"140":{"start":{"line":370,"column":4},"end":{"line":370,"column":null}},"141":{"start":{"line":371,"column":4},"end":{"line":371,"column":null}},"142":{"start":{"line":372,"column":4},"end":{"line":372,"column":null}},"143":{"start":{"line":373,"column":4},"end":{"line":373,"column":null}},"144":{"start":{"line":377,"column":29},"end":{"line":383,"column":null}},"145":{"start":{"line":378,"column":4},"end":{"line":378,"column":null}},"146":{"start":{"line":379,"column":4},"end":{"line":379,"column":null}},"147":{"start":{"line":380,"column":4},"end":{"line":380,"column":null}},"148":{"start":{"line":381,"column":4},"end":{"line":381,"column":null}},"149":{"start":{"line":382,"column":4},"end":{"line":382,"column":null}},"150":{"start":{"line":386,"column":31},"end":{"line":392,"column":null}},"151":{"start":{"line":387,"column":4},"end":{"line":387,"column":null}},"152":{"start":{"line":388,"column":4},"end":{"line":388,"column":null}},"153":{"start":{"line":389,"column":4},"end":{"line":389,"column":null}},"154":{"start":{"line":390,"column":4},"end":{"line":390,"column":null}},"155":{"start":{"line":391,"column":4},"end":{"line":391,"column":null}},"156":{"start":{"line":395,"column":29},"end":{"line":404,"column":null}},"157":{"start":{"line":396,"column":22},"end":{"line":396,"column":null}},"158":{"start":{"line":397,"column":22},"end":{"line":397,"column":48}},"159":{"start":{"line":398,"column":25},"end":{"line":398,"column":54}},"160":{"start":{"line":399,"column":23},"end":{"line":399,"column":null}},"161":{"start":{"line":400,"column":23},"end":{"line":400,"column":null}},"162":{"start":{"line":401,"column":26},"end":{"line":401,"column":null}},"163":{"start":{"line":403,"column":4},"end":{"line":403,"column":null}},"164":{"start":{"line":407,"column":33},"end":{"line":437,"column":null}},"165":{"start":{"line":408,"column":4},"end":{"line":408,"column":null}},"166":{"start":{"line":408,"column":67},"end":{"line":408,"column":null}},"167":{"start":{"line":418,"column":12},"end":{"line":419,"column":null}},"168":{"start":{"line":423,"column":29},"end":{"line":423,"column":null}},"169":{"start":{"line":440,"column":29},"end":{"line":472,"column":null}},"170":{"start":{"line":441,"column":4},"end":{"line":441,"column":null}},"171":{"start":{"line":441,"column":51},"end":{"line":441,"column":null}},"172":{"start":{"line":458,"column":12},"end":{"line":459,"column":null}},"173":{"start":{"line":463,"column":29},"end":{"line":463,"column":null}},"174":{"start":{"line":475,"column":31},"end":{"line":514,"column":null}},"175":{"start":{"line":476,"column":4},"end":{"line":476,"column":null}},"176":{"start":{"line":476,"column":29},"end":{"line":476,"column":null}},"177":{"start":{"line":478,"column":29},"end":{"line":480,"column":null}},"178":{"start":{"line":482,"column":4},"end":{"line":482,"column":null}},"179":{"start":{"line":482,"column":39},"end":{"line":482,"column":null}},"180":{"start":{"line":492,"column":12},"end":{"line":493,"column":null}},"181":{"start":{"line":497,"column":29},"end":{"line":497,"column":null}},"182":{"start":{"line":506,"column":18},"end":{"line":506,"column":34}},"183":{"start":{"line":517,"column":31},"end":{"line":543,"column":null}},"184":{"start":{"line":518,"column":4},"end":{"line":518,"column":null}},"185":{"start":{"line":518,"column":63},"end":{"line":518,"column":null}},"186":{"start":{"line":528,"column":12},"end":{"line":529,"column":null}},"187":{"start":{"line":533,"column":29},"end":{"line":533,"column":null}}},"fnMap":{"0":{"name":"(anonymous_4)","decl":{"start":{"line":101,"column":59},"end":{"line":101,"column":60}},"loc":{"start":{"line":138,"column":1},"end":{"line":632,"column":null}}},"1":{"name":"(anonymous_5)","decl":{"start":{"line":157,"column":12},"end":{"line":157,"column":null}},"loc":{"start":{"line":157,"column":12},"end":{"line":161,"column":5}}},"2":{"name":"(anonymous_6)","decl":{"start":{"line":164,"column":12},"end":{"line":164,"column":null}},"loc":{"start":{"line":164,"column":12},"end":{"line":173,"column":5}}},"3":{"name":"(anonymous_7)","decl":{"start":{"line":166,"column":42},"end":{"line":166,"column":null}},"loc":{"start":{"line":167,"column":8},"end":{"line":167,"column":null}}},"4":{"name":"(anonymous_8)","decl":{"start":{"line":176,"column":12},"end":{"line":176,"column":null}},"loc":{"start":{"line":176,"column":12},"end":{"line":187,"column":5}}},"5":{"name":"(anonymous_9)","decl":{"start":{"line":178,"column":40},"end":{"line":178,"column":null}},"loc":{"start":{"line":179,"column":8},"end":{"line":181,"column":null}}},"6":{"name":"(anonymous_10)","decl":{"start":{"line":181,"column":27},"end":{"line":181,"column":34}},"loc":{"start":{"line":181,"column":34},"end":{"line":181,"column":null}}},"7":{"name":"(anonymous_11)","decl":{"start":{"line":190,"column":12},"end":{"line":190,"column":null}},"loc":{"start":{"line":190,"column":12},"end":{"line":202,"column":5}}},"8":{"name":"(anonymous_12)","decl":{"start":{"line":193,"column":40},"end":{"line":193,"column":null}},"loc":{"start":{"line":194,"column":8},"end":{"line":196,"column":null}}},"9":{"name":"(anonymous_13)","decl":{"start":{"line":205,"column":40},"end":{"line":205,"column":41}},"loc":{"start":{"line":205,"column":41},"end":{"line":230,"column":5}}},"10":{"name":"(anonymous_14)","decl":{"start":{"line":233,"column":34},"end":{"line":233,"column":35}},"loc":{"start":{"line":233,"column":35},"end":{"line":241,"column":5}}},"11":{"name":"(anonymous_15)","decl":{"start":{"line":244,"column":33},"end":{"line":244,"column":34}},"loc":{"start":{"line":244,"column":34},"end":{"line":256,"column":5}}},"12":{"name":"(anonymous_16)","decl":{"start":{"line":249,"column":15},"end":{"line":249,"column":null}},"loc":{"start":{"line":249,"column":15},"end":{"line":255,"column":7}}},"13":{"name":"(anonymous_17)","decl":{"start":{"line":259,"column":36},"end":{"line":259,"column":37}},"loc":{"start":{"line":259,"column":37},"end":{"line":319,"column":5}}},"14":{"name":"(anonymous_18)","decl":{"start":{"line":298,"column":25},"end":{"line":298,"column":33}},"loc":{"start":{"line":298,"column":33},"end":{"line":298,"column":null}}},"15":{"name":"(anonymous_19)","decl":{"start":{"line":316,"column":25},"end":{"line":316,"column":33}},"loc":{"start":{"line":316,"column":33},"end":{"line":316,"column":null}}},"16":{"name":"(anonymous_20)","decl":{"start":{"line":326,"column":45},"end":{"line":326,"column":46}},"loc":{"start":{"line":326,"column":46},"end":{"line":333,"column":5}}},"17":{"name":"(anonymous_21)","decl":{"start":{"line":336,"column":43},"end":{"line":336,"column":44}},"loc":{"start":{"line":336,"column":44},"end":{"line":343,"column":5}}},"18":{"name":"(anonymous_22)","decl":{"start":{"line":346,"column":43},"end":{"line":346,"column":44}},"loc":{"start":{"line":346,"column":44},"end":{"line":353,"column":5}}},"19":{"name":"(anonymous_23)","decl":{"start":{"line":356,"column":42},"end":{"line":356,"column":43}},"loc":{"start":{"line":356,"column":43},"end":{"line":362,"column":5}}},"20":{"name":"(anonymous_24)","decl":{"start":{"line":365,"column":34},"end":{"line":365,"column":null}},"loc":{"start":{"line":365,"column":34},"end":{"line":374,"column":5}}},"21":{"name":"(anonymous_25)","decl":{"start":{"line":377,"column":41},"end":{"line":377,"column":null}},"loc":{"start":{"line":377,"column":41},"end":{"line":383,"column":5}}},"22":{"name":"(anonymous_26)","decl":{"start":{"line":386,"column":43},"end":{"line":386,"column":null}},"loc":{"start":{"line":386,"column":43},"end":{"line":392,"column":5}}},"23":{"name":"(anonymous_27)","decl":{"start":{"line":395,"column":37},"end":{"line":395,"column":null}},"loc":{"start":{"line":395,"column":37},"end":{"line":404,"column":5}}},"24":{"name":"(anonymous_28)","decl":{"start":{"line":407,"column":33},"end":{"line":407,"column":null}},"loc":{"start":{"line":407,"column":33},"end":{"line":437,"column":null}}},"25":{"name":"(anonymous_29)","decl":{"start":{"line":417,"column":35},"end":{"line":417,"column":36}},"loc":{"start":{"line":418,"column":12},"end":{"line":419,"column":null}}},"26":{"name":"(anonymous_30)","decl":{"start":{"line":423,"column":23},"end":{"line":423,"column":29}},"loc":{"start":{"line":423,"column":29},"end":{"line":423,"column":null}}},"27":{"name":"(anonymous_31)","decl":{"start":{"line":440,"column":29},"end":{"line":440,"column":null}},"loc":{"start":{"line":440,"column":29},"end":{"line":472,"column":null}}},"28":{"name":"(anonymous_32)","decl":{"start":{"line":457,"column":49},"end":{"line":457,"column":50}},"loc":{"start":{"line":458,"column":12},"end":{"line":459,"column":null}}},"29":{"name":"(anonymous_33)","decl":{"start":{"line":463,"column":23},"end":{"line":463,"column":29}},"loc":{"start":{"line":463,"column":29},"end":{"line":463,"column":null}}},"30":{"name":"(anonymous_34)","decl":{"start":{"line":475,"column":31},"end":{"line":475,"column":null}},"loc":{"start":{"line":475,"column":31},"end":{"line":514,"column":null}}},"31":{"name":"(anonymous_35)","decl":{"start":{"line":491,"column":32},"end":{"line":491,"column":33}},"loc":{"start":{"line":492,"column":12},"end":{"line":493,"column":null}}},"32":{"name":"(anonymous_36)","decl":{"start":{"line":497,"column":23},"end":{"line":497,"column":29}},"loc":{"start":{"line":497,"column":29},"end":{"line":497,"column":null}}},"33":{"name":"(anonymous_37)","decl":{"start":{"line":505,"column":47},"end":{"line":505,"column":null}},"loc":{"start":{"line":506,"column":18},"end":{"line":506,"column":34}}},"34":{"name":"(anonymous_38)","decl":{"start":{"line":517,"column":31},"end":{"line":517,"column":null}},"loc":{"start":{"line":517,"column":31},"end":{"line":543,"column":null}}},"35":{"name":"(anonymous_39)","decl":{"start":{"line":527,"column":33},"end":{"line":527,"column":34}},"loc":{"start":{"line":528,"column":12},"end":{"line":529,"column":null}}},"36":{"name":"(anonymous_40)","decl":{"start":{"line":533,"column":23},"end":{"line":533,"column":29}},"loc":{"start":{"line":533,"column":29},"end":{"line":533,"column":null}}}},"branchMap":{"0":{"loc":{"start":{"line":103,"column":2},"end":{"line":103,"column":19}},"type":"default-arg","locations":[{"start":{"line":103,"column":17},"end":{"line":103,"column":19}}]},"1":{"loc":{"start":{"line":104,"column":2},"end":{"line":104,"column":27}},"type":"default-arg","locations":[{"start":{"line":104,"column":16},"end":{"line":104,"column":27}}]},"2":{"loc":{"start":{"line":105,"column":2},"end":{"line":105,"column":18}},"type":"default-arg","locations":[{"start":{"line":105,"column":13},"end":{"line":105,"column":18}}]},"3":{"loc":{"start":{"line":106,"column":2},"end":{"line":106,"column":18}},"type":"default-arg","locations":[{"start":{"line":106,"column":13},"end":{"line":106,"column":18}}]},"4":{"loc":{"start":{"line":107,"column":2},"end":{"line":107,"column":13}},"type":"default-arg","locations":[{"start":{"line":107,"column":9},"end":{"line":107,"column":13}}]},"5":{"loc":{"start":{"line":108,"column":2},"end":{"line":108,"column":21}},"type":"default-arg","locations":[{"start":{"line":108,"column":12},"end":{"line":108,"column":21}}]},"6":{"loc":{"start":{"line":109,"column":2},"end":{"line":109,"column":18}},"type":"default-arg","locations":[{"start":{"line":109,"column":14},"end":{"line":109,"column":18}}]},"7":{"loc":{"start":{"line":110,"column":2},"end":{"line":110,"column":20}},"type":"default-arg","locations":[{"start":{"line":110,"column":16},"end":{"line":110,"column":20}}]},"8":{"loc":{"start":{"line":111,"column":2},"end":{"line":111,"column":22}},"type":"default-arg","locations":[{"start":{"line":111,"column":18},"end":{"line":111,"column":22}}]},"9":{"loc":{"start":{"line":112,"column":2},"end":{"line":112,"column":22}},"type":"default-arg","locations":[{"start":{"line":112,"column":18},"end":{"line":112,"column":22}}]},"10":{"loc":{"start":{"line":113,"column":2},"end":{"line":113,"column":24}},"type":"default-arg","locations":[{"start":{"line":113,"column":20},"end":{"line":113,"column":24}}]},"11":{"loc":{"start":{"line":114,"column":2},"end":{"line":114,"column":22}},"type":"default-arg","locations":[{"start":{"line":114,"column":20},"end":{"line":114,"column":22}}]},"12":{"loc":{"start":{"line":115,"column":2},"end":{"line":115,"column":20}},"type":"default-arg","locations":[{"start":{"line":115,"column":19},"end":{"line":115,"column":20}}]},"13":{"loc":{"start":{"line":116,"column":2},"end":{"line":116,"column":28}},"type":"default-arg","locations":[{"start":{"line":116,"column":27},"end":{"line":116,"column":28}}]},"14":{"loc":{"start":{"line":117,"column":2},"end":{"line":117,"column":23}},"type":"default-arg","locations":[{"start":{"line":117,"column":20},"end":{"line":117,"column":23}}]},"15":{"loc":{"start":{"line":118,"column":2},"end":{"line":118,"column":14}},"type":"default-arg","locations":[{"start":{"line":118,"column":12},"end":{"line":118,"column":14}}]},"16":{"loc":{"start":{"line":119,"column":2},"end":{"line":119,"column":18}},"type":"default-arg","locations":[{"start":{"line":119,"column":16},"end":{"line":119,"column":18}}]},"17":{"loc":{"start":{"line":120,"column":2},"end":{"line":120,"column":16}},"type":"default-arg","locations":[{"start":{"line":120,"column":14},"end":{"line":120,"column":16}}]},"18":{"loc":{"start":{"line":121,"column":2},"end":{"line":121,"column":16}},"type":"default-arg","locations":[{"start":{"line":121,"column":14},"end":{"line":121,"column":16}}]},"19":{"loc":{"start":{"line":123,"column":2},"end":{"line":123,"column":18}},"type":"default-arg","locations":[{"start":{"line":123,"column":13},"end":{"line":123,"column":18}}]},"20":{"loc":{"start":{"line":126,"column":2},"end":{"line":126,"column":15}},"type":"default-arg","locations":[{"start":{"line":126,"column":10},"end":{"line":126,"column":15}}]},"21":{"loc":{"start":{"line":127,"column":2},"end":{"line":127,"column":16}},"type":"default-arg","locations":[{"start":{"line":127,"column":14},"end":{"line":127,"column":16}}]},"22":{"loc":{"start":{"line":139,"column":47},"end":{"line":139,"column":null}},"type":"binary-expr","locations":[{"start":{"line":139,"column":47},"end":{"line":139,"column":56}},{"start":{"line":139,"column":56},"end":{"line":139,"column":null}}]},"23":{"loc":{"start":{"line":158,"column":4},"end":{"line":160,"column":null}},"type":"if","locations":[{"start":{"line":158,"column":4},"end":{"line":160,"column":null}}]},"24":{"loc":{"start":{"line":165,"column":4},"end":{"line":172,"column":null}},"type":"if","locations":[{"start":{"line":165,"column":4},"end":{"line":172,"column":null}},{"start":{"line":170,"column":11},"end":{"line":172,"column":null}}]},"25":{"loc":{"start":{"line":177,"column":4},"end":{"line":186,"column":null}},"type":"if","locations":[{"start":{"line":177,"column":4},"end":{"line":186,"column":null}},{"start":{"line":184,"column":11},"end":{"line":186,"column":null}}]},"26":{"loc":{"start":{"line":179,"column":8},"end":{"line":181,"column":null}},"type":"binary-expr","locations":[{"start":{"line":179,"column":8},"end":{"line":179,"column":null}},{"start":{"line":180,"column":8},"end":{"line":180,"column":null}},{"start":{"line":181,"column":8},"end":{"line":181,"column":null}}]},"27":{"loc":{"start":{"line":191,"column":4},"end":{"line":201,"column":null}},"type":"if","locations":[{"start":{"line":191,"column":4},"end":{"line":201,"column":null}},{"start":{"line":199,"column":11},"end":{"line":201,"column":null}}]},"28":{"loc":{"start":{"line":194,"column":8},"end":{"line":196,"column":null}},"type":"binary-expr","locations":[{"start":{"line":194,"column":8},"end":{"line":194,"column":null}},{"start":{"line":195,"column":8},"end":{"line":195,"column":null}},{"start":{"line":196,"column":8},"end":{"line":196,"column":null}}]},"29":{"loc":{"start":{"line":214,"column":4},"end":{"line":229,"column":null}},"type":"if","locations":[{"start":{"line":214,"column":4},"end":{"line":229,"column":null}},{"start":{"line":219,"column":11},"end":{"line":229,"column":null}}]},"30":{"loc":{"start":{"line":214,"column":8},"end":{"line":214,"column":63}},"type":"binary-expr","locations":[{"start":{"line":214,"column":8},"end":{"line":214,"column":48}},{"start":{"line":214,"column":48},"end":{"line":214,"column":63}}]},"31":{"loc":{"start":{"line":219,"column":11},"end":{"line":229,"column":null}},"type":"if","locations":[{"start":{"line":219,"column":11},"end":{"line":229,"column":null}},{"start":{"line":224,"column":11},"end":{"line":229,"column":null}}]},"32":{"loc":{"start":{"line":219,"column":15},"end":{"line":219,"column":77}},"type":"binary-expr","locations":[{"start":{"line":219,"column":15},"end":{"line":219,"column":60}},{"start":{"line":219,"column":60},"end":{"line":219,"column":77}}]},"33":{"loc":{"start":{"line":238,"column":4},"end":{"line":240,"column":null}},"type":"if","locations":[{"start":{"line":238,"column":4},"end":{"line":240,"column":null}}]},"34":{"loc":{"start":{"line":238,"column":8},"end":{"line":238,"column":72}},"type":"binary-expr","locations":[{"start":{"line":238,"column":8},"end":{"line":238,"column":55}},{"start":{"line":238,"column":55},"end":{"line":238,"column":72}}]},"35":{"loc":{"start":{"line":260,"column":4},"end":{"line":318,"column":null}},"type":"if","locations":[{"start":{"line":260,"column":4},"end":{"line":318,"column":null}},{"start":{"line":275,"column":11},"end":{"line":318,"column":null}}]},"36":{"loc":{"start":{"line":265,"column":6},"end":{"line":267,"column":null}},"type":"if","locations":[{"start":{"line":265,"column":6},"end":{"line":267,"column":null}}]},"37":{"loc":{"start":{"line":265,"column":10},"end":{"line":265,"column":45}},"type":"binary-expr","locations":[{"start":{"line":265,"column":10},"end":{"line":265,"column":31}},{"start":{"line":265,"column":31},"end":{"line":265,"column":45}}]},"38":{"loc":{"start":{"line":275,"column":11},"end":{"line":318,"column":null}},"type":"if","locations":[{"start":{"line":275,"column":11},"end":{"line":318,"column":null}},{"start":{"line":282,"column":11},"end":{"line":318,"column":null}}]},"39":{"loc":{"start":{"line":282,"column":11},"end":{"line":318,"column":null}},"type":"if","locations":[{"start":{"line":282,"column":11},"end":{"line":318,"column":null}},{"start":{"line":300,"column":11},"end":{"line":318,"column":null}}]},"40":{"loc":{"start":{"line":285,"column":8},"end":{"line":285,"column":null}},"type":"binary-expr","locations":[{"start":{"line":285,"column":8},"end":{"line":285,"column":32}},{"start":{"line":285,"column":32},"end":{"line":285,"column":null}}]},"41":{"loc":{"start":{"line":286,"column":8},"end":{"line":286,"column":null}},"type":"binary-expr","locations":[{"start":{"line":286,"column":8},"end":{"line":286,"column":28}},{"start":{"line":286,"column":28},"end":{"line":286,"column":null}}]},"42":{"loc":{"start":{"line":287,"column":8},"end":{"line":287,"column":null}},"type":"binary-expr","locations":[{"start":{"line":287,"column":8},"end":{"line":287,"column":30}},{"start":{"line":287,"column":30},"end":{"line":287,"column":null}}]},"43":{"loc":{"start":{"line":288,"column":8},"end":{"line":288,"column":null}},"type":"binary-expr","locations":[{"start":{"line":288,"column":8},"end":{"line":288,"column":30}},{"start":{"line":288,"column":30},"end":{"line":288,"column":null}}]},"44":{"loc":{"start":{"line":291,"column":6},"end":{"line":299,"column":null}},"type":"if","locations":[{"start":{"line":291,"column":6},"end":{"line":299,"column":null}}]},"45":{"loc":{"start":{"line":293,"column":10},"end":{"line":293,"column":null}},"type":"cond-expr","locations":[{"start":{"line":293,"column":33},"end":{"line":293,"column":66}},{"start":{"line":293,"column":66},"end":{"line":293,"column":null}}]},"46":{"loc":{"start":{"line":294,"column":10},"end":{"line":294,"column":null}},"type":"cond-expr","locations":[{"start":{"line":294,"column":29},"end":{"line":294,"column":50}},{"start":{"line":294,"column":50},"end":{"line":294,"column":null}}]},"47":{"loc":{"start":{"line":295,"column":10},"end":{"line":295,"column":null}},"type":"cond-expr","locations":[{"start":{"line":295,"column":31},"end":{"line":295,"column":62}},{"start":{"line":295,"column":62},"end":{"line":295,"column":null}}]},"48":{"loc":{"start":{"line":296,"column":10},"end":{"line":296,"column":null}},"type":"cond-expr","locations":[{"start":{"line":296,"column":31},"end":{"line":296,"column":62}},{"start":{"line":296,"column":62},"end":{"line":296,"column":null}}]},"49":{"loc":{"start":{"line":298,"column":33},"end":{"line":298,"column":null}},"type":"cond-expr","locations":[{"start":{"line":298,"column":51},"end":{"line":298,"column":62}},{"start":{"line":298,"column":62},"end":{"line":298,"column":null}}]},"50":{"loc":{"start":{"line":300,"column":11},"end":{"line":318,"column":null}},"type":"if","locations":[{"start":{"line":300,"column":11},"end":{"line":318,"column":null}}]},"51":{"loc":{"start":{"line":303,"column":8},"end":{"line":303,"column":null}},"type":"binary-expr","locations":[{"start":{"line":303,"column":8},"end":{"line":303,"column":32}},{"start":{"line":303,"column":32},"end":{"line":303,"column":null}}]},"52":{"loc":{"start":{"line":304,"column":8},"end":{"line":304,"column":null}},"type":"binary-expr","locations":[{"start":{"line":304,"column":8},"end":{"line":304,"column":28}},{"start":{"line":304,"column":28},"end":{"line":304,"column":null}}]},"53":{"loc":{"start":{"line":305,"column":8},"end":{"line":305,"column":null}},"type":"binary-expr","locations":[{"start":{"line":305,"column":8},"end":{"line":305,"column":30}},{"start":{"line":305,"column":30},"end":{"line":305,"column":null}}]},"54":{"loc":{"start":{"line":306,"column":8},"end":{"line":306,"column":null}},"type":"binary-expr","locations":[{"start":{"line":306,"column":8},"end":{"line":306,"column":30}},{"start":{"line":306,"column":30},"end":{"line":306,"column":null}}]},"55":{"loc":{"start":{"line":309,"column":6},"end":{"line":317,"column":null}},"type":"if","locations":[{"start":{"line":309,"column":6},"end":{"line":317,"column":null}}]},"56":{"loc":{"start":{"line":311,"column":10},"end":{"line":311,"column":null}},"type":"cond-expr","locations":[{"start":{"line":311,"column":33},"end":{"line":311,"column":66}},{"start":{"line":311,"column":66},"end":{"line":311,"column":null}}]},"57":{"loc":{"start":{"line":312,"column":10},"end":{"line":312,"column":null}},"type":"cond-expr","locations":[{"start":{"line":312,"column":29},"end":{"line":312,"column":50}},{"start":{"line":312,"column":50},"end":{"line":312,"column":null}}]},"58":{"loc":{"start":{"line":313,"column":10},"end":{"line":313,"column":null}},"type":"cond-expr","locations":[{"start":{"line":313,"column":31},"end":{"line":313,"column":62}},{"start":{"line":313,"column":62},"end":{"line":313,"column":null}}]},"59":{"loc":{"start":{"line":314,"column":10},"end":{"line":314,"column":null}},"type":"cond-expr","locations":[{"start":{"line":314,"column":31},"end":{"line":314,"column":62}},{"start":{"line":314,"column":62},"end":{"line":314,"column":null}}]},"60":{"loc":{"start":{"line":316,"column":33},"end":{"line":316,"column":null}},"type":"cond-expr","locations":[{"start":{"line":316,"column":44},"end":{"line":316,"column":55}},{"start":{"line":316,"column":55},"end":{"line":316,"column":null}}]},"61":{"loc":{"start":{"line":399,"column":23},"end":{"line":399,"column":null}},"type":"cond-expr","locations":[{"start":{"line":399,"column":31},"end":{"line":399,"column":58}},{"start":{"line":399,"column":58},"end":{"line":399,"column":null}}]},"62":{"loc":{"start":{"line":400,"column":23},"end":{"line":400,"column":null}},"type":"cond-expr","locations":[{"start":{"line":400,"column":35},"end":{"line":400,"column":64}},{"start":{"line":400,"column":64},"end":{"line":400,"column":null}}]},"63":{"loc":{"start":{"line":401,"column":26},"end":{"line":401,"column":null}},"type":"cond-expr","locations":[{"start":{"line":401,"column":37},"end":{"line":401,"column":67}},{"start":{"line":401,"column":67},"end":{"line":401,"column":null}}]},"64":{"loc":{"start":{"line":408,"column":4},"end":{"line":408,"column":null}},"type":"if","locations":[{"start":{"line":408,"column":4},"end":{"line":408,"column":null}}]},"65":{"loc":{"start":{"line":408,"column":8},"end":{"line":408,"column":67}},"type":"binary-expr","locations":[{"start":{"line":408,"column":8},"end":{"line":408,"column":33}},{"start":{"line":408,"column":33},"end":{"line":408,"column":67}}]},"66":{"loc":{"start":{"line":421,"column":16},"end":{"line":421,"column":null}},"type":"cond-expr","locations":[{"start":{"line":421,"column":42},"end":{"line":421,"column":89}},{"start":{"line":421,"column":89},"end":{"line":421,"column":null}}]},"67":{"loc":{"start":{"line":426,"column":15},"end":{"line":426,"column":34}},"type":"binary-expr","locations":[{"start":{"line":426,"column":15},"end":{"line":426,"column":34}}]},"68":{"loc":{"start":{"line":429,"column":15},"end":{"line":429,"column":31}},"type":"binary-expr","locations":[{"start":{"line":429,"column":15},"end":{"line":429,"column":31}}]},"69":{"loc":{"start":{"line":441,"column":4},"end":{"line":441,"column":null}},"type":"if","locations":[{"start":{"line":441,"column":4},"end":{"line":441,"column":null}}]},"70":{"loc":{"start":{"line":441,"column":8},"end":{"line":441,"column":51}},"type":"binary-expr","locations":[{"start":{"line":441,"column":8},"end":{"line":441,"column":29}},{"start":{"line":441,"column":29},"end":{"line":441,"column":51}}]},"71":{"loc":{"start":{"line":461,"column":16},"end":{"line":461,"column":null}},"type":"cond-expr","locations":[{"start":{"line":461,"column":42},"end":{"line":461,"column":86}},{"start":{"line":461,"column":86},"end":{"line":461,"column":null}}]},"72":{"loc":{"start":{"line":476,"column":4},"end":{"line":476,"column":null}},"type":"if","locations":[{"start":{"line":476,"column":4},"end":{"line":476,"column":null}}]},"73":{"loc":{"start":{"line":478,"column":29},"end":{"line":480,"column":null}},"type":"cond-expr","locations":[{"start":{"line":479,"column":8},"end":{"line":479,"column":null}},{"start":{"line":480,"column":8},"end":{"line":480,"column":null}}]},"74":{"loc":{"start":{"line":482,"column":4},"end":{"line":482,"column":null}},"type":"if","locations":[{"start":{"line":482,"column":4},"end":{"line":482,"column":null}}]},"75":{"loc":{"start":{"line":495,"column":16},"end":{"line":495,"column":null}},"type":"cond-expr","locations":[{"start":{"line":495,"column":42},"end":{"line":495,"column":87}},{"start":{"line":495,"column":87},"end":{"line":495,"column":null}}]},"76":{"loc":{"start":{"line":518,"column":4},"end":{"line":518,"column":null}},"type":"if","locations":[{"start":{"line":518,"column":4},"end":{"line":518,"column":null}}]},"77":{"loc":{"start":{"line":518,"column":8},"end":{"line":518,"column":63}},"type":"binary-expr","locations":[{"start":{"line":518,"column":8},"end":{"line":518,"column":31}},{"start":{"line":518,"column":31},"end":{"line":518,"column":63}}]},"78":{"loc":{"start":{"line":531,"column":16},"end":{"line":531,"column":null}},"type":"cond-expr","locations":
[...]
216,"column":55},"end":{"line":216,"column":null}}]},"26":{"loc":{"start":{"line":216,"column":11},"end":{"line":216,"column":43}},"type":"binary-expr","locations":[{"start":{"line":216,"column":11},"end":{"line":216,"column":30}},{"start":{"line":216,"column":30},"end":{"line":216,"column":43}}]},"27":{"loc":{"start":{"line":221,"column":9},"end":{"line":228,"column":null}},"type":"cond-expr","locations":[{"start":{"line":222,"column":10},"end":{"line":227,"column":19}},{"start":{"line":227,"column":10},"end":{"line":228,"column":null}}]},"28":{"loc":{"start":{"line":229,"column":15},"end":{"line":229,"column":null}},"type":"cond-expr","locations":[{"start":{"line":229,"column":31},"end":{"line":229,"column":56}},{"start":{"line":229,"column":56},"end":{"line":229,"column":null}}]},"29":{"loc":{"start":{"line":243,"column":20},"end":{"line":243,"column":null}},"type":"binary-expr","locations":[{"start":{"line":243,"column":20},"end":{"line":243,"column":33}},{"start":{"line":243,"column":33},"end":{"line":243,"column":51}},{"start":{"line":243,"column":51},"end":{"line":243,"column":null}}]},"30":{"loc":{"start":{"line":249,"column":20},"end":{"line":249,"column":null}},"type":"binary-expr","locations":[{"start":{"line":249,"column":20},"end":{"line":249,"column":42}},{"start":{"line":249,"column":42},"end":{"line":249,"column":55}},{"start":{"line":249,"column":55},"end":{"line":249,"column":73}},{"start":{"line":249,"column":73},"end":{"line":249,"column":null}}]},"31":{"loc":{"start":{"line":253,"column":11},"end":{"line":256,"column":null}},"type":"cond-expr","locations":[{"start":{"line":254,"column":12},"end":{"line":256,"column":null}},{"start":{"line":256,"column":12},"end":{"line":256,"column":null}}]},"32":{"loc":{"start":{"line":253,"column":11},"end":{"line":253,"column":null}},"type":"binary-expr","locations":[{"start":{"line":253,"column":11},"end":{"line":253,"column":30}},{"start":{"line":253,"column":30},"end":{"line":253,"column":null}}]}},"s":{"0":32,"1":2,"2":2,"3":2,"4":97,"5":97,"6":97,"7":97,"8":97,"9":97,"10":97,"11":97,"12":67,"13":0,"14":97,"15":67,"16":67,"17":67,"18":67,"19":67,"20":67,"21":67,"22":67,"23":66,"24":97,"25":67,"26":67,"27":97,"28":24,"29":24,"30":24,"31":24,"32":97,"33":18,"34":18,"35":17,"36":18,"37":18,"38":18,"39":18,"40":18,"41":18,"42":14,"43":51,"44":18,"45":18,"46":15,"47":1,"48":2,"49":97,"50":23,"51":0,"52":23,"53":0,"54":23,"55":23,"56":23,"57":0,"58":23,"59":23,"60":23,"61":23,"62":23,"63":23,"64":23,"65":2,"66":23,"67":23,"68":21,"69":20,"70":16,"71":2,"72":2,"73":1,"74":1,"75":20,"76":1,"77":20,"78":5,"79":5,"80":5,"81":97,"82":2,"83":1,"84":1,"85":97,"86":125,"87":126,"88":26,"89":2},"f":{"0":97,"1":67,"2":67,"3":67,"4":67,"5":24,"6":24,"7":18,"8":17,"9":14,"10":51,"11":18,"12":1,"13":2,"14":23,"15":23,"16":5,"17":2,"18":125,"19":126,"20":26},"b":{"0":[93],"1":[0],"2":[96],"3":[96],"4":[95,2],"5":[0],"6":[67],"7":[66],"8":[0,18],"9":[14,37],"10":[1,1],"11":[0],"12":[23,23],"13":[0],"14":[23,2],"15":[0],"16":[2],"17":[21,2],"18":[16],"19":[20,19],"20":[1],"21":[1],"22":[2,2],"23":[77,48],"24":[125],"25":[4,93],"26":[97,23],"27":[48,49],"28":[1,125],"29":[97,96,22],"30":[97,26,26,5],"31":[4,93],"32":[97,23]}}
,"/Users/a123/前端项目/react-ui-library/packages/ui/src/components/ChatInterface/index.ts": {"path":"/Users/a123/前端项目/react-ui-library/packages/ui/src/components/ChatInterface/index.ts","statementMap":{"0":{"start":{"line":1,"column":9},"end":{"line":1,"column":30}},"1":{"start":{"line":1,"column":30},"end":{"line":1,"column":null}}},"fnMap":{},"branchMap":{},"s":{"0":0,"1":1},"f":{},"b":{}}
,"/Users/a123/前端项目/react-ui-library/packages/ui/src/components/Input/Input.stories.tsx": {"path":"/Users/a123/前端项目/react-ui-library/packages/ui/src/components/Input/Input.stories.tsx","statementMap":{"0":{"start":{"line":4,"column":33},"end":{"line":9,"column":null}},"1":{"start":{"line":13,"column":30},"end":{"line":13,"column":33}},"2":{"start":{"line":14,"column":29},"end":{"line":14,"column":61}},"3":{"start":{"line":15,"column":32},"end":{"line":15,"column":67}},"4":{"start":{"line":16,"column":32},"end":{"line":16,"column":75}},"5":{"start":{"line":17,"column":35},"end":{"line":17,"column":100}},"6":{"start":{"line":18,"column":36},"end":{"line":18,"column":103}},"7":{"start":{"line":19,"column":28},"end":{"line":19,"column":53}},"8":{"start":{"line":20,"column":28},"end":{"line":20,"column":53}},"9":{"start":{"line":21,"column":31},"end":{"line":21,"column":60}},"10":{"start":{"line":22,"column":33},"end":{"line":22,"column":98}},"11":{"start":{"line":23,"column":33},"end":{"line":23,"column":97}},"12":{"start":{"line":24,"column":32},"end":{"line":24,"column":85}},"13":{"start":{"line":25,"column":37},"end":{"line":25,"column":107}},"14":{"start":{"line":26,"column":32},"end":{"line":26,"column":117}}},"fnMap":{},"branchMap":{},"s":{"0":0,"1":0,"2":0,"3":0,"4":0,"5":0,"6":0,"7":0,"8":0,"9":0,"10":0,"11":0,"12":0,"13":0,"14":0},"f":{},"b":{}}
,"/Users/a123/前端项目/react-ui-library/packages/ui/src/components/Input/Input.tsx": {"path":"/Users/a123/前端项目/react-ui-library/packages/ui/src/components/Input/Input.tsx","statementMap":{"0":{"start":{"line":68,"column":13},"end":{"line":68,"column":21}},"1":{"start":{"line":2,"column":57},"end":{"line":2,"column":null}},"2":{"start":{"line":3,"column":7},"end":{"line":3,"column":null}},"3":{"start":{"line":68,"column":21},"end":{"line":289,"column":null}},"4":{"start":{"line":105,"column":46},"end":{"line":105,"column":null}},"5":{"start":{"line":106,"column":38},"end":{"line":106,"column":null}},"6":{"start":{"line":107,"column":44},"end":{"line":107,"column":null}},"7":{"start":{"line":109,"column":25},"end":{"line":109,"column":null}},"8":{"start":{"line":110,"column":21},"end":{"line":110,"column":null}},"9":{"start":{"line":111,"column":27},"end":{"line":111,"column":null}},"10":{"start":{"line":114,"column":25},"end":{"line":120,"column":null}},"11":{"start":{"line":115,"column":23},"end":{"line":115,"column":41}},"12":{"start":{"line":116,"column":6},"end":{"line":118,"column":null}},"13":{"start":{"line":117,"column":8},"end":{"line":117,"column":null}},"14":{"start":{"line":119,"column":6},"end":{"line":119,"column":null}},"15":{"start":{"line":123,"column":24},"end":{"line":128,"column":null}},"16":{"start":{"line":124,"column":6},"end":{"line":126,"column":null}},"17":{"start":{"line":125,"column":8},"end":{"line":125,"column":null}},"18":{"start":{"line":127,"column":6},"end":{"line":127,"column":null}},"19":{"start":{"line":131,"column":33},"end":{"line":133,"column":null}},"20":{"start":{"line":132,"column":6},"end":{"line":132,"column":null}},"21":{"start":{"line":132,"column":30},"end":{"line":132,"column":null}},"22":{"start":{"line":136,"column":31},"end":{"line":141,"column":null}},"23":{"start":{"line":137,"column":6},"end":{"line":139,"column":null}},"24":{"start":{"line":138,"column":8},"end":{"line":138,"column":null}},"25":{"start":{"line":140,"column":6},"end":{"line":140,"column":null}},"26":{"start":{"line":144,"column":29},"end":{"line":147,"column":null}},"27":{"start":{"line":145,"column":6},"end":{"line":145,"column":null}},"28":{"start":{"line":146,"column":6},"end":{"line":146,"column":null}},"29":{"start":{"line":149,"column":28},"end":{"line":152,"column":null}},"30":{"start":{"line":150,"column":6},"end":{"line":150,"column":null}},"31":{"start":{"line":151,"column":6},"end":{"line":151,"column":null}},"32":{"start":{"line":155,"column":22},"end":{"line":155,"column":null}},"33":{"start":{"line":156,"column":25},"end":{"line":156,"column":44}},"34":{"start":{"line":157,"column":22},"end":{"line":157,"column":38}},"35":{"start":{"line":158,"column":23},"end":{"line":161,"column":null}},"36":{"start":{"line":163,"column":25},"end":{"line":171,"column":null}},"37":{"start":{"line":174,"column":25},"end":{"line":181,"column":null}},"38":{"start":{"line":175,"column":6},"end":{"line":175,"column":null}},"39":{"start":{"line":175,"column":19},"end":{"line":175,"column":null}},"40":{"start":{"line":184,"column":25},"end":{"line":242,"column":null}},"41":{"start":{"line":185,"column":23},"end":{"line":185,"column":25}},"42":{"start":{"line":188,"column":6},"end":{"line":194,"column":null}},"43":{"start":{"line":189,"column":8},"end":{"line":190,"column":28}},"44":{"start":{"line":197,"column":6},"end":{"line":210,"column":null}},"45":{"start":{"line":198,"column":8},"end":{"line":200,"column":null}},"46":{"start":{"line":213,"column":6},"end":{"line":226,"column":null}},"47":{"start":{"line":214,"column":8},"end":{"line":216,"column":null}},"48":{"start":{"line":229,"column":6},"end":{"line":235,"column":null}},"49":{"start":{"line":230,"column":8},"end":{"line":231,"column":29}},"50":{"start":{"line":237,"column":6},"end":{"line":241,"column":null}},"51":{"start":{"line":292,"column":0},"end":{"line":292,"column":null}}},"fnMap":{"0":{"name":"(anonymous_4)","decl":{"start":{"line":69,"column":2},"end":{"line":69,"column":null}},"loc":{"start":{"line":103,"column":4},"end":{"line":289,"column":null}}},"1":{"name":"(anonymous_5)","decl":{"start":{"line":114,"column":37},"end":{"line":114,"column":38}},"loc":{"start":{"line":114,"column":38},"end":{"line":120,"column":7}}},"2":{"name":"(anonymous_6)","decl":{"start":{"line":123,"column":36},"end":{"line":123,"column":null}},"loc":{"start":{"line":123,"column":36},"end":{"line":128,"column":7}}},"3":{"name":"(anonymous_7)","decl":{"start":{"line":131,"column":45},"end":{"line":131,"column":null}},"loc":{"start":{"line":131,"column":45},"end":{"line":133,"column":7}}},"4":{"name":"(anonymous_8)","decl":{"start":{"line":132,"column":22},"end":{"line":132,"column":30}},"loc":{"start":{"line":132,"column":30},"end":{"line":132,"column":null}}},"5":{"name":"(anonymous_9)","decl":{"start":{"line":136,"column":43},"end":{"line":136,"column":44}},"loc":{"start":{"line":136,"column":44},"end":{"line":141,"column":7}}},"6":{"name":"(anonymous_10)","decl":{"start":{"line":144,"column":41},"end":{"line":144,"column":42}},"loc":{"start":{"line":144,"column":42},"end":{"line":147,"column":7}}},"7":{"name":"(anonymous_11)","decl":{"start":{"line":149,"column":40},"end":{"line":149,"column":41}},"loc":{"start":{"line":149,"column":41},"end":{"line":152,"column":7}}},"8":{"name":"(anonymous_12)","decl":{"start":{"line":174,"column":25},"end":{"line":174,"column":null}},"loc":{"start":{"line":174,"column":25},"end":{"line":181,"column":null}}},"9":{"name":"(anonymous_13)","decl":{"start":{"line":184,"column":25},"end":{"line":184,"column":null}},"loc":{"start":{"line":184,"column":25},"end":{"line":242,"column":null}}}},"branchMap":{"0":{"loc":{"start":{"line":71,"column":6},"end":{"line":71,"column":19}},"type":"default-arg","locations":[{"start":{"line":71,"column":13},"end":{"line":71,"column":19}}]},"1":{"loc":{"start":{"line":72,"column":6},"end":{"line":72,"column":25}},"type":"default-arg","locations":[{"start":{"line":72,"column":16},"end":{"line":72,"column":25}}]},"2":{"loc":{"start":{"line":73,"column":6},"end":{"line":73,"column":17}},"type":"default-arg","locations":[{"start":{"line":73,"column":13},"end":{"line":73,"column":17}}]},"3":{"loc":{"start":{"line":74,"column":6},"end":{"line":74,"column":22}},"type":"default-arg","locations":[{"start":{"line":74,"column":17},"end":{"line":74,"column":22}}]},"4":{"loc":{"start":{"line":75,"column":6},"end":{"line":75,"column":22}},"type":"default-arg","locations":[{"start":{"line":75,"column":17},"end":{"line":75,"column":22}}]},"5":{"loc":{"start":{"line":76,"column":6},"end":{"line":76,"column":22}},"type":"default-arg","locations":[{"start":{"line":76,"column":17},"end":{"line":76,"column":22}}]},"6":{"loc":{"start":{"line":87,"column":6},"end":{"line":87,"column":24}},"type":"default-arg","locations":[{"start":{"line":87,"column":19},"end":{"line":87,"column":24}}]},"7":{"loc":{"start":{"line":88,"column":6},"end":{"line":88,"column":32}},"type":"default-arg","locations":[{"start":{"line":88,"column":27},"end":{"line":88,"column":32}}]},"8":{"loc":{"start":{"line":92,"column":6},"end":{"line":92,"column":23}},"type":"default-arg","locations":[{"start":{"line":92,"column":18},"end":{"line":92,"column":23}}]},"9":{"loc":{"start":{"line":94,"column":6},"end":{"line":94,"column":20}},"type":"default-arg","locations":[{"start":{"line":94,"column":18},"end":{"line":94,"column":20}}]},"10":{"loc":{"start":{"line":105,"column":55},"end":{"line":105,"column":null}},"type":"binary-expr","locations":[{"start":{"line":105,"column":55},"end":{"line":105,"column":71}},{"start":{"line":105,"column":71},"end":{"line":105,"column":null}}]},"11":{"loc":{"start":{"line":109,"column":25},"end":{"line":109,"column":null}},"type":"cond-expr","locations":[{"start":{"line":109,"column":47},"end":{"line":109,"column":55}},{"start":{"line":109,"column":55},"end":{"line":109,"column":null}}]},"12":{"loc":{"start":{"line":116,"column":6},"end":{"line":118,"column":null}},"type":"if","locations":[{"start":{"line":116,"column":6},"end":{"line":118,"column":null}}]},"13":{"loc":{"start":{"line":124,"column":6},"end":{"line":126,"column":null}},"type":"if","locations":[{"start":{"line":124,"column":6},"end":{"line":126,"column":null}}]},"14":{"loc":{"start":{"line":137,"column":6},"end":{"line":139,"column":null}},"type":"if","locations":[{"start":{"line":137,"column":6},"end":{"line":139,"column":null}}]},"15":{"loc":{"start":{"line":158,"column":23},"end":{"line":161,"column":null}},"type":"cond-expr","locations":[{"start":{"line":158,"column":34},"end":{"line":158,"column":null}},{"start":{"line":159,"column":22},"end":{"line":161,"column":null}}]},"16":{"loc":{"start":{"line":159,"column":22},"end":{"line":161,"column":null}},"type":"cond-expr","locations":[{"start":{"line":159,"column":33},"end":{"line":159,"column":null}},{"start":{"line":160,"column":22},"end":{"line":161,"column":null}}]},"17":{"loc":{"start":{"line":160,"column":22},"end":{"line":161,"column":null}},"type":"cond-expr","locations":[{"start":{"line":160,"column":33},"end":{"line":160,"column":null}},{"start":{"line":161,"column":22},"end":{"line":161,"column":null}}]},"18":{"loc":{"start":{"line":161,"column":22},"end":{"line":161,"column":null}},"type":"cond-expr","locations":[{"start":{"line":161,"column":34},"end":{"line":161,"column":53}},{"start":{"line":161,"column":53},"end":{"line":161,"column":null}}]},"19":{"loc":{"start":{"line":175,"column":6},"end":{"line":175,"column":null}},"type":"if","locations":[{"start":{"line":175,"column":6},"end":{"line":175,"column":null}}]},"20":{"loc":{"start":{"line":188,"column":6},"end":{"line":194,"column":null}},"type":"if","locations":[{"start":{"line":188,"column":6},"end":{"line":194,"column":null}}]},"21":{"loc":{"start":{"line":188,"column":10},"end":{"line":188,"column":34}},"type":"binary-expr","locations":[{"start":{"line":188,"column":10},"end":{"line":188,"column":23}},{"start":{"line":188,"column":23},"end":{"line":188,"column":34}}]},"22":{"loc":{"start":{"line":197,"column":6},"end":{"line":210,"column":null}},"type":"if","locations":[{"start":{"line":197,"column":6},"end":{"line":210,"column":null}}]},"23":{"loc":{"start":{"line":197,"column":10},"end":{"line":197,"column":48}},"type":"binary-expr","locations":[{"start":{"line":197,"column":10},"end":{"line":197,"column":28}},{"start":{"line":197,"column":28},"end":{"line":197,"column":48}}]},"24":{"loc":{"start":{"line":204,"column":24},"end":{"line":204,"column":null}},"type":"cond-expr","locations":[{"start":{"line":204,"column":39},"end":{"line":204,"column":48}},{"start":{"line":204,"column":48},"end":{"line":204,"column":null}}]},"25":{"loc":{"start":{"line":207,"column":13},"end":{"line":207,"column":null}},"type":"cond-expr","locations":[{"start":{"line":207,"column":28},"end":{"line":207,"column":36}},{"start":{"line":207,"column":36},"end":{"line":207,"column":null}}]},"26":{"loc":{"start":{"line":213,"column":6},"end":{"line":226,"column":null}},"type":"if","locations":[{"start":{"line":213,"column":6},"end":{"line":226,"column":null}}]},"27":{"loc":{"start":{"line":213,"column":10},"end":{"line":213,"column":64}},"type":"binary-expr","locations":[{"start":{"line":213,"column":10},"end":{"line":213,"column":24}},{"start":{"line":213,"column":24},"end":{"line":213,"column":40}},{"start":{"line":213,"column":40},"end":{"line":213,"column":53}},{"start":{"line":213,"column":53},"end":{"line":213,"column":64}}]},"28":{"loc":{"start":{"line":229,"column":6},"end":{"line":235,"column":null}},"type":"if","locations":[{"start":{"line":229,"column":6},"end":{"line":235,"column":null}}]},"29":{"loc":{"start":{"line":237,"column":13},"end":{"line":241,"column":null}},"type":"cond-expr","locations":[{"start":{"line":238,"column":8},"end":{"line":241,"column":null}},{"start":{"line":241,"column":10},"end":{"line":241,"column":null}}]},"30":{"loc":{"start":{"line":246,"column":9},"end":{"line":246,"column":null}},"type":"binary-expr","locations":[{"start":{"line":246,"column":9},"end":{"line":246,"column":null}}]},"31":{"loc":{"start":{"line":249,"column":13},"end":{"line":249,"column":25}},"type":"binary-expr","locations":[{"start":{"line":249,"column":13},"end":{"line":249,"column":25}}]},"32":{"loc":{"start":{"line":260,"column":18},"end":{"line":260,"column":null}},"type":"cond-expr","locations":[{"start":{"line":260,"column":58},"end":{"line":260,"column":96}},{"start":{"line":260,"column":96},"end":{"line":260,"column":null}}]},"33":{"loc":{"start":{"line":260,"column":18},"end":{"line":260,"column":58}},"type":"binary-expr","locations":[{"start":{"line":260,"column":18},"end":{"line":260,"column":36}},{"start":{"line":260,"column":36},"end":{"line":260,"column":58}}]},"34":{"loc":{"start":{"line":260,"column":58},"end":{"line":260,"column":96}},"type":"cond-expr","locations":[{"start":{"line":260,"column":73},"end":{"line":260,"column":82}},{"start":{"line":260,"column":82},"end":{"line":260,"column":96}}]},"35":{"loc":{"start":{"line":282,"column":10},"end":{"line":282,"column":22}},"type":"binary-expr","locations":[{"start":{"line":282,"column":10},"end":{"line":282,"column":22}},{"start":{"line":282,"column":22},"end":{"line":282,"column":30}}]},"36":{"loc":{"start":{"line":283,"column":44},"end":{"line":283,"column":105}},"type":"cond-expr","locations":[{"start":{"line":283,"column":55},"end":{"line":283,"column":81}},{"start":{"line":283,"column":81},"end":{"line":283,"column":105}}]},"37":{"loc":{"start":{"line":284,"column":13},"end":{"line":284,"column":null}},"type":"binary-expr","locations":[{"start":{"line":284,"column":13},"end":{"line":284,"column":26}},{"start":{"line":284,"column":26},"end":{"line":284,"column":null}}]}},"s":{"0":35,"1":2,"2":2,"3":2,"4":46,"5":46,"6":46,"7":46,"8":46,"9":46,"10":46,"11":3,"12":3,"13":3,"14":3,"15":46,"16":2,"17":2,"18":2,"19":46,"20":3,"21":3,"22":46,"23":1,"24":1,"25":1,"26":46,"27":2,"28":2,"29":46,"30":1,"31":1,"32":46,"33":46,"34":46,"35":46,"36":46,"37":46,"38":46,"39":45,"40":46,"41":46,"42":46,"43":4,"44":46,"45":5,"46":46,"47":2,"48":46,"49":1,"50":46,"51":2},"f":{"0":46,"1":3,"2":2,"3":3,"4":3,"5":1,"6":2,"7":1,"8":46,"9":46},"b":{"0":[38],"1":[43],"2":[43],"3":[45],"4":[45],"5":[45],"6":[42],"7":[41],"8":[42],"9":[46],"10":[46,39],"11":[1,45],"12":[3],"13":[2],"14":[1],"15":[1,45],"16":[1,44],"17":[2,42],"18":[2,40],"19":[45],"20":[4],"21":[46,4],"22":[5],"23":[46,5],"24":[2,3],"25":[2,3],"26":[2],"27":[46,4,2,2],"28":[1],"29":[12,34],"30":[46],"31":[2],"32":[5,41],"33":[46,5],"34":[2,3],"35":[46,45],"36":[2,1],"37":[3,1]}}
,"/Users/a123/前端项目/react-ui-library/packages/ui/src/components/Input/index.ts": {"path":"/Users/a123/前端项目/react-ui-library/packages/ui/src/components/Input/index.ts","statementMap":{"0":{"start":{"line":1,"column":9},"end":{"line":1,"column":22}},"1":{"start":{"line":1,"column":22},"end":{"line":1,"column":null}}},"fnMap":{},"branchMap":{},"s":{"0":0,"1":1},"f":{},"b":{}}
}
