{"/Users/a123/前端项目/react-ui-library/packages/ui/src/index.ts": {"path":"/Users/a123/前端项目/react-ui-library/packages/ui/src/index.ts","statementMap":{"0":{"start":{"line":2,"column":23},"end":{"line":2,"column":31}}},"fnMap":{},"branchMap":{},"s":{"0":0},"f":{},"b":{}}
,"/Users/a123/前端项目/react-ui-library/packages/ui/src/components/AIMessage/AIMessage.stories.tsx": {"path":"/Users/a123/前端项目/react-ui-library/packages/ui/src/components/AIMessage/AIMessage.stories.tsx","statementMap":{"0":{"start":{"line":4,"column":37},"end":{"line":63,"column":null}},"1":{"start":{"line":69,"column":30},"end":{"line":75,"column":2}},"2":{"start":{"line":78,"column":35},"end":{"line":111,"column":2}},"3":{"start":{"line":114,"column":36},"end":{"line":138,"column":2}},"4":{"start":{"line":141,"column":40},"end":{"line":170,"column":2}},"5":{"start":{"line":173,"column":35},"end":{"line":195,"column":2}},"6":{"start":{"line":198,"column":34},"end":{"line":212,"column":2}},"7":{"start":{"line":215,"column":35},"end":{"line":222,"column":2}},"8":{"start":{"line":225,"column":38},"end":{"line":242,"column":2}},"9":{"start":{"line":245,"column":39},"end":{"line":271,"column":2}},"10":{"start":{"line":274,"column":31},"end":{"line":292,"column":2}}},"fnMap":{},"branchMap":{},"s":{"0":0,"1":0,"2":0,"3":0,"4":0,"5":0,"6":0,"7":0,"8":0,"9":0,"10":0},"f":{},"b":{}}
,"/Users/a123/前端项目/react-ui-library/packages/ui/src/components/AIMessage/AIMessage.tsx": {"path":"/Users/a123/前端项目/react-ui-library/packages/ui/src/components/AIMessage/AIMessage.tsx","statementMap":{"0":{"start":{"line":38,"column":13},"end":{"line":38,"column":25}},"1":{"start":{"line":2,"column":57},"end":{"line":2,"column":null}},"2":{"start":{"line":3,"column":7},"end":{"line":3,"column":null}},"3":{"start":{"line":38,"column":25},"end":{"line":294,"column":null}},"4":{"start":{"line":59,"column":32},"end":{"line":59,"column":null}},"5":{"start":{"line":62,"column":28},"end":{"line":67,"column":null}},"6":{"start":{"line":63,"column":6},"end":{"line":65,"column":null}},"7":{"start":{"line":64,"column":8},"end":{"line":64,"column":null}},"8":{"start":{"line":66,"column":6},"end":{"line":66,"column":null}},"9":{"start":{"line":70,"column":23},"end":{"line":81,"column":null}},"10":{"start":{"line":71,"column":6},"end":{"line":80,"column":null}},"11":{"start":{"line":72,"column":8},"end":{"line":72,"column":null}},"12":{"start":{"line":73,"column":8},"end":{"line":73,"column":null}},"13":{"start":{"line":74,"column":8},"end":{"line":74,"column":null}},"14":{"start":{"line":77,"column":8},"end":{"line":77,"column":null}},"15":{"start":{"line":77,"column":25},"end":{"line":77,"column":43}},"16":{"start":{"line":79,"column":8},"end":{"line":79,"column":null}},"17":{"start":{"line":84,"column":26},"end":{"line":181,"column":null}},"18":{"start":{"line":85,"column":6},"end":{"line":87,"column":null}},"19":{"start":{"line":90,"column":6},"end":{"line":92,"column":null}},"20":{"start":{"line":95,"column":20},"end":{"line":95,"column":null}},"21":{"start":{"line":96,"column":42},"end":{"line":96,"column":44}},"22":{"start":{"line":97,"column":24},"end":{"line":97,"column":null}},"23":{"start":{"line":98,"column":24},"end":{"line":98,"column":null}},"24":{"start":{"line":99,"column":29},"end":{"line":99,"column":null}},"25":{"start":{"line":101,"column":24},"end":{"line":127,"column":null}},"26":{"start":{"line":102,"column":8},"end":{"line":126,"column":null}},"27":{"start":{"line":104,"column":30},"end":{"line":104,"column":null}},"28":{"start":{"line":107,"column":10},"end":{"line":109,"column":null}},"29":{"start":{"line":108,"column":12},"end":{"line":108,"column":null}},"30":{"start":{"line":112,"column":10},"end":{"line":114,"column":null}},"31":{"start":{"line":113,"column":12},"end":{"line":113,"column":null}},"32":{"start":{"line":117,"column":10},"end":{"line":119,"column":null}},"33":{"start":{"line":118,"column":12},"end":{"line":118,"column":null}},"34":{"start":{"line":121,"column":10},"end":{"line":122,"column":47}},"35":{"start":{"line":125,"column":10},"end":{"line":125,"column":null}},"36":{"start":{"line":129,"column":6},"end":{"line":171,"column":null}},"37":{"start":{"line":130,"column":8},"end":{"line":170,"column":null}},"38":{"start":{"line":131,"column":10},"end":{"line":144,"column":null}},"39":{"start":{"line":133,"column":12},"end":{"line":133,"column":null}},"40":{"start":{"line":134,"column":12},"end":{"line":135,"column":51}},"41":{"start":{"line":139,"column":12},"end":{"line":139,"column":null}},"42":{"start":{"line":142,"column":12},"end":{"line":142,"column":null}},"43":{"start":{"line":143,"column":12},"end":{"line":143,"column":null}},"44":{"start":{"line":145,"column":15},"end":{"line":170,"column":null}},"45":{"start":{"line":147,"column":10},"end":{"line":147,"column":null}},"46":{"start":{"line":152,"column":10},"end":{"line":169,"column":null}},"47":{"start":{"line":153,"column":12},"end":{"line":153,"column":null}},"48":{"start":{"line":154,"column":26},"end":{"line":154,"column":null}},"49":{"start":{"line":155,"column":25},"end":{"line":155,"column":null}},"50":{"start":{"line":156,"column":31},"end":{"line":156,"column":55}},"51":{"start":{"line":157,"column":12},"end":{"line":158,"column":61}},"52":{"start":{"line":162,"column":17},"end":{"line":169,"column":null}},"53":{"start":{"line":164,"column":12},"end":{"line":164,"column":null}},"54":{"start":{"line":165,"column":12},"end":{"line":165,"column":null}},"55":{"start":{"line":168,"column":12},"end":{"line":168,"column":null}},"56":{"start":{"line":174,"column":6},"end":{"line":174,"column":null}},"57":{"start":{"line":184,"column":34},"end":{"line":210,"column":null}},"58":{"start":{"line":185,"column":6},"end":{"line":209,"column":null}},"59":{"start":{"line":208,"column":10},"end":{"line":208,"column":null}},"60":{"start":{"line":212,"column":22},"end":{"line":212,"column":null}},"61":{"start":{"line":213,"column":24},"end":{"line":213,"column":47}},"62":{"start":{"line":214,"column":27},"end":{"line":214,"column":null}},"63":{"start":{"line":216,"column":27},"end":{"line":223,"column":null}},"64":{"start":{"line":297,"column":0},"end":{"line":297,"column":null}}},"fnMap":{"0":{"name":"(anonymous_4)","decl":{"start":{"line":39,"column":2},"end":{"line":39,"column":null}},"loc":{"start":{"line":57,"column":4},"end":{"line":294,"column":null}}},"1":{"name":"(anonymous_5)","decl":{"start":{"line":62,"column":40},"end":{"line":62,"column":41}},"loc":{"start":{"line":62,"column":41},"end":{"line":67,"column":7}}},"2":{"name":"(anonymous_6)","decl":{"start":{"line":70,"column":35},"end":{"line":70,"column":null}},"loc":{"start":{"line":70,"column":35},"end":{"line":81,"column":7}}},"3":{"name":"(anonymous_7)","decl":{"start":{"line":77,"column":19},"end":{"line":77,"column":25}},"loc":{"start":{"line":77,"column":25},"end":{"line":77,"column":43}}},"4":{"name":"(anonymous_8)","decl":{"start":{"line":84,"column":38},"end":{"line":84,"column":null}},"loc":{"start":{"line":84,"column":38},"end":{"line":181,"column":7}}},"5":{"name":"(anonymous_9)","decl":{"start":{"line":101,"column":24},"end":{"line":101,"column":null}},"loc":{"start":{"line":101,"column":24},"end":{"line":127,"column":null}}},"6":{"name":"(anonymous_10)","decl":{"start":{"line":107,"column":66},"end":{"line":107,"column":67}},"loc":{"start":{"line":107,"column":74},"end":{"line":109,"column":null}}},"7":{"name":"(anonymous_11)","decl":{"start":{"line":112,"column":62},"end":{"line":112,"column":63}},"loc":{"start":{"line":112,"column":70},"end":{"line":114,"column":null}}},"8":{"name":"(anonymous_12)","decl":{"start":{"line":117,"column":60},"end":{"line":117,"column":61}},"loc":{"start":{"line":117,"column":68},"end":{"line":119,"column":null}}},"9":{"name":"(anonymous_13)","decl":{"start":{"line":129,"column":20},"end":{"line":129,"column":21}},"loc":{"start":{"line":129,"column":21},"end":{"line":171,"column":null}}},"10":{"name":"(anonymous_14)","decl":{"start":{"line":184,"column":46},"end":{"line":184,"column":null}},"loc":{"start":{"line":184,"column":46},"end":{"line":210,"column":7}}}},"branchMap":{"0":{"loc":{"start":{"line":42,"column":6},"end":{"line":42,"column":24}},"type":"default-arg","locations":[{"start":{"line":42,"column":15},"end":{"line":42,"column":24}}]},"1":{"loc":{"start":{"line":43,"column":6},"end":{"line":43,"column":26}},"type":"default-arg","locations":[{"start":{"line":43,"column":22},"end":{"line":43,"column":26}}]},"2":{"loc":{"start":{"line":45,"column":6},"end":{"line":45,"column":27}},"type":"default-arg","locations":[{"start":{"line":45,"column":23},"end":{"line":45,"column":27}}]},"3":{"loc":{"start":{"line":46,"column":6},"end":{"line":46,"column":32}},"type":"default-arg","locations":[{"start":{"line":46,"column":28},"end":{"line":46,"column":32}}]},"4":{"loc":{"start":{"line":48,"column":6},"end":{"line":48,"column":31}},"type":"default-arg","locations":[{"start":{"line":48,"column":17},"end":{"line":48,"column":31}}]},"5":{"loc":{"start":{"line":49,"column":6},"end":{"line":49,"column":25}},"type":"default-arg","locations":[{"start":{"line":49,"column":21},"end":{"line":49,"column":25}}]},"6":{"loc":{"start":{"line":50,"column":6},"end":{"line":50,"column":20}},"type":"default-arg","locations":[{"start":{"line":50,"column":18},"end":{"line":50,"column":20}}]},"7":{"loc":{"start":{"line":63,"column":6},"end":{"line":65,"column":null}},"type":"if","locations":[{"start":{"line":63,"column":6},"end":{"line":65,"column":null}}]},"8":{"loc":{"start":{"line":85,"column":6},"end":{"line":87,"column":null}},"type":"if","locations":[{"start":{"line":85,"column":6},"end":{"line":87,"column":null}}]},"9":{"loc":{"start":{"line":90,"column":6},"end":{"line":92,"column":null}},"type":"if","locations":[{"start":{"line":90,"column":6},"end":{"line":92,"column":null}}]},"10":{"loc":{"start":{"line":102,"column":8},"end":{"line":126,"column":null}},"type":"if","locations":[{"start":{"line":102,"column":8},"end":{"line":126,"column":null}}]},"11":{"loc":{"start":{"line":130,"column":8},"end":{"line":170,"column":null}},"type":"if","locations":[{"start":{"line":130,"column":8},"end":{"line":170,"column":null}},{"start":{"line":145,"column":15},"end":{"line":170,"column":null}}]},"12":{"loc":{"start":{"line":131,"column":10},"end":{"line":144,"column":null}},"type":"if","locations":[{"start":{"line":131,"column":10},"end":{"line":144,"column":null}},{"start":{"line":140,"column":17},"end":{"line":144,"column":null}}]},"13":{"loc":{"start":{"line":145,"column":15},"end":{"line":170,"column":null}},"type":"if","locations":[{"start":{"line":145,"column":15},"end":{"line":170,"column":null}},{"start":{"line":148,"column":15},"end":{"line":170,"column":null}}]},"14":{"loc":{"start":{"line":147,"column":31},"end":{"line":147,"column":58}},"type":"cond-expr","locations":[{"start":{"line":147,"column":50},"end":{"line":147,"column":57}},{"start":{"line":147,"column":57},"end":{"line":147,"column":58}}]},"15":{"loc":{"start":{"line":152,"column":10},"end":{"line":169,"column":null}},"type":"if","locations":[{"start":{"line":152,"column":10},"end":{"line":169,"column":null}},{"start":{"line":162,"column":17},"end":{"line":169,"column":null}}]},"16":{"loc":{"start":{"line":154,"column":26},"end":{"line":154,"column":null}},"type":"binary-expr","locations":[{"start":{"line":154,"column":26},"end":{"line":154,"column":59}},{"start":{"line":154,"column":59},"end":{"line":154,"column":null}}]},"17":{"loc":{"start":{"line":162,"column":17},"end":{"line":169,"column":null}},"type":"if","locations":[{"start":{"line":162,"column":17},"end":{"line":169,"column":null}},{"start":{"line":166,"column":17},"end":{"line":169,"column":null}}]},"18":{"loc":{"start":{"line":168,"column":28},"end":{"line":168,"column":49}},"type":"cond-expr","locations":[{"start":{"line":168,"column":42},"end":{"line":168,"column":48}},{"start":{"line":168,"column":48},"end":{"line":168,"column":49}}]},"19":{"loc":{"start":{"line":185,"column":6},"end":{"line":209,"column":null}},"type":"switch","locations":[{"start":{"line":207,"column":8},"end":{"line":208,"column":null}}]},"20":{"loc":{"start":{"line":214,"column":27},"end":{"line":214,"column":null}},"type":"cond-expr","locations":[{"start":{"line":214,"column":52},"end":{"line":214,"column":78}},{"start":{"line":214,"column":78},"end":{"line":214,"column":null}}]},"21":{"loc":{"start":{"line":235,"column":10},"end":{"line":235,"column":20}},"type":"binary-expr","locations":[{"start":{"line":235,"column":10},"end":{"line":235,"column":20}},{"start":{"line":235,"column":20},"end":{"line":235,"column":31}}]},"22":{"loc":{"start":{"line":237,"column":13},"end":{"line":237,"column":null}},"type":"binary-expr","locations":[{"start":{"line":237,"column":13},"end":{"line":237,"column":null}}]},"23":{"loc":{"start":{"line":242,"column":13},"end":{"line":242,"column":null}},"type":"binary-expr","locations":[{"start":{"line":242,"column":13},"end":{"line":242,"column":null}}]},"24":{"loc":{"start":{"line":245,"column":17},"end":{"line":245,"column":34}},"type":"binary-expr","locations":[{"start":{"line":245,"column":17},"end":{"line":245,"column":34}},{"start":{"line":245,"column":34},"end":{"line":245,"column":null}}]},"25":{"loc":{"start":{"line":264,"column":9},"end":{"line":264,"column":null}},"type":"binary-expr","locations":[{"start":{"line":264,"column":9},"end":{"line":264,"column":null}}]},"26":{"loc":{"start":{"line":267,"column":49},"end":{"line":267,"column":95}},"type":"cond-expr","locations":[{"start":{"line":267,"column":58},"end":{"line":267,"column":91}},{"start":{"line":267,"column":91},"end":{"line":267,"column":95}}]},"27":{"loc":{"start":{"line":269,"column":24},"end":{"line":269,"column":null}},"type":"binary-expr","locations":[{"start":{"line":269,"column":24},"end":{"line":269,"column":48}},{"start":{"line":269,"column":48},"end":{"line":269,"column":null}}]},"28":{"loc":{"start":{"line":270,"column":26},"end":{"line":270,"column":null}},"type":"cond-expr","locations":[{"start":{"line":270,"column":35},"end":{"line":270,"column":43}},{"start":{"line":270,"column":43},"end":{"line":270,"column":null}}]},"29":{"loc":{"start":{"line":271,"column":21},"end":{"line":271,"column":null}},"type":"cond-expr","locations":[{"start":{"line":271,"column":30},"end":{"line":271,"column":38}},{"start":{"line":271,"column":38},"end":{"line":271,"column":null}}]},"30":{"loc":{"start":{"line":274,"column":16},"end":{"line":281,"column":null}},"type":"cond-expr","locations":[{"start":{"line":274,"column":16},"end":{"line":281,"column":null}}]}},"s":{"0":34,"1":1,"2":1,"3":1,"4":36,"5":36,"6":1,"7":1,"8":0,"9":36,"10":3,"11":3,"12":2,"13":2,"14":2,"15":0,"16":1,"17":36,"18":36,"19":35,"20":34,"21":34,"22":34,"23":34,"24":34,"25":34,"26":37,"27":32,"28":32,"29":1,"30":32,"31":1,"32":32,"33":1,"34":32,"35":32,"36":34,"37":41,"38":2,"39":1,"40":1,"41":1,"42":1,"43":1,"44":39,"45":3,"46":36,"47":2,"48":2,"49":2,"50":2,"51":2,"52":34,"53":0,"54":0,"55":34,"56":34,"57":36,"58":36,"59":29,"60":36,"61":36,"62":36,"63":36,"64":1},"f":{"0":36,"1":1,"2":3,"3":0,"4":36,"5":37,"6":1,"7":1,"8":1,"9":41,"10":36},"b":{"0":[29],"1":[35],"2":[35],"3":[30],"4":[35],"5":[34],"6":[35],"7":[1],"8":[1],"9":[1],"10":[32],"11":[2,39],"12":[1,1],"13":[3,36],"14":[2,1],"15":[2,34],"16":[2,0],"17":[0,34],"18":[2,32],"19":[29],"20":[2,34],"21":[36,35],"22":[34],"23":[34],"24":[34,33],"25":[36],"26":[2,33],"27":[35,32],"28":[2,33],"29":[2,33],"30":[2]}}
,"/Users/a123/前端项目/react-ui-library/packages/ui/src/components/Button/Button.stories.tsx": {"path":"/Users/a123/前端项目/react-ui-library/packages/ui/src/components/Button/Button.stories.tsx","statementMap":{"0":{"start":{"line":4,"column":34},"end":{"line":9,"column":null}},"1":{"start":{"line":13,"column":30},"end":{"line":13,"column":33}},"2":{"start":{"line":14,"column":32},"end":{"line":14,"column":67}},"3":{"start":{"line":15,"column":30},"end":{"line":15,"column":63}},"4":{"start":{"line":16,"column":30},"end":{"line":16,"column":58}},"5":{"start":{"line":17,"column":31},"end":{"line":17,"column":60}},"6":{"start":{"line":18,"column":28},"end":{"line":18,"column":53}},"7":{"start":{"line":19,"column":28},"end":{"line":19,"column":53}}},"fnMap":{},"branchMap":{},"s":{"0":0,"1":0,"2":0,"3":0,"4":0,"5":0,"6":0,"7":0},"f":{},"b":{}}
,"/Users/a123/前端项目/react-ui-library/packages/ui/src/components/Button/Button.tsx": {"path":"/Users/a123/前端项目/react-ui-library/packages/ui/src/components/Button/Button.tsx","statementMap":{"0":{"start":{"line":17,"column":22},"end":{"line":147,"column":null}},"1":{"start":{"line":35,"column":17},"end":{"line":35,"column":null}},"2":{"start":{"line":38,"column":4},"end":{"line":99,"column":null}},"3":{"start":{"line":39,"column":24},"end":{"line":39,"column":null}},"4":{"start":{"line":40,"column":27},"end":{"line":40,"column":44}},"5":{"start":{"line":41,"column":24},"end":{"line":41,"column":38}},"6":{"start":{"line":42,"column":25},"end":{"line":42,"column":null}},"7":{"start":{"line":43,"column":27},"end":{"line":43,"column":null}},"8":{"start":{"line":44,"column":28},"end":{"line":44,"column":null}},"9":{"start":{"line":46,"column":28},"end":{"line":56,"column":null}},"10":{"start":{"line":58,"column":26},"end":{"line":64,"column":null}},"11":{"start":{"line":59,"column":8},"end":{"line":62,"column":null}},"12":{"start":{"line":60,"column":10},"end":{"line":60,"column":null}},"13":{"start":{"line":61,"column":10},"end":{"line":61,"column":null}},"14":{"start":{"line":63,"column":8},"end":{"line":63,"column":null}},"15":{"start":{"line":102,"column":22},"end":{"line":102,"column":null}},"16":{"start":{"line":103,"column":25},"end":{"line":103,"column":42}},"17":{"start":{"line":104,"column":22},"end":{"line":104,"column":36}},"18":{"start":{"line":105,"column":23},"end":{"line":105,"column":null}},"19":{"start":{"line":106,"column":25},"end":{"line":106,"column":null}},"20":{"start":{"line":108,"column":26},"end":{"line":117,"column":null}},"21":{"start":{"line":119,"column":4},"end":{"line":146,"column":null}},"22":{"start":{"line":149,"column":0},"end":{"line":149,"column":null}}},"fnMap":{"0":{"name":"(anonymous_0)","decl":{"start":{"line":18,"column":2},"end":{"line":18,"column":null}},"loc":{"start":{"line":33,"column":4},"end":{"line":147,"column":null}}},"1":{"name":"(anonymous_1)","decl":{"start":{"line":58,"column":26},"end":{"line":58,"column":27}},"loc":{"start":{"line":58,"column":27},"end":{"line":64,"column":null}}}},"branchMap":{"0":{"loc":{"start":{"line":21,"column":6},"end":{"line":21,"column":20}},"type":"default-arg","locations":[{"start":{"line":21,"column":18},"end":{"line":21,"column":20}}]},"1":{"loc":{"start":{"line":22,"column":6},"end":{"line":22,"column":25}},"type":"default-arg","locations":[{"start":{"line":22,"column":16},"end":{"line":22,"column":25}}]},"2":{"loc":{"start":{"line":23,"column":6},"end":{"line":23,"column":17}},"type":"default-arg","locations":[{"start":{"line":23,"column":13},"end":{"line":23,"column":17}}]},"3":{"loc":{"start":{"line":24,"column":6},"end":{"line":24,"column":21}},"type":"default-arg","locations":[{"start":{"line":24,"column":16},"end":{"line":24,"column":21}}]},"4":{"loc":{"start":{"line":25,"column":6},"end":{"line":25,"column":19}},"type":"default-arg","locations":[{"start":{"line":25,"column":14},"end":{"line":25,"column":19}}]},"5":{"loc":{"start":{"line":26,"column":6},"end":{"line":26,"column":22}},"type":"default-arg","locations":[{"start":{"line":26,"column":17},"end":{"line":26,"column":22}}]},"6":{"loc":{"start":{"line":27,"column":6},"end":{"line":27,"column":21}},"type":"default-arg","locations":[{"start":{"line":27,"column":13},"end":{"line":27,"column":21}}]},"7":{"loc":{"start":{"line":35,"column":17},"end":{"line":35,"column":null}},"type":"binary-expr","locations":[{"start":{"line":35,"column":17},"end":{"line":35,"column":23}},{"start":{"line":35,"column":23},"end":{"line":35,"column":null}}]},"8":{"loc":{"start":{"line":38,"column":4},"end":{"line":99,"column":null}},"type":"if","locations":[{"start":{"line":38,"column":4},"end":{"line":99,"column":null}}]},"9":{"loc":{"start":{"line":42,"column":25},"end":{"line":42,"column":null}},"type":"cond-expr","locations":[{"start":{"line":42,"column":33},"end":{"line":42,"column":48}},{"start":{"line":42,"column":48},"end":{"line":42,"column":null}}]},"10":{"loc":{"start":{"line":43,"column":27},"end":{"line":43,"column":null}},"type":"cond-expr","locations":[{"start":{"line":43,"column":37},"end":{"line":43,"column":54}},{"start":{"line":43,"column":54},"end":{"line":43,"column":null}}]},"11":{"loc":{"start":{"line":44,"column":28},"end":{"line":44,"column":null}},"type":"cond-expr","locations":[{"start":{"line":44,"column":50},"end":{"line":44,"column":68}},{"start":{"line":44,"column":68},"end":{"line":44,"column":null}}]},"12":{"loc":{"start":{"line":44,"column":28},"end":{"line":44,"column":50}},"type":"binary-expr","locations":[{"start":{"line":44,"column":28},"end":{"line":44,"column":40}},{"start":{"line":44,"column":40},"end":{"line":44,"column":50}}]},"13":{"loc":{"start":{"line":59,"column":8},"end":{"line":62,"column":null}},"type":"if","locations":[{"start":{"line":59,"column":8},"end":{"line":62,"column":null}}]},"14":{"loc":{"start":{"line":59,"column":12},"end":{"line":59,"column":33}},"type":"binary-expr","locations":[{"start":{"line":59,"column":12},"end":{"line":59,"column":24}},{"start":{"line":59,"column":24},"end":{"line":59,"column":33}}]},"15":{"loc":{"start":{"line":71,"column":20},"end":{"line":71,"column":null}},"type":"binary-expr","locations":[{"start":{"line":71,"column":20},"end":{"line":71,"column":32}},{"start":{"line":71,"column":32},"end":{"line":71,"column":null}}]},"16":{"loc":{"start":{"line":76,"column":11},"end":{"line":76,"column":null}},"type":"binary-expr","locations":[{"start":{"line":76,"column":11},"end":{"line":76,"column":null}}]},"17":{"loc":{"start":{"line":105,"column":23},"end":{"line":105,"column":null}},"type":"cond-expr","locations":[{"start":{"line":105,"column":31},"end":{"line":105,"column":46}},{"start":{"line":105,"column":46},"end":{"line":105,"column":null}}]},"18":{"loc":{"start":{"line":106,"column":25},"end":{"line":106,"column":null}},"type":"cond-expr","locations":[{"start":{"line":106,"column":35},"end":{"line":106,"column":52}},{"start":{"line":106,"column":52},"end":{"line":106,"column":null}}]},"19":{"loc":{"start":{"line":125,"column":6},"end":{"line":126,"column":28}},"type":"binary-expr","locations":[{"start":{"line":125,"column":6},"end":{"line":125,"column":null}},{"start":{"line":126,"column":8},"end":{"line":126,"column":28}}]}},"s":{"0":0,"1":0,"2":0,"3":0,"4":0,"5":0,"6":0,"7":0,"8":0,"9":0,"10":0,"11":0,"12":0,"13":0,"14":0,"15":0,"16":0,"17":0,"18":0,"19":0,"20":0,"21":0,"22":0},"f":{"0":0,"1":0},"b":{"0":[0],"1":[0],"2":[0],"3":[0],"4":[0],"5":[0],"6":[0],"7":[0,0],"8":[0],"9":[0,0],"10":[0,0],"11":[0,0],"12":[0,0],"13":[0],"14":[0,0],"15":[0,0],"16":[0],"17":[0,0],"18":[0,0],"19":[0,0]}}
,"/Users/a123/前端项目/react-ui-library/packages/ui/src/components/ChatInterface/ChatInterface.stories.tsx": {"path":"/Users/a123/前端项目/react-ui-library/packages/ui/src/components/ChatInterface/ChatInterface.stories.tsx","statementMap":{"0":{"start":{"line":4,"column":41},"end":{"line":14,"column":null}},"1":{"start":{"line":18,"column":28},"end":{"line":18,"column":31}},"2":{"start":{"line":19,"column":38},"end":{"line":28,"column":2}},"3":{"start":{"line":21,"column":63},"end":{"line":26,"column":null}}},"fnMap":{"0":{"name":"(anonymous_0)","decl":{"start":{"line":21,"column":52},"end":{"line":21,"column":53}},"loc":{"start":{"line":21,"column":63},"end":{"line":26,"column":null}}}},"branchMap":{"0":{"loc":{"start":{"line":23,"column":12},"end":{"line":23,"column":null}},"type":"cond-expr","locations":[{"start":{"line":23,"column":20},"end":{"line":23,"column":29}},{"start":{"line":23,"column":29},"end":{"line":23,"column":null}}]}},"s":{"0":0,"1":0,"2":0,"3":0},"f":{"0":0},"b":{"0":[0,0]}}
,"/Users/a123/前端项目/react-ui-library/packages/ui/src/components/ChatInterface/ChatInterface.tsx": {"path":"/Users/a123/前端项目/react-ui-library/packages/ui/src/components/ChatInterface/ChatInterface.tsx","statementMap":{"0":{"start":{"line":30,"column":29},"end":{"line":241,"column":3}},"1":{"start":{"line":41,"column":30},"end":{"line":41,"column":83}},"2":{"start":{"line":42,"column":34},"end":{"line":42,"column":null}},"3":{"start":{"line":43,"column":38},"end":{"line":43,"column":null}},"4":{"start":{"line":44,"column":36},"end":{"line":44,"column":null}},"5":{"start":{"line":45,"column":48},"end":{"line":45,"column":null}},"6":{"start":{"line":46,"column":25},"end":{"line":46,"column":null}},"7":{"start":{"line":47,"column":27},"end":{"line":47,"column":null}},"8":{"start":{"line":50,"column":25},"end":{"line":54,"column":null}},"9":{"start":{"line":51,"column":4},"end":{"line":53,"column":null}},"10":{"start":{"line":52,"column":6},"end":{"line":52,"column":null}},"11":{"start":{"line":56,"column":2},"end":{"line":58,"column":null}},"12":{"start":{"line":57,"column":4},"end":{"line":57,"column":null}},"13":{"start":{"line":61,"column":21},"end":{"line":70,"column":null}},"14":{"start":{"line":62,"column":32},"end":{"line":67,"column":null}},"15":{"start":{"line":68,"column":4},"end":{"line":68,"column":null}},"16":{"start":{"line":68,"column":24},"end":{"line":68,"column":null}},"17":{"start":{"line":69,"column":4},"end":{"line":69,"column":null}},"18":{"start":{"line":73,"column":25},"end":{"line":108,"column":null}},"19":{"start":{"line":74,"column":35},"end":{"line":80,"column":null}},"20":{"start":{"line":82,"column":4},"end":{"line":82,"column":null}},"21":{"start":{"line":82,"column":24},"end":{"line":82,"column":null}},"22":{"start":{"line":85,"column":25},"end":{"line":85,"column":null}},"23":{"start":{"line":86,"column":18},"end":{"line":86,"column":null}},"24":{"start":{"line":88,"column":4},"end":{"line":98,"column":null}},"25":{"start":{"line":88,"column":17},"end":{"line":88,"column":20}},"26":{"start":{"line":89,"column":6},"end":{"line":89,"column":null}},"27":{"start":{"line":90,"column":6},"end":{"line":94,"column":null}},"28":{"start":{"line":91,"column":8},"end":{"line":94,"column":null}},"29":{"start":{"line":92,"column":10},"end":{"line":94,"column":null}},"30":{"start":{"line":97,"column":6},"end":{"line":97,"column":null}},"31":{"start":{"line":97,"column":35},"end":{"line":97,"column":null}},"32":{"start":{"line":101,"column":4},"end":{"line":105,"column":null}},"33":{"start":{"line":102,"column":6},"end":{"line":105,"column":null}},"34":{"start":{"line":103,"column":8},"end":{"line":105,"column":null}},"35":{"start":{"line":111,"column":28},"end":{"line":162,"column":null}},"36":{"start":{"line":112,"column":4},"end":{"line":112,"column":null}},"37":{"start":{"line":112,"column":40},"end":{"line":112,"column":null}},"38":{"start":{"line":116,"column":4},"end":{"line":116,"column":null}},"39":{"start":{"line":116,"column":37},"end":{"line":116,"column":null}},"40":{"start":{"line":118,"column":27},"end":{"line":118,"column":null}},"41":{"start":{"line":119,"column":22},"end":{"line":119,"column":null}},"42":{"start":{"line":122,"column":4},"end":{"line":122,"column":null}},"43":{"start":{"line":122,"column":40},"end":{"line":122,"column":null}},"44":{"start":{"line":124,"column":4},"end":{"line":128,"column":null}},"45":{"start":{"line":125,"column":21},"end":{"line":125,"column":null}},"46":{"start":{"line":126,"column":6},"end":{"line":126,"column":null}},"47":{"start":{"line":127,"column":6},"end":{"line":127,"column":null}},"48":{"start":{"line":129,"column":4},"end":{"line":129,"column":null}},"49":{"start":{"line":130,"column":4},"end":{"line":130,"column":null}},"50":{"start":{"line":133,"column":4},"end":{"line":135,"column":null}},"51":{"start":{"line":134,"column":6},"end":{"line":134,"column":null}},"52":{"start":{"line":137,"column":4},"end":{"line":161,"column":null}},"53":{"start":{"line":138,"column":6},"end":{"line":148,"column":null}},"54":{"start":{"line":139,"column":23},"end":{"line":139,"column":null}},"55":{"start":{"line":141,"column":8},"end":{"line":143,"column":null}},"56":{"start":{"line":142,"column":10},"end":{"line":142,"column":null}},"57":{"start":{"line":146,"column":27},"end":{"line":146,"column":79}},"58":{"start":{"line":147,"column":8},"end":{"line":147,"column":null}},"59":{"start":{"line":150,"column":6},"end":{"line":150,"column":null}},"60":{"start":{"line":151,"column":6},"end":{"line":151,"column":null}},"61":{"start":{"line":153,"column":6},"end":{"line":155,"column":null}},"62":{"start":{"line":154,"column":8},"end":{"line":154,"column":null}},"63":{"start":{"line":156,"column":6},"end":{"line":160,"column":null}},"64":{"start":{"line":157,"column":23},"end":{"line":157,"column":null}},"65":{"start":{"line":158,"column":8},"end":{"line":158,"column":null}},"66":{"start":{"line":159,"column":8},"end":{"line":159,"column":null}},"67":{"start":{"line":165,"column":24},"end":{"line":170,"column":null}},"68":{"start":{"line":166,"column":4},"end":{"line":169,"column":null}},"69":{"start":{"line":167,"column":6},"end":{"line":167,"column":null}},"70":{"start":{"line":168,"column":6},"end":{"line":168,"column":null}},"71":{"start":{"line":173,"column":31},"end":{"line":174,"column":null}},"72":{"start":{"line":174,"column":4},"end":{"line":174,"column":null}},"73":{"start":{"line":207,"column":12},"end":{"line":207,"column":null}},"74":{"start":{"line":219,"column":27},"end":{"line":219,"column":null}},"75":{"start":{"line":243,"column":0},"end":{"line":243,"column":null}}},"fnMap":{"0":{"name":"(anonymous_0)","decl":{"start":{"line":30,"column":76},"end":{"line":30,"column":77}},"loc":{"start":{"line":39,"column":3},"end":{"line":241,"column":3}}},"1":{"name":"(anonymous_1)","decl":{"start":{"line":50,"column":37},"end":{"line":50,"column":null}},"loc":{"start":{"line":50,"column":37},"end":{"line":54,"column":5}}},"2":{"name":"(anonymous_2)","decl":{"start":{"line":56,"column":12},"end":{"line":56,"column":null}},"loc":{"start":{"line":56,"column":12},"end":{"line":58,"column":5}}},"3":{"name":"(anonymous_3)","decl":{"start":{"line":61,"column":33},"end":{"line":61,"column":34}},"loc":{"start":{"line":61,"column":51},"end":{"line":70,"column":5}}},"4":{"name":"(anonymous_4)","decl":{"start":{"line":68,"column":16},"end":{"line":68,"column":24}},"loc":{"start":{"line":68,"column":24},"end":{"line":68,"column":null}}},"5":{"name":"(anonymous_5)","decl":{"start":{"line":73,"column":37},"end":{"line":73,"column":44}},"loc":{"start":{"line":73,"column":44},"end":{"line":108,"column":5}}},"6":{"name":"(anonymous_6)","decl":{"start":{"line":82,"column":16},"end":{"line":82,"column":24}},"loc":{"start":{"line":82,"column":24},"end":{"line":82,"column":null}}},"7":{"name":"(anonymous_7)","decl":{"start":{"line":90,"column":18},"end":{"line":90,"column":null}},"loc":{"start":{"line":91,"column":8},"end":{"line":94,"column":null}}},"8":{"name":"(anonymous_8)","decl":{"start":{"line":91,"column":17},"end":{"line":91,"column":null}},"loc":{"start":{"line":92,"column":10},"end":{"line":94,"column":null}}},"9":{"name":"(anonymous_9)","decl":{"start":{"line":97,"column":24},"end":{"line":97,"column":35}},"loc":{"start":{"line":97,"column":35},"end":{"line":97,"column":null}}},"10":{"name":"(anonymous_10)","decl":{"start":{"line":101,"column":16},"end":{"line":101,"column":null}},"loc":{"start":{"line":102,"column":6},"end":{"line":105,"column":null}}},"11":{"name":"(anonymous_11)","decl":{"start":{"line":102,"column":15},"end":{"line":102,"column":null}},"loc":{"start":{"line":103,"column":8},"end":{"line":105,"column":null}}},"12":{"name":"(anonymous_12)","decl":{"start":{"line":111,"column":40},"end":{"line":111,"column":null}},"loc":{"start":{"line":111,"column":40},"end":{"line":162,"column":5}}},"13":{"name":"(anonymous_13)","decl":{"start":{"line":124,"column":23},"end":{"line":124,"column":null}},"loc":{"start":{"line":124,"column":23},"end":{"line":128,"column":null}}},"14":{"name":"(anonymous_14)","decl":{"start":{"line":156,"column":25},"end":{"line":156,"column":null}},"loc":{"start":{"line":156,"column":25},"end":{"line":160,"column":null}}},"15":{"name":"(anonymous_15)","decl":{"start":{"line":165,"column":36},"end":{"line":165,"column":37}},"loc":{"start":{"line":165,"column":37},"end":{"line":170,"column":5}}},"16":{"name":"(anonymous_16)","decl":{"start":{"line":173,"column":31},"end":{"line":173,"column":32}},"loc":{"start":{"line":174,"column":4},"end":{"line":174,"column":null}}},"17":{"name":"(anonymous_17)","decl":{"start":{"line":206,"column":23},"end":{"line":206,"column":null}},"loc":{"start":{"line":207,"column":12},"end":{"line":207,"column":null}}},"18":{"name":"(anonymous_18)","decl":{"start":{"line":219,"column":20},"end":{"line":219,"column":21}},"loc":{"start":{"line":219,"column":27},"end":{"line":219,"column":null}}}},"branchMap":{"0":{"loc":{"start":{"line":31,"column":2},"end":{"line":31,"column":22}},"type":"default-arg","locations":[{"start":{"line":31,"column":20},"end":{"line":31,"column":22}}]},"1":{"loc":{"start":{"line":32,"column":2},"end":{"line":32,"column":25}},"type":"default-arg","locations":[{"start":{"line":32,"column":16},"end":{"line":32,"column":25}}]},"2":{"loc":{"start":{"line":33,"column":2},"end":{"line":33,"column":18}},"type":"default-arg","locations":[{"start":{"line":33,"column":13},"end":{"line":33,"column":18}}]},"3":{"loc":{"start":{"line":36,"column":2},"end":{"line":36,"column":16}},"type":"default-arg","locations":[{"start":{"line":36,"column":14},"end":{"line":36,"column":16}}]},"4":{"loc":{"start":{"line":41,"column":30},"end":{"line":41,"column":83}},"type":"cond-expr","locations":[{"start":{"line":41,"column":63},"end":{"line":41,"column":81}},{"start":{"line":41,"column":81},"end":{"line":41,"column":83}}]},"5":{"loc":{"start":{"line":51,"column":4},"end":{"line":53,"column":null}},"type":"if","locations":[{"start":{"line":51,"column":4},"end":{"line":53,"column":null}}]},"6":{"loc":{"start":{"line":89,"column":25},"end":{"line":89,"column":40}},"type":"cond-expr","locations":[{"start":{"line":89,"column":33},"end":{"line":89,"column":39}},{"start":{"line":89,"column":39},"end":{"line":89,"column":40}}]},"7":{"loc":{"start":{"line":92,"column":10},"end":{"line":94,"column":null}},"type":"cond-expr","locations":[{"start":{"line":93,"column":14},"end":{"line":93,"column":null}},{"start":{"line":94,"column":14},"end":{"line":94,"column":null}}]},"8":{"loc":{"start":{"line":103,"column":8},"end":{"line":105,"column":null}},"type":"cond-expr","locations":[{"start":{"line":104,"column":12},"end":{"line":104,"column":null}},{"start":{"line":105,"column":12},"end":{"line":105,"column":null}}]},"9":{"loc":{"start":{"line":112,"column":4},"end":{"line":112,"column":null}},"type":"if","locations":[{"start":{"line":112,"column":4},"end":{"line":112,"column":null}}]},"10":{"loc":{"start":{"line":112,"column":8},"end":{"line":112,"column":40}},"type":"binary-expr","locations":[{"start":{"line":112,"column":8},"end":{"line":112,"column":30}},{"start":{"line":112,"column":30},"end":{"line":112,"column":40}}]},"11":{"loc":{"start":{"line":116,"column":4},"end":{"line":116,"column":null}},"type":"if","locations":[{"start":{"line":116,"column":4},"end":{"line":116,"column":null}}]},"12":{"loc":{"start":{"line":116,"column":8},"end":{"line":116,"column":37}},"type":"binary-expr","locations":[{"start":{"line":116,"column":8},"end":{"line":116,"column":26}},{"start":{"line":116,"column":26},"end":{"line":116,"column":37}}]},"13":{"loc":{"start":{"line":122,"column":4},"end":{"line":122,"column":null}},"type":"if","locations":[{"start":{"line":122,"column":4},"end":{"line":122,"column":null}}]},"14":{"loc":{"start":{"line":133,"column":4},"end":{"line":135,"column":null}},"type":"if","locations":[{"start":{"line":133,"column":4},"end":{"line":135,"column":null}}]},"15":{"loc":{"start":{"line":138,"column":6},"end":{"line":148,"column":null}},"type":"if","locations":[{"start":{"line":138,"column":6},"end":{"line":148,"column":null}},{"start":{"line":144,"column":13},"end":{"line":148,"column":null}}]},"16":{"loc":{"start":{"line":141,"column":8},"end":{"line":143,"column":null}},"type":"if","locations":[{"start":{"line":141,"column":8},"end":{"line":143,"column":null}}]},"17":{"loc":{"start":{"line":141,"column":12},"end":{"line":141,"column":57}},"type":"binary-expr","locations":[{"start":{"line":141,"column":12},"end":{"line":141,"column":42}},{"start":{"line":141,"column":42},"end":{"line":141,"column":57}}]},"18":{"loc":{"start":{"line":153,"column":6},"end":{"line":155,"column":null}},"type":"if","locations":[{"start":{"line":153,"column":6},"end":{"line":155,"column":null}}]},"19":{"loc":{"start":{"line":166,"column":4},"end":{"line":169,"column":null}},"type":"if","locations":[{"start":{"line":166,"column":4},"end":{"line":169,"column":null}}]},"20":{"loc":{"start":{"line":166,"column":8},"end":{"line":166,"column":40}},"type":"binary-expr","locations":[{"start":{"line":166,"column":8},"end":{"line":166,"column":29}},{"start":{"line":166,"column":29},"end":{"line":166,"column":40}}]},"21":{"loc":{"start":{"line":176,"column":9},"end":{"line":176,"column":null}},"type":"cond-expr","locations":[{"start":{"line":176,"column":35},"end":{"line":176,"column":42}},{"start":{"line":176,"column":42},"end":{"line":176,"column":null}}]},"22":{"loc":{"start":{"line":181,"column":11},"end":{"line":181,"column":27}},"type":"binary-expr","locations":[{"start":{"line":181,"column":11},"end":{"line":181,"column":27}}]},"23":{"loc":{"start":{"line":195,"column":11},"end":{"line":195,"column":null}},"type":"cond-expr","locations":[{"start":{"line":195,"column":43},"end":{"line":195,"column":55}},{"start":{"line":195,"column":55},"end":{"line":195,"column":null}}]},"24":{"loc":{"start":{"line":195,"column":11},"end":{"line":195,"column":43}},"type":"binary-expr","locations":[{"start":{"line":195,"column":11},"end":{"line":195,"column":30}},{"start":{"line":195,"column":30},"end":{"line":195,"column":43}}]},"25":{"loc":{"start":{"line":200,"column":9},"end":{"line":207,"column":null}},"type":"cond-expr","locations":[{"start":{"line":201,"column":10},"end":{"line":206,"column":19}},{"start":{"line":206,"column":10},"end":{"line":207,"column":null}}]},"26":{"loc":{"start":{"line":208,"column":15},"end":{"line":208,"column":null}},"type":"cond-expr","locations":[{"start":{"line":208,"column":31},"end":{"line":208,"column":56}},{"start":{"line":208,"column":56},"end":{"line":208,"column":null}}]},"27":{"loc":{"start":{"line":222,"column":20},"end":{"line":222,"column":null}},"type":"binary-expr","locations":[{"start":{"line":222,"column":20},"end":{"line":222,"column":33}},{"start":{"line":222,"column":33},"end":{"line":222,"column":51}},{"start":{"line":222,"column":51},"end":{"line":222,"column":null}}]},"28":{"loc":{"start":{"line":228,"column":20},"end":{"line":228,"column":null}},"type":"binary-expr","locations":[{"start":{"line":228,"column":20},"end":{"line":228,"column":42}},{"start":{"line":228,"column":42},"end":{"line":228,"column":55}},{"start":{"line":228,"column":55},"end":{"line":228,"column":73}},{"start":{"line":228,"column":73},"end":{"line":228,"column":null}}]},"29":{"loc":{"start":{"line":232,"column":11},"end":{"line":235,"column":null}},"type":"cond-expr","locations":[{"start":{"line":233,"column":12},"end":{"line":235,"column":null}},{"start":{"line":235,"column":12},"end":{"line":235,"column":null}}]},"30":{"loc":{"start":{"line":232,"column":11},"end":{"line":232,"column":null}},"type":"binary-expr","locations":[{"start":{"line":232,"column":11},"end":{"line":232,"column":30}},{"start":{"line":232,"column":30},"end":{"line":232,"column":null}}]}},"s":{"0":0,"1":0,"2":0,"3":0,"4":0,"5":0,"6":0,"7":0,"8":0,"9":0,"10":0,"11":0,"12":0,"13":0,"14":0,"15":0,"16":0,"17":0,"18":0,"19":0,"20":0,"21":0,"22":0,"23":0,"24":0,"25":0,"26":0,"27":0,"28":0,"29":0,"30":0,"31":0,"32":0,"33":0,"34":0,"35":0,"36":0,"37":0,"38":0,"39":0,"40":0,"41":0,"42":0,"43":0,"44":0,"45":0,"46":0,"47":0,"48":0,"49":0,"50":0,"51":0,"52":0,"53":0,"54":0,"55":0,"56":0,"57":0,"58":0,"59":0,"60":0,"61":0,"62":0,"63":0,"64":0,"65":0,"66":0,"67":0,"68":0,"69":0,"70":0,"71":0,"72":0,"73":0,"74":0,"75":0},"f":{"0":0,"1":0,"2":0,"3":0,"4":0,"5":0,"6":0,"7":0,"8":0,"9":0,"10":0,"11":0,"12":0,"13":0,"14":0,"15":0,"16":0,"17":0,"18":0},"b":{"0":[0],"1":[0],"2":[0],"3":[0],"4":[0,0],"5":[0],"6":[0,0],"7":[0,0],"8":[0,0],"9":[0],"10":[0,0],"11":[0],"12":[0,0],"13":[0],"14":[0],"15":[0,0],"16":[0],"17":[0,0],"18":[0],"19":[0],"20":[0,0],"21":[0,0],"22":[0],"23":[0,0],"24":[0,0],"25":[0,0],"26":[0,0],"27":[0,0,0],"28":[0,0,0,0],"29":[0,0],"30":[0,0]}}
,"/Users/a123/前端项目/react-ui-library/packages/ui/src/components/Input/Input.stories.tsx": {"path":"/Users/a123/前端项目/react-ui-library/packages/ui/src/components/Input/Input.stories.tsx","statementMap":{"0":{"start":{"line":4,"column":33},"end":{"line":9,"column":null}},"1":{"start":{"line":13,"column":30},"end":{"line":13,"column":33}},"2":{"start":{"line":14,"column":29},"end":{"line":14,"column":61}},"3":{"start":{"line":15,"column":32},"end":{"line":15,"column":67}},"4":{"start":{"line":16,"column":32},"end":{"line":16,"column":75}},"5":{"start":{"line":17,"column":35},"end":{"line":17,"column":100}},"6":{"start":{"line":18,"column":36},"end":{"line":18,"column":103}},"7":{"start":{"line":19,"column":28},"end":{"line":19,"column":53}},"8":{"start":{"line":20,"column":28},"end":{"line":20,"column":53}},"9":{"start":{"line":21,"column":31},"end":{"line":21,"column":60}},"10":{"start":{"line":22,"column":33},"end":{"line":22,"column":98}},"11":{"start":{"line":23,"column":33},"end":{"line":23,"column":97}},"12":{"start":{"line":24,"column":32},"end":{"line":24,"column":85}},"13":{"start":{"line":25,"column":37},"end":{"line":25,"column":107}},"14":{"start":{"line":26,"column":32},"end":{"line":26,"column":117}}},"fnMap":{},"branchMap":{},"s":{"0":0,"1":0,"2":0,"3":0,"4":0,"5":0,"6":0,"7":0,"8":0,"9":0,"10":0,"11":0,"12":0,"13":0,"14":0},"f":{},"b":{}}
,"/Users/a123/前端项目/react-ui-library/packages/ui/src/components/Input/Input.tsx": {"path":"/Users/a123/前端项目/react-ui-library/packages/ui/src/components/Input/Input.tsx","statementMap":{"0":{"start":{"line":68,"column":21},"end":{"line":289,"column":null}},"1":{"start":{"line":105,"column":46},"end":{"line":105,"column":null}},"2":{"start":{"line":106,"column":38},"end":{"line":106,"column":null}},"3":{"start":{"line":107,"column":44},"end":{"line":107,"column":null}},"4":{"start":{"line":109,"column":25},"end":{"line":109,"column":null}},"5":{"start":{"line":110,"column":21},"end":{"line":110,"column":null}},"6":{"start":{"line":111,"column":27},"end":{"line":111,"column":null}},"7":{"start":{"line":114,"column":25},"end":{"line":120,"column":null}},"8":{"start":{"line":115,"column":23},"end":{"line":115,"column":41}},"9":{"start":{"line":116,"column":6},"end":{"line":118,"column":null}},"10":{"start":{"line":117,"column":8},"end":{"line":117,"column":null}},"11":{"start":{"line":119,"column":6},"end":{"line":119,"column":null}},"12":{"start":{"line":123,"column":24},"end":{"line":128,"column":null}},"13":{"start":{"line":124,"column":6},"end":{"line":126,"column":null}},"14":{"start":{"line":125,"column":8},"end":{"line":125,"column":null}},"15":{"start":{"line":127,"column":6},"end":{"line":127,"column":null}},"16":{"start":{"line":131,"column":33},"end":{"line":133,"column":null}},"17":{"start":{"line":132,"column":6},"end":{"line":132,"column":null}},"18":{"start":{"line":132,"column":30},"end":{"line":132,"column":null}},"19":{"start":{"line":136,"column":31},"end":{"line":141,"column":null}},"20":{"start":{"line":137,"column":6},"end":{"line":139,"column":null}},"21":{"start":{"line":138,"column":8},"end":{"line":138,"column":null}},"22":{"start":{"line":140,"column":6},"end":{"line":140,"column":null}},"23":{"start":{"line":144,"column":29},"end":{"line":147,"column":null}},"24":{"start":{"line":145,"column":6},"end":{"line":145,"column":null}},"25":{"start":{"line":146,"column":6},"end":{"line":146,"column":null}},"26":{"start":{"line":149,"column":28},"end":{"line":152,"column":null}},"27":{"start":{"line":150,"column":6},"end":{"line":150,"column":null}},"28":{"start":{"line":151,"column":6},"end":{"line":151,"column":null}},"29":{"start":{"line":155,"column":22},"end":{"line":155,"column":null}},"30":{"start":{"line":156,"column":25},"end":{"line":156,"column":44}},"31":{"start":{"line":157,"column":22},"end":{"line":157,"column":38}},"32":{"start":{"line":158,"column":23},"end":{"line":161,"column":null}},"33":{"start":{"line":163,"column":25},"end":{"line":171,"column":null}},"34":{"start":{"line":174,"column":25},"end":{"line":181,"column":null}},"35":{"start":{"line":175,"column":6},"end":{"line":175,"column":null}},"36":{"start":{"line":175,"column":19},"end":{"line":175,"column":null}},"37":{"start":{"line":184,"column":25},"end":{"line":242,"column":null}},"38":{"start":{"line":185,"column":23},"end":{"line":185,"column":25}},"39":{"start":{"line":188,"column":6},"end":{"line":194,"column":null}},"40":{"start":{"line":189,"column":8},"end":{"line":190,"column":28}},"41":{"start":{"line":197,"column":6},"end":{"line":210,"column":null}},"42":{"start":{"line":198,"column":8},"end":{"line":200,"column":null}},"43":{"start":{"line":213,"column":6},"end":{"line":226,"column":null}},"44":{"start":{"line":214,"column":8},"end":{"line":216,"column":null}},"45":{"start":{"line":229,"column":6},"end":{"line":235,"column":null}},"46":{"start":{"line":230,"column":8},"end":{"line":231,"column":29}},"47":{"start":{"line":237,"column":6},"end":{"line":241,"column":null}},"48":{"start":{"line":292,"column":0},"end":{"line":292,"column":null}}},"fnMap":{"0":{"name":"(anonymous_0)","decl":{"start":{"line":69,"column":2},"end":{"line":69,"column":null}},"loc":{"start":{"line":103,"column":4},"end":{"line":289,"column":null}}},"1":{"name":"(anonymous_1)","decl":{"start":{"line":114,"column":37},"end":{"line":114,"column":38}},"loc":{"start":{"line":114,"column":38},"end":{"line":120,"column":7}}},"2":{"name":"(anonymous_2)","decl":{"start":{"line":123,"column":36},"end":{"line":123,"column":null}},"loc":{"start":{"line":123,"column":36},"end":{"line":128,"column":7}}},"3":{"name":"(anonymous_3)","decl":{"start":{"line":131,"column":45},"end":{"line":131,"column":null}},"loc":{"start":{"line":131,"column":45},"end":{"line":133,"column":7}}},"4":{"name":"(anonymous_4)","decl":{"start":{"line":132,"column":22},"end":{"line":132,"column":30}},"loc":{"start":{"line":132,"column":30},"end":{"line":132,"column":null}}},"5":{"name":"(anonymous_5)","decl":{"start":{"line":136,"column":43},"end":{"line":136,"column":44}},"loc":{"start":{"line":136,"column":44},"end":{"line":141,"column":7}}},"6":{"name":"(anonymous_6)","decl":{"start":{"line":144,"column":41},"end":{"line":144,"column":42}},"loc":{"start":{"line":144,"column":42},"end":{"line":147,"column":7}}},"7":{"name":"(anonymous_7)","decl":{"start":{"line":149,"column":40},"end":{"line":149,"column":41}},"loc":{"start":{"line":149,"column":41},"end":{"line":152,"column":7}}},"8":{"name":"(anonymous_8)","decl":{"start":{"line":174,"column":25},"end":{"line":174,"column":null}},"loc":{"start":{"line":174,"column":25},"end":{"line":181,"column":null}}},"9":{"name":"(anonymous_9)","decl":{"start":{"line":184,"column":25},"end":{"line":184,"column":null}},"loc":{"start":{"line":184,"column":25},"end":{"line":242,"column":null}}}},"branchMap":{"0":{"loc":{"start":{"line":71,"column":6},"end":{"line":71,"column":19}},"type":"default-arg","locations":[{"start":{"line":71,"column":13},"end":{"line":71,"column":19}}]},"1":{"loc":{"start":{"line":72,"column":6},"end":{"line":72,"column":25}},"type":"default-arg","locations":[{"start":{"line":72,"column":16},"end":{"line":72,"column":25}}]},"2":{"loc":{"start":{"line":73,"column":6},"end":{"line":73,"column":17}},"type":"default-arg","locations":[{"start":{"line":73,"column":13},"end":{"line":73,"column":17}}]},"3":{"loc":{"start":{"line":74,"column":6},"end":{"line":74,"column":22}},"type":"default-arg","locations":[{"start":{"line":74,"column":17},"end":{"line":74,"column":22}}]},"4":{"loc":{"start":{"line":75,"column":6},"end":{"line":75,"column":22}},"type":"default-arg","locations":[{"start":{"line":75,"column":17},"end":{"line":75,"column":22}}]},"5":{"loc":{"start":{"line":76,"column":6},"end":{"line":76,"column":22}},"type":"default-arg","locations":[{"start":{"line":76,"column":17},"end":{"line":76,"column":22}}]},"6":{"loc":{"start":{"line":87,"column":6},"end":{"line":87,"column":24}},"type":"default-arg","locations":[{"start":{"line":87,"column":19},"end":{"line":87,"column":24}}]},"7":{"loc":{"start":{"line":88,"column":6},"end":{"line":88,"column":32}},"type":"default-arg","locations":[{"start":{"line":88,"column":27},"end":{"line":88,"column":32}}]},"8":{"loc":{"start":{"line":92,"column":6},"end":{"line":92,"column":23}},"type":"default-arg","locations":[{"start":{"line":92,"column":18},"end":{"line":92,"column":23}}]},"9":{"loc":{"start":{"line":94,"column":6},"end":{"line":94,"column":20}},"type":"default-arg","locations":[{"start":{"line":94,"column":18},"end":{"line":94,"column":20}}]},"10":{"loc":{"start":{"line":105,"column":55},"end":{"line":105,"column":null}},"type":"binary-expr","locations":[{"start":{"line":105,"column":55},"end":{"line":105,"column":71}},{"start":{"line":105,"column":71},"end":{"line":105,"column":null}}]},"11":{"loc":{"start":{"line":109,"column":25},"end":{"line":109,"column":null}},"type":"cond-expr","locations":[{"start":{"line":109,"column":47},"end":{"line":109,"column":55}},{"start":{"line":109,"column":55},"end":{"line":109,"column":null}}]},"12":{"loc":{"start":{"line":116,"column":6},"end":{"line":118,"column":null}},"type":"if","locations":[{"start":{"line":116,"column":6},"end":{"line":118,"column":null}}]},"13":{"loc":{"start":{"line":124,"column":6},"end":{"line":126,"column":null}},"type":"if","locations":[{"start":{"line":124,"column":6},"end":{"line":126,"column":null}}]},"14":{"loc":{"start":{"line":137,"column":6},"end":{"line":139,"column":null}},"type":"if","locations":[{"start":{"line":137,"column":6},"end":{"line":139,"column":null}}]},"15":{"loc":{"start":{"line":158,"column":23},"end":{"line":161,"column":null}},"type":"cond-expr","locations":[{"start":{"line":158,"column":34},"end":{"line":158,"column":null}},{"start":{"line":159,"column":22},"end":{"line":161,"column":null}}]},"16":{"loc":{"start":{"line":159,"column":22},"end":{"line":161,"column":null}},"type":"cond-expr","locations":[{"start":{"line":159,"column":33},"end":{"line":159,"column":null}},{"start":{"line":160,"column":22},"end":{"line":161,"column":null}}]},"17":{"loc":{"start":{"line":160,"column":22},"end":{"line":161,"column":null}},"type":"cond-expr","locations":[{"start":{"line":160,"column":33},"end":{"line":160,"column":null}},{"start":{"line":161,"column":22},"end":{"line":161,"column":null}}]},"18":{"loc":{"start":{"line":161,"column":22},"end":{"line":161,"column":null}},"type":"cond-expr","locations":[{"start":{"line":161,"column":34},"end":{"line":161,"column":53}},{"start":{"line":161,"column":53},"end":{"line":161,"column":null}}]},"19":{"loc":{"start":{"line":175,"column":6},"end":{"line":175,"column":null}},"type":"if","locations":[{"start":{"line":175,"column":6},"end":{"line":175,"column":null}}]},"20":{"loc":{"start":{"line":188,"column":6},"end":{"line":194,"column":null}},"type":"if","locations":[{"start":{"line":188,"column":6},"end":{"line":194,"column":null}}]},"21":{"loc":{"start":{"line":188,"column":10},"end":{"line":188,"column":34}},"type":"binary-expr","locations":[{"start":{"line":188,"column":10},"end":{"line":188,"column":23}},{"start":{"line":188,"column":23},"end":{"line":188,"column":34}}]},"22":{"loc":{"start":{"line":197,"column":6},"end":{"line":210,"column":null}},"type":"if","locations":[{"start":{"line":197,"column":6},"end":{"line":210,"column":null}}]},"23":{"loc":{"start":{"line":197,"column":10},"end":{"line":197,"column":48}},"type":"binary-expr","locations":[{"start":{"line":197,"column":10},"end":{"line":197,"column":28}},{"start":{"line":197,"column":28},"end":{"line":197,"column":48}}]},"24":{"loc":{"start":{"line":204,"column":24},"end":{"line":204,"column":null}},"type":"cond-expr","locations":[{"start":{"line":204,"column":39},"end":{"line":204,"column":48}},{"start":{"line":204,"column":48},"end":{"line":204,"column":null}}]},"25":{"loc":{"start":{"line":207,"column":13},"end":{"line":207,"column":null}},"type":"cond-expr","locations":[{"start":{"line":207,"column":28},"end":{"line":207,"column":36}},{"start":{"line":207,"column":36},"end":{"line":207,"column":null}}]},"26":{"loc":{"start":{"line":213,"column":6},"end":{"line":226,"column":null}},"type":"if","locations":[{"start":{"line":213,"column":6},"end":{"line":226,"column":null}}]},"27":{"loc":{"start":{"line":213,"column":10},"end":{"line":213,"column":64}},"type":"binary-expr","locations":[{"start":{"line":213,"column":10},"end":{"line":213,"column":24}},{"start":{"line":213,"column":24},"end":{"line":213,"column":40}},{"start":{"line":213,"column":40},"end":{"line":213,"column":53}},{"start":{"line":213,"column":53},"end":{"line":213,"column":64}}]},"28":{"loc":{"start":{"line":229,"column":6},"end":{"line":235,"column":null}},"type":"if","locations":[{"start":{"line":229,"column":6},"end":{"line":235,"column":null}}]},"29":{"loc":{"start":{"line":237,"column":13},"end":{"line":241,"column":null}},"type":"cond-expr","locations":[{"start":{"line":238,"column":8},"end":{"line":241,"column":null}},{"start":{"line":241,"column":10},"end":{"line":241,"column":null}}]},"30":{"loc":{"start":{"line":246,"column":9},"end":{"line":246,"column":null}},"type":"binary-expr","locations":[{"start":{"line":246,"column":9},"end":{"line":246,"column":null}}]},"31":{"loc":{"start":{"line":249,"column":13},"end":{"line":249,"column":25}},"type":"binary-expr","locations":[{"start":{"line":249,"column":13},"end":{"line":249,"column":25}}]},"32":{"loc":{"start":{"line":260,"column":18},"end":{"line":260,"column":null}},"type":"cond-expr","locations":[{"start":{"line":260,"column":58},"end":{"line":260,"column":96}},{"start":{"line":260,"column":96},"end":{"line":260,"column":null}}]},"33":{"loc":{"start":{"line":260,"column":18},"end":{"line":260,"column":58}},"type":"binary-expr","locations":[{"start":{"line":260,"column":18},"end":{"line":260,"column":36}},{"start":{"line":260,"column":36},"end":{"line":260,"column":58}}]},"34":{"loc":{"start":{"line":260,"column":58},"end":{"line":260,"column":96}},"type":"cond-expr","locations":[{"start":{"line":260,"column":73},"end":{"line":260,"column":82}},{"start":{"line":260,"column":82},"end":{"line":260,"column":96}}]},"35":{"loc":{"start":{"line":282,"column":10},"end":{"line":282,"column":22}},"type":"binary-expr","locations":[{"start":{"line":282,"column":10},"end":{"line":282,"column":22}},{"start":{"line":282,"column":22},"end":{"line":282,"column":30}}]},"36":{"loc":{"start":{"line":283,"column":44},"end":{"line":283,"column":105}},"type":"cond-expr","locations":[{"start":{"line":283,"column":55},"end":{"line":283,"column":81}},{"start":{"line":283,"column":81},"end":{"line":283,"column":105}}]},"37":{"loc":{"start":{"line":284,"column":13},"end":{"line":284,"column":null}},"type":"binary-expr","locations":[{"start":{"line":284,"column":13},"end":{"line":284,"column":26}},{"start":{"line":284,"column":26},"end":{"line":284,"column":null}}]}},"s":{"0":0,"1":0,"2":0,"3":0,"4":0,"5":0,"6":0,"7":0,"8":0,"9":0,"10":0,"11":0,"12":0,"13":0,"14":0,"15":0,"16":0,"17":0,"18":0,"19":0,"20":0,"21":0,"22":0,"23":0,"24":0,"25":0,"26":0,"27":0,"28":0,"29":0,"30":0,"31":0,"32":0,"33":0,"34":0,"35":0,"36":0,"37":0,"38":0,"39":0,"40":0,"41":0,"42":0,"43":0,"44":0,"45":0,"46":0,"47":0,"48":0},"f":{"0":0,"1":0,"2":0,"3":0,"4":0,"5":0,"6":0,"7":0,"8":0,"9":0},"b":{"0":[0],"1":[0],"2":[0],"3":[0],"4":[0],"5":[0],"6":[0],"7":[0],"8":[0],"9":[0],"10":[0,0],"11":[0,0],"12":[0],"13":[0],"14":[0],"15":[0,0],"16":[0,0],"17":[0,0],"18":[0,0],"19":[0],"20":[0],"21":[0,0],"22":[0],"23":[0,0],"24":[0,0],"25":[0,0],"26":[0],"27":[0,0,0,0],"28":[0],"29":[0,0],"30":[0],"31":[0],"32":[0,0],"33":[0,0],"34":[0,0],"35":[0,0],"36":[0,0],"37":[0,0]}}
}
