TN:
SF:src/index.ts
FNF:0
FNH:0
DA:2,1
DA:5,1
DA:7,1
DA:9,1
DA:11,1
DA:13,1
DA:15,1
DA:17,1
LF:8
LH:8
BRF:0
BRH:0
end_of_record
TN:
SF:src/components/AILoading/AILoading.stories.tsx
FN:163,(anonymous_0)
FN:166,(anonymous_1)
FN:168,(anonymous_2)
FN:169,(anonymous_3)
FNF:4
FNH:0
FNDA:0,(anonymous_0)
FNDA:0,(anonymous_1)
FNDA:0,(anonymous_2)
FNDA:0,(anonymous_3)
DA:5,0
DA:54,0
DA:62,0
DA:71,0
DA:79,0
DA:87,0
DA:94,0
DA:104,0
DA:114,0
DA:129,0
DA:138,0
DA:147,0
DA:162,0
DA:164,0
DA:166,0
DA:167,0
DA:168,0
DA:169,0
DA:170,0
DA:171,0
DA:172,0
DA:174,0
DA:207,0
DA:230,0
LF:24
LH:0
BRDA:170,0,0,0
BRF:1
BRH:0
end_of_record
TN:
SF:src/components/AILoading/AILoading.tsx
FN:31,(anonymous_4)
FN:54,(anonymous_5)
FN:62,(anonymous_6)
FN:70,(anonymous_7)
FN:71,(anonymous_8)
FN:72,(anonymous_9)
FN:75,(anonymous_10)
FN:79,(anonymous_11)
FN:87,(anonymous_12)
FN:89,(anonymous_13)
FN:90,(anonymous_14)
FN:93,(anonymous_15)
FN:98,(anonymous_16)
FN:105,(anonymous_17)
FN:107,(anonymous_18)
FN:108,(anonymous_19)
FN:111,(anonymous_20)
FN:116,(anonymous_21)
FN:131,(anonymous_22)
FN:152,(anonymous_23)
FN:167,(anonymous_24)
FNF:21
FNH:17
FNDA:80,(anonymous_4)
FNDA:23,(anonymous_5)
FNDA:91,(anonymous_6)
FNDA:3,(anonymous_7)
FNDA:0,(anonymous_8)
FNDA:0,(anonymous_9)
FNDA:3,(anonymous_10)
FNDA:29,(anonymous_11)
FNDA:54,(anonymous_12)
FNDA:1,(anonymous_13)
FNDA:1,(anonymous_14)
FNDA:3,(anonymous_15)
FNDA:28,(anonymous_16)
FNDA:28,(anonymous_17)
FNDA:0,(anonymous_18)
FNDA:0,(anonymous_19)
FNDA:1,(anonymous_20)
FNDA:80,(anonymous_21)
FNDA:9,(anonymous_22)
FNDA:4,(anonymous_23)
FNDA:80,(anonymous_24)
DA:1,2
DA:2,2
DA:31,28
DA:45,80
DA:46,80
DA:47,80
DA:48,80
DA:51,80
DA:54,80
DA:55,23
DA:56,23
DA:58,23
DA:59,91
DA:60,91
DA:61,91
DA:62,91
DA:65,10
DA:66,10
DA:70,80
DA:71,3
DA:72,0
DA:75,3
DA:79,80
DA:80,29
DA:81,23
DA:82,23
DA:87,80
DA:88,54
DA:89,3
DA:90,1
DA:93,3
DA:98,80
DA:99,28
DA:100,3
DA:105,80
DA:106,28
DA:107,1
DA:108,0
DA:111,1
DA:116,80
DA:117,80
DA:132,9
DA:153,4
DA:162,0
DA:167,80
DA:168,80
LF:46
LH:43
BRDA:32,0,0,24
BRDA:33,1,0,47
BRDA:34,2,0,63
BRDA:35,3,0,36
BRDA:36,4,0,65
BRDA:37,5,0,68
BRDA:38,6,0,70
BRDA:39,7,0,78
BRDA:40,8,0,78
BRDA:41,9,0,78
BRDA:51,10,0,15
BRDA:51,10,1,65
BRDA:80,11,0,23
BRDA:80,12,0,29
BRDA:80,12,1,23
BRDA:88,13,0,3
BRDA:88,14,0,54
BRDA:88,14,1,5
BRDA:88,14,2,5
BRDA:99,15,0,3
BRDA:106,16,0,1
BRDA:117,17,0,0
BRDA:134,18,0,3
BRDA:134,18,1,6
BRDA:155,19,0,1
BRDA:155,19,1,3
BRDA:168,20,0,70
BRDA:175,21,0,2
BRDA:175,21,1,8
BRDA:178,22,0,2
BRDA:178,22,1,8
BRDA:182,23,0,10
BRF:32
BRH:31
end_of_record
TN:
SF:src/components/AILoading/index.ts
FNF:0
FNH:0
DA:1,1
LF:1
LH:1
BRF:0
BRH:0
end_of_record
TN:
SF:src/components/AIMessage/AIMessage.stories.tsx
FNF:0
FNH:0
DA:4,0
DA:69,0
DA:78,0
DA:114,0
DA:141,0
DA:173,0
DA:198,0
DA:215,0
DA:225,0
DA:245,0
DA:274,0
LF:11
LH:0
BRF:0
BRH:0
end_of_record
TN:
SF:src/components/AIMessage/AIMessage.tsx
FN:47,(anonymous_4)
FN:50,(anonymous_5)
FN:52,(anonymous_6)
FN:61,(anonymous_7)
FN:84,(anonymous_8)
FN:92,(anonymous_9)
FN:99,(anonymous_10)
FN:106,(anonymous_11)
FN:123,(anonymous_12)
FN:129,(anonymous_13)
FN:134,(anonymous_14)
FN:139,(anonymous_15)
FN:151,(anonymous_16)
FN:240,(anonymous_17)
FNF:14
FNH:11
FNDA:36,(anonymous_4)
FNDA:0,(anonymous_5)
FNDA:0,(anonymous_6)
FNDA:36,(anonymous_7)
FNDA:1,(anonymous_8)
FNDA:3,(anonymous_9)
FNDA:0,(anonymous_10)
FNDA:36,(anonymous_11)
FNDA:38,(anonymous_12)
FNDA:1,(anonymous_13)
FNDA:1,(anonymous_14)
FNDA:1,(anonymous_15)
FNDA:41,(anonymous_16)
FNDA:36,(anonymous_17)
DA:2,2
DA:3,2
DA:4,2
DA:40,2
DA:47,2
DA:48,36
DA:50,36
DA:52,0
DA:53,0
DA:57,36
DA:60,34
DA:81,36
DA:84,36
DA:85,1
DA:86,1
DA:88,0
DA:92,36
DA:93,3
DA:94,3
DA:95,2
DA:96,2
DA:99,2
DA:101,1
DA:106,36
DA:107,36
DA:112,35
DA:117,34
DA:118,34
DA:119,34
DA:120,34
DA:121,34
DA:123,34
DA:124,38
DA:126,32
DA:129,32
DA:130,1
DA:134,32
DA:135,1
DA:139,32
DA:140,1
DA:143,32
DA:147,32
DA:151,34
DA:152,41
DA:153,2
DA:155,1
DA:156,1
DA:161,1
DA:162,1
DA:165,1
DA:166,1
DA:168,39
DA:170,3
DA:171,36
DA:173,2
DA:174,2
DA:175,2
DA:176,2
DA:178,2
DA:179,1
DA:184,1
DA:185,1
DA:190,0
DA:191,0
DA:196,0
DA:197,0
DA:202,0
DA:203,0
DA:209,0
DA:215,34
DA:217,0
DA:220,34
DA:225,34
DA:228,34
DA:240,36
DA:241,36
DA:264,29
DA:268,36
DA:269,36
DA:270,36
DA:272,36
DA:282,36
DA:351,2
LF:83
LH:72
BRDA:52,0,0,0
BRDA:52,1,0,0
BRDA:52,1,1,0
BRDA:52,1,2,0
BRDA:64,2,0,29
BRDA:65,3,0,35
BRDA:67,4,0,35
BRDA:69,5,0,35
BRDA:70,6,0,34
BRDA:71,7,0,35
BRDA:76,8,0,30
BRDA:85,9,0,1
BRDA:107,10,0,1
BRDA:112,11,0,1
BRDA:124,12,0,32
BRDA:152,13,0,2
BRDA:152,13,1,39
BRDA:153,14,0,1
BRDA:153,14,1,1
BRDA:168,15,0,3
BRDA:168,15,1,36
BRDA:171,16,0,2
BRDA:171,16,1,34
BRDA:174,17,0,2
BRDA:174,17,1,0
BRDA:178,18,0,1
BRDA:178,18,1,1
BRDA:184,19,0,1
BRDA:184,19,1,0
BRDA:190,20,0,0
BRDA:190,20,1,0
BRDA:196,21,0,0
BRDA:196,21,1,0
BRDA:202,22,0,0
BRDA:202,22,1,0
BRDA:215,23,0,0
BRDA:215,23,1,34
BRDA:228,24,0,0
BRDA:241,25,0,29
BRDA:270,26,0,2
BRDA:270,26,1,34
BRDA:294,27,0,36
BRDA:294,27,1,35
BRDA:296,28,0,34
BRDA:301,29,0,34
BRDA:304,30,0,34
BRDA:304,30,1,33
BRDA:323,31,0,36
BRDA:326,32,0,2
BRDA:326,32,1,33
BRDA:328,33,0,35
BRDA:328,33,1,32
BRDA:329,34,0,2
BRDA:329,34,1,33
BRDA:330,35,0,2
BRDA:330,35,1,33
BRDA:333,36,0,2
BRF:57
BRH:43
end_of_record
TN:
SF:src/components/AIMessage/index.ts
FNF:0
FNH:0
DA:1,1
LF:1
LH:1
BRF:0
BRH:0
end_of_record
TN:
SF:src/components/AIPromptInput/AIPromptInput.stories.tsx
FN:350,(anonymous_3)
FN:354,(anonymous_4)
FN:358,(anonymous_5)
FN:360,(anonymous_6)
FN:366,(anonymous_7)
FN:367,(anonymous_8)
FN:367,(anonymous_9)
FN:370,(anonymous_10)
FN:401,(anonymous_11)
FNF:9
FNH:0
FNDA:0,(anonymous_3)
FNDA:0,(anonymous_4)
FNDA:0,(anonymous_5)
FNDA:0,(anonymous_6)
FNDA:0,(anonymous_7)
FNDA:0,(anonymous_8)
FNDA:0,(anonymous_9)
FNDA:0,(anonymous_10)
FNDA:0,(anonymous_11)
DA:6,0
DA:92,0
DA:125,0
DA:160,0
DA:187,0
DA:196,0
DA:205,0
DA:217,0
DA:229,0
DA:240,0
DA:252,0
DA:271,0
DA:294,0
DA:317,0
DA:349,0
DA:351,0
DA:352,0
DA:354,0
DA:355,0
DA:358,0
DA:359,0
DA:360,0
DA:361,0
DA:362,0
DA:366,0
DA:367,0
DA:370,0
DA:371,0
DA:402,0
DA:415,0
DA:438,0
LF:31
LH:0
BRDA:359,0,0,0
BRDA:397,1,0,0
BRDA:397,1,1,0
BRDA:400,2,0,0
BRF:4
BRH:0
end_of_record
TN:
SF:src/components/AIPromptInput/AIPromptInput.tsx
FN:101,(anonymous_4)
FN:157,(anonymous_5)
FN:164,(anonymous_6)
FN:166,(anonymous_7)
FN:176,(anonymous_8)
FN:178,(anonymous_9)
FN:181,(anonymous_10)
FN:190,(anonymous_11)
FN:193,(anonymous_12)
FN:205,(anonymous_13)
FN:233,(anonymous_14)
FN:244,(anonymous_15)
FN:249,(anonymous_16)
FN:259,(anonymous_17)
FN:298,(anonymous_18)
FN:316,(anonymous_19)
FN:326,(anonymous_20)
FN:336,(anonymous_21)
FN:346,(anonymous_22)
FN:356,(anonymous_23)
FN:365,(anonymous_24)
FN:377,(anonymous_25)
FN:386,(anonymous_26)
FN:395,(anonymous_27)
FN:407,(anonymous_28)
FN:417,(anonymous_29)
FN:423,(anonymous_30)
FN:440,(anonymous_31)
FN:457,(anonymous_32)
FN:463,(anonymous_33)
FN:475,(anonymous_34)
FN:491,(anonymous_35)
FN:497,(anonymous_36)
FN:505,(anonymous_37)
FN:517,(anonymous_38)
FN:527,(anonymous_39)
FN:533,(anonymous_40)
FNF:37
FNH:10
FNDA:45,(anonymous_4)
FNDA:21,(anonymous_5)
FNDA:21,(anonymous_6)
FNDA:0,(anonymous_7)
FNDA:21,(anonymous_8)
FNDA:0,(anonymous_9)
FNDA:0,(anonymous_10)
FNDA:21,(anonymous_11)
FNDA:0,(anonymous_12)
FNDA:0,(anonymous_13)
FNDA:0,(anonymous_14)
FNDA:0,(anonymous_15)
FNDA:0,(anonymous_16)
FNDA:0,(anonymous_17)
FNDA:0,(anonymous_18)
FNDA:0,(anonymous_19)
FNDA:0,(anonymous_20)
FNDA:0,(anonymous_21)
FNDA:0,(anonymous_22)
FNDA:0,(anonymous_23)
FNDA:0,(anonymous_24)
FNDA:0,(anonymous_25)
FNDA:0,(anonymous_26)
FNDA:22,(anonymous_27)
FNDA:45,(anonymous_28)
FNDA:0,(anonymous_29)
FNDA:0,(anonymous_30)
FNDA:45,(anonymous_31)
FNDA:0,(anonymous_32)
FNDA:0,(anonymous_33)
FNDA:45,(anonymous_34)
FNDA:0,(anonymous_35)
FNDA:0,(anonymous_36)
FNDA:0,(anonymous_37)
FNDA:45,(anonymous_38)
FNDA:0,(anonymous_39)
FNDA:0,(anonymous_40)
DA:1,2
DA:2,2
DA:3,2
DA:101,23
DA:139,45
DA:140,45
DA:141,45
DA:142,45
DA:143,45
DA:144,45
DA:145,45
DA:146,45
DA:147,45
DA:148,45
DA:150,45
DA:151,45
DA:152,45
DA:153,45
DA:154,45
DA:157,45
DA:158,21
DA:159,2
DA:164,45
DA:165,21
DA:166,3
DA:167,0
DA:169,3
DA:171,18
DA:176,45
DA:177,21
DA:178,3
DA:179,0
DA:181,0
DA:183,3
DA:185,18
DA:190,45
DA:191,21
DA:192,0
DA:193,0
DA:194,0
DA:198,0
DA:200,21
DA:205,45
DA:206,0
DA:207,0
DA:208,0
DA:211,0
DA:214,0
DA:215,0
DA:216,0
DA:217,0
DA:218,0
DA:219,0
DA:220,0
DA:221,0
DA:222,0
DA:223,0
DA:225,0
DA:226,0
DA:227,0
DA:228,0
DA:233,45
DA:234,0
DA:235,0
DA:238,0
DA:239,0
DA:244,45
DA:245,0
DA:246,0
DA:249,0
DA:250,0
DA:251,0
DA:252,0
DA:253,0
DA:254,0
DA:259,45
DA:260,0
DA:261,0
DA:262,0
DA:265,0
DA:266,0
DA:270,0
DA:271,0
DA:272,0
DA:273,0
DA:274,0
DA:275,0
DA:276,0
DA:277,0
DA:278,0
DA:279,0
DA:280,0
DA:281,0
DA:282,0
DA:283,0
DA:284,0
DA:291,0
DA:292,0
DA:298,0
DA:300,0
DA:301,0
DA:302,0
DA:309,0
DA:310,0
DA:316,0
DA:326,45
DA:327,0
DA:328,0
DA:329,0
DA:330,0
DA:331,0
DA:332,0
DA:336,45
DA:337,0
DA:338,0
DA:339,0
DA:340,0
DA:341,0
DA:342,0
DA:346,45
DA:347,0
DA:348,0
DA:349,0
DA:350,0
DA:351,0
DA:352,0
DA:356,45
DA:357,0
DA:358,0
DA:359,0
DA:360,0
DA:361,0
DA:365,45
DA:366,0
DA:367,0
DA:368,0
DA:369,0
DA:370,0
DA:371,0
DA:372,0
DA:373,0
DA:377,45
DA:378,0
DA:379,0
DA:380,0
DA:381,0
DA:382,0
DA:386,45
DA:387,0
DA:388,0
DA:389,0
DA:390,0
DA:391,0
DA:395,45
DA:396,22
DA:397,22
DA:398,22
DA:399,22
DA:400,22
DA:401,22
DA:403,22
DA:407,45
DA:408,45
DA:418,0
DA:423,0
DA:440,45
DA:441,45
DA:458,0
DA:463,0
DA:475,45
DA:476,45
DA:478,0
DA:482,0
DA:492,0
DA:497,0
DA:506,0
DA:517,45
DA:518,45
DA:528,0
DA:533,0
LF:180
LH:62
BRDA:103,0,0,43
BRDA:104,1,0,45
BRDA:105,2,0,43
BRDA:106,3,0,43
BRDA:107,4,0,42
BRDA:108,5,0,42
BRDA:109,6,0,45
BRDA:110,7,0,41
BRDA:111,8,0,45
BRDA:112,9,0,41
BRDA:113,10,0,45
BRDA:114,11,0,45
BRDA:115,12,0,45
BRDA:116,13,0,45
BRDA:117,14,0,45
BRDA:118,15,0,45
BRDA:119,16,0,45
BRDA:120,17,0,45
BRDA:121,18,0,45
BRDA:123,19,0,43
BRDA:126,20,0,39
BRDA:127,21,0,43
BRDA:139,22,0,45
BRDA:139,22,1,40
BRDA:158,23,0,2
BRDA:165,24,0,3
BRDA:165,24,1,18
BRDA:177,25,0,3
BRDA:177,25,1,18
BRDA:179,26,0,0
BRDA:179,26,1,0
BRDA:179,26,2,0
BRDA:191,27,0,0
BRDA:191,27,1,21
BRDA:194,28,0,0
BRDA:194,28,1,0
BRDA:194,28,2,0
BRDA:214,29,0,0
BRDA:214,29,1,0
BRDA:214,30,0,0
BRDA:214,30,1,0
BRDA:219,31,0,0
BRDA:219,31,1,0
BRDA:219,32,0,0
BRDA:219,32,1,0
BRDA:238,33,0,0
BRDA:238,34,0,0
BRDA:238,34,1,0
BRDA:260,35,0,0
BRDA:260,35,1,0
BRDA:265,36,0,0
BRDA:265,37,0,0
BRDA:265,37,1,0
BRDA:275,38,0,0
BRDA:275,38,1,0
BRDA:282,39,0,0
BRDA:282,39,1,0
BRDA:285,40,0,0
BRDA:285,40,1,0
BRDA:286,41,0,0
BRDA:286,41,1,0
BRDA:287,42,0,0
BRDA:287,42,1,0
BRDA:288,43,0,0
BRDA:288,43,1,0
BRDA:291,44,0,0
BRDA:293,45,0,0
BRDA:293,45,1,0
BRDA:294,46,0,0
BRDA:294,46,1,0
BRDA:295,47,0,0
BRDA:295,47,1,0
BRDA:296,48,0,0
BRDA:296,48,1,0
BRDA:298,49,0,0
BRDA:298,49,1,0
BRDA:300,50,0,0
BRDA:303,51,0,0
BRDA:303,51,1,0
BRDA:304,52,0,0
BRDA:304,52,1,0
BRDA:305,53,0,0
BRDA:305,53,1,0
BRDA:306,54,0,0
BRDA:306,54,1,0
BRDA:309,55,0,0
BRDA:311,56,0,0
BRDA:311,56,1,0
BRDA:312,57,0,0
BRDA:312,57,1,0
BRDA:313,58,0,0
BRDA:313,58,1,0
BRDA:314,59,0,0
BRDA:314,59,1,0
BRDA:316,60,0,0
BRDA:316,60,1,0
BRDA:399,61,0,3
BRDA:399,61,1,19
BRDA:400,62,0,0
BRDA:400,62,1,22
BRDA:401,63,0,1
BRDA:401,63,1,21
BRDA:408,64,0,45
BRDA:408,65,0,45
BRDA:408,65,1,0
BRDA:421,66,0,0
BRDA:421,66,1,0
BRDA:426,67,0,0
BRDA:429,68,0,0
BRDA:441,69,0,45
BRDA:441,70,0,45
BRDA:441,70,1,0
BRDA:461,71,0,0
BRDA:461,71,1,0
BRDA:476,72,0,45
BRDA:478,73,0,0
BRDA:478,73,1,0
BRDA:482,74,0,0
BRDA:495,75,0,0
BRDA:495,75,1,0
BRDA:518,76,0,45
BRDA:518,77,0,45
BRDA:518,77,1,0
BRDA:531,78,0,0
BRDA:531,78,1,0
BRDA:547,79,0,45
BRDA:550,80,0,8
BRDA:568,81,0,45
BRDA:568,81,1,37
BRDA:570,82,0,4
BRDA:570,82,1,41
BRDA:570,83,0,4
BRDA:570,83,1,37
BRDA:574,84,0,45
BRDA:586,85,0,45
BRDA:598,86,0,45
BRDA:598,86,1,45
BRDA:619,87,0,45
BRDA:619,87,1,4
BRDA:625,88,0,45
BRF:140
BRH:57
end_of_record
TN:
SF:src/components/AIPromptInput/index.ts
FNF:0
FNH:0
DA:1,1
LF:1
LH:1
BRF:0
BRH:0
end_of_record
TN:
SF:src/components/Button/Button.stories.tsx
FNF:0
FNH:0
DA:4,0
DA:13,0
DA:14,0
DA:15,0
DA:16,0
DA:17,0
DA:18,0
DA:19,0
LF:8
LH:0
BRF:0
BRH:0
end_of_record
TN:
SF:src/components/Button/Button.tsx
FN:19,(anonymous_4)
FN:59,(anonymous_5)
FNF:2
FNH:2
FNDA:98,(anonymous_4)
FNDA:9,(anonymous_5)
DA:2,2
DA:3,2
DA:4,2
DA:18,98
DA:36,98
DA:39,98
DA:40,98
DA:41,98
DA:42,98
DA:43,98
DA:44,98
DA:45,98
DA:47,98
DA:59,98
DA:60,9
DA:61,0
DA:62,0
DA:64,9
DA:88,0
DA:89,0
DA:90,0
DA:91,0
DA:92,0
DA:94,0
DA:105,0
DA:120,2
LF:26
LH:17
BRDA:22,0,0,89
BRDA:23,1,0,75
BRDA:24,2,0,77
BRDA:25,3,0,83
BRDA:26,4,0,93
BRDA:27,5,0,87
BRDA:28,6,0,93
BRDA:36,7,0,98
BRDA:36,7,1,98
BRDA:39,8,0,98
BRDA:43,9,0,4
BRDA:43,9,1,94
BRDA:44,10,0,13
BRDA:44,10,1,85
BRDA:45,11,0,19
BRDA:45,11,1,79
BRDA:45,12,0,98
BRDA:45,12,1,89
BRDA:60,13,0,0
BRDA:60,14,0,9
BRDA:60,14,1,9
BRDA:72,15,0,98
BRDA:72,15,1,89
BRDA:77,16,0,98
BRDA:91,17,0,0
BRDA:91,17,1,0
BRDA:92,18,0,0
BRDA:92,18,1,0
BRDA:111,19,0,0
BRDA:111,19,1,0
BRF:30
BRH:23
end_of_record
TN:
SF:src/components/Button/index.ts
FNF:0
FNH:0
DA:1,1
LF:1
LH:1
BRF:0
BRH:0
end_of_record
TN:
SF:src/components/ChatInterface/ChatInterface.stories.tsx
FN:21,(anonymous_0)
FNF:1
FNH:0
FNDA:0,(anonymous_0)
DA:4,0
DA:18,0
DA:19,0
DA:21,0
LF:4
LH:0
BRDA:23,0,0,0
BRDA:23,0,1,0
BRF:2
BRH:0
end_of_record
TN:
SF:src/components/ChatInterface/ChatInterface.tsx
FN:30,(anonymous_4)
FN:50,(anonymous_5)
FN:57,(anonymous_6)
FN:67,(anonymous_7)
FN:75,(anonymous_8)
FN:82,(anonymous_9)
FN:89,(anonymous_10)
FN:94,(anonymous_11)
FN:103,(anonymous_12)
FN:111,(anonymous_13)
FN:112,(anonymous_14)
FN:118,(anonymous_15)
FN:122,(anonymous_16)
FN:123,(anonymous_17)
FN:132,(anonymous_18)
FN:145,(anonymous_19)
FN:177,(anonymous_20)
FN:186,(anonymous_21)
FN:194,(anonymous_22)
FN:227,(anonymous_23)
FN:240,(anonymous_24)
FNF:21
FNH:21
FNDA:98,(anonymous_4)
FNDA:68,(anonymous_5)
FNDA:68,(anonymous_6)
FNDA:68,(anonymous_7)
FNDA:68,(anonymous_8)
FNDA:24,(anonymous_9)
FNDA:24,(anonymous_10)
FNDA:18,(anonymous_11)
FNDA:17,(anonymous_12)
FNDA:14,(anonymous_13)
FNDA:51,(anonymous_14)
FNDA:18,(anonymous_15)
FNDA:1,(anonymous_16)
FNDA:2,(anonymous_17)
FNDA:23,(anonymous_18)
FNDA:23,(anonymous_19)
FNDA:5,(anonymous_20)
FNDA:2,(anonymous_21)
FNDA:128,(anonymous_22)
FNDA:129,(anonymous_23)
FNDA:26,(anonymous_24)
DA:2,2
DA:3,2
DA:30,32
DA:41,98
DA:42,98
DA:43,98
DA:44,98
DA:45,98
DA:46,98
DA:47,98
DA:50,98
DA:51,68
DA:52,0
DA:57,98
DA:58,68
DA:59,68
DA:61,68
DA:62,68
DA:63,68
DA:64,68
DA:67,68
DA:68,68
DA:69,67
DA:75,98
DA:76,68
DA:78,68
DA:82,98
DA:83,24
DA:89,24
DA:90,24
DA:94,98
DA:95,18
DA:103,18
DA:106,18
DA:107,18
DA:109,18
DA:110,18
DA:111,18
DA:112,14
DA:113,51
DA:118,18
DA:122,15
DA:123,1
DA:124,2
DA:132,98
DA:133,23
DA:137,23
DA:139,23
DA:140,23
DA:143,23
DA:145,23
DA:146,23
DA:147,23
DA:148,23
DA:150,23
DA:151,23
DA:154,23
DA:155,2
DA:158,23
DA:159,23
DA:160,21
DA:162,20
DA:163,16
DA:167,2
DA:168,2
DA:171,1
DA:172,1
DA:174,20
DA:175,1
DA:177,20
DA:178,5
DA:179,5
DA:180,5
DA:186,98
DA:187,2
DA:188,1
DA:189,1
DA:194,98
DA:195,128
DA:228,129
DA:240,26
DA:264,2
LF:82
LH:81
BRDA:31,0,0,94
BRDA:32,1,0,0
BRDA:33,2,0,97
BRDA:36,3,0,97
BRDA:41,4,0,96
BRDA:41,4,1,2
BRDA:51,5,0,0
BRDA:59,6,0,68
BRDA:68,7,0,67
BRDA:110,8,0,0
BRDA:110,8,1,18
BRDA:113,9,0,14
BRDA:113,9,1,37
BRDA:124,10,0,1
BRDA:124,10,1,1
BRDA:133,11,0,0
BRDA:133,12,0,23
BRDA:133,12,1,23
BRDA:137,13,0,0
BRDA:137,14,0,23
BRDA:137,14,1,2
BRDA:143,15,0,0
BRDA:154,16,0,2
BRDA:159,17,0,21
BRDA:159,17,1,2
BRDA:162,18,0,16
BRDA:162,19,0,20
BRDA:162,19,1,19
BRDA:174,20,0,1
BRDA:187,21,0,1
BRDA:187,22,0,2
BRDA:187,22,1,2
BRDA:197,23,0,79
BRDA:197,23,1,49
BRDA:202,24,0,128
BRDA:216,25,0,4
BRDA:216,25,1,94
BRDA:216,26,0,98
BRDA:216,26,1,23
BRDA:221,27,0,48
BRDA:221,27,1,50
BRDA:229,28,0,1
BRDA:229,28,1,128
BRDA:243,29,0,98
BRDA:243,29,1,97
BRDA:243,29,2,22
BRDA:249,30,0,98
BRDA:249,30,1,26
BRDA:249,30,2,26
BRDA:249,30,3,5
BRDA:253,31,0,4
BRDA:253,31,1,94
BRDA:253,32,0,98
BRDA:253,32,1,23
BRF:54
BRH:48
end_of_record
TN:
SF:src/components/ChatInterface/index.ts
FNF:0
FNH:0
DA:1,1
LF:1
LH:1
BRF:0
BRH:0
end_of_record
TN:
SF:src/components/Input/Input.stories.tsx
FNF:0
FNH:0
DA:4,0
DA:13,0
DA:14,0
DA:15,0
DA:16,0
DA:17,0
DA:18,0
DA:19,0
DA:20,0
DA:21,0
DA:22,0
DA:23,0
DA:24,0
DA:25,0
DA:26,0
LF:15
LH:0
BRF:0
BRH:0
end_of_record
TN:
SF:src/components/Input/Input.tsx
FN:69,(anonymous_4)
FN:114,(anonymous_5)
FN:123,(anonymous_6)
FN:131,(anonymous_7)
FN:132,(anonymous_8)
FN:136,(anonymous_9)
FN:144,(anonymous_10)
FN:149,(anonymous_11)
FN:174,(anonymous_12)
FN:184,(anonymous_13)
FNF:10
FNH:10
FNDA:46,(anonymous_4)
FNDA:3,(anonymous_5)
FNDA:2,(anonymous_6)
FNDA:3,(anonymous_7)
FNDA:3,(anonymous_8)
FNDA:1,(anonymous_9)
FNDA:2,(anonymous_10)
FNDA:1,(anonymous_11)
FNDA:46,(anonymous_12)
FNDA:46,(anonymous_13)
DA:2,2
DA:3,2
DA:68,35
DA:105,46
DA:106,46
DA:107,46
DA:109,46
DA:110,46
DA:111,46
DA:114,46
DA:115,3
DA:116,3
DA:117,3
DA:119,3
DA:123,46
DA:124,2
DA:125,2
DA:127,2
DA:131,46
DA:132,3
DA:136,46
DA:137,1
DA:138,1
DA:140,1
DA:144,46
DA:145,2
DA:146,2
DA:149,46
DA:150,1
DA:151,1
DA:155,46
DA:156,46
DA:157,46
DA:158,46
DA:163,46
DA:174,46
DA:175,46
DA:184,46
DA:185,46
DA:188,46
DA:189,4
DA:197,46
DA:198,5
DA:213,46
DA:214,2
DA:229,46
DA:230,1
DA:237,46
DA:292,2
LF:49
LH:49
BRDA:71,0,0,38
BRDA:72,1,0,43
BRDA:73,2,0,43
BRDA:74,3,0,45
BRDA:75,4,0,45
BRDA:76,5,0,45
BRDA:87,6,0,42
BRDA:88,7,0,41
BRDA:92,8,0,42
BRDA:94,9,0,46
BRDA:105,10,0,46
BRDA:105,10,1,39
BRDA:109,11,0,1
BRDA:109,11,1,45
BRDA:116,12,0,3
BRDA:124,13,0,2
BRDA:137,14,0,1
BRDA:158,15,0,1
BRDA:158,15,1,45
BRDA:159,16,0,1
BRDA:159,16,1,44
BRDA:160,17,0,2
BRDA:160,17,1,42
BRDA:161,18,0,2
BRDA:161,18,1,40
BRDA:175,19,0,45
BRDA:188,20,0,4
BRDA:188,21,0,46
BRDA:188,21,1,4
BRDA:197,22,0,5
BRDA:197,23,0,46
BRDA:197,23,1,5
BRDA:204,24,0,2
BRDA:204,24,1,3
BRDA:207,25,0,2
BRDA:207,25,1,3
BRDA:213,26,0,2
BRDA:213,27,0,46
BRDA:213,27,1,4
BRDA:213,27,2,2
BRDA:213,27,3,2
BRDA:229,28,0,1
BRDA:237,29,0,12
BRDA:237,29,1,34
BRDA:246,30,0,46
BRDA:249,31,0,2
BRDA:260,32,0,5
BRDA:260,32,1,41
BRDA:260,33,0,46
BRDA:260,33,1,5
BRDA:260,34,0,2
BRDA:260,34,1,3
BRDA:282,35,0,46
BRDA:282,35,1,45
BRDA:283,36,0,2
BRDA:283,36,1,1
BRDA:284,37,0,3
BRDA:284,37,1,1
BRF:58
BRH:58
end_of_record
TN:
SF:src/components/Input/index.ts
FNF:0
FNH:0
DA:1,1
LF:1
LH:1
BRF:0
BRH:0
end_of_record
TN:
SF:src/components/Select/Select.stories.tsx
FN:235,(anonymous_2)
FN:242,(anonymous_3)
FN:260,(anonymous_4)
FN:272,(anonymous_5)
FN:289,(anonymous_6)
FN:299,(anonymous_7)
FN:320,(anonymous_8)
FN:320,(anonymous_9)
FN:330,(anonymous_10)
FN:332,(anonymous_11)
FNF:10
FNH:0
FNDA:0,(anonymous_2)
FNDA:0,(anonymous_3)
FNDA:0,(anonymous_4)
FNDA:0,(anonymous_5)
FNDA:0,(anonymous_6)
FNDA:0,(anonymous_7)
FNDA:0,(anonymous_8)
FNDA:0,(anonymous_9)
FNDA:0,(anonymous_10)
FNDA:0,(anonymous_11)
DA:5,0
DA:63,0
DA:76,0
DA:84,0
DA:92,0
DA:102,0
DA:112,0
DA:123,0
DA:146,0
DA:169,0
DA:178,0
DA:187,0
DA:196,0
DA:206,0
DA:214,0
DA:224,0
DA:234,0
DA:236,0
DA:243,0
DA:244,0
DA:259,0
DA:261,0
DA:273,0
DA:274,0
DA:289,0
DA:298,0
DA:300,0
DA:305,0
DA:320,0
DA:331,0
DA:332,0
LF:31
LH:0
BRDA:243,0,0,0
BRDA:243,1,0,0
BRDA:243,1,1,0
BRDA:273,2,0,0
BRDA:273,3,0,0
BRDA:273,3,1,0
BRDA:282,4,0,0
BRDA:331,5,0,0
BRDA:331,6,0,0
BRDA:331,6,1,0
BRDA:338,7,0,0
BRDA:338,7,1,0
BRF:12
BRH:0
end_of_record
TN:
SF:src/components/Select/Select.tsx
FN:81,(anonymous_4)
FN:132,(anonymous_5)
FN:134,(anonymous_6)
FN:140,(anonymous_7)
FN:141,(anonymous_8)
FN:145,(anonymous_9)
FN:146,(anonymous_10)
FN:158,(anonymous_11)
FN:167,(anonymous_12)
FN:175,(anonymous_13)
FN:186,(anonymous_14)
FN:192,(anonymous_15)
FN:220,(anonymous_16)
FN:228,(anonymous_17)
FN:244,(anonymous_18)
FN:249,(anonymous_19)
FN:254,(anonymous_20)
FN:260,(anonymous_21)
FN:267,(anonymous_22)
FN:268,(anonymous_23)
FN:278,(anonymous_24)
FN:283,(anonymous_25)
FN:290,(anonymous_26)
FN:387,(anonymous_27)
FN:405,(anonymous_28)
FN:413,(anonymous_29)
FN:423,(anonymous_30)
FNF:27
FNH:25
FNDA:56,(anonymous_4)
FNDA:25,(anonymous_5)
FNDA:12,(anonymous_6)
FNDA:28,(anonymous_7)
FNDA:83,(anonymous_8)
FNDA:6,(anonymous_9)
FNDA:15,(anonymous_10)
FNDA:21,(anonymous_11)
FNDA:0,(anonymous_12)
FNDA:6,(anonymous_13)
FNDA:1,(anonymous_14)
FNDA:6,(anonymous_15)
FNDA:2,(anonymous_16)
FNDA:0,(anonymous_17)
FNDA:17,(anonymous_18)
FNDA:2,(anonymous_19)
FNDA:3,(anonymous_20)
FNDA:3,(anonymous_21)
FNDA:44,(anonymous_22)
FNDA:9,(anonymous_23)
FNDA:13,(anonymous_24)
FNDA:22,(anonymous_25)
FNDA:22,(anonymous_26)
FNDA:1,(anonymous_27)
FNDA:1,(anonymous_28)
FNDA:65,(anonymous_29)
FNDA:4,(anonymous_30)
DA:2,2
DA:3,2
DA:4,2
DA:80,26
DA:119,56
DA:120,56
DA:121,56
DA:122,56
DA:124,56
DA:125,56
DA:126,56
DA:129,56
DA:132,56
DA:133,25
DA:134,3
DA:135,12
DA:140,56
DA:141,83
DA:145,56
DA:146,15
DA:149,6
DA:150,1
DA:153,6
DA:154,6
DA:158,56
DA:159,21
DA:161,19
DA:162,19
DA:164,19
DA:165,13
DA:166,13
DA:167,0
DA:170,6
DA:175,56
DA:176,6
DA:178,5
DA:179,5
DA:180,5
DA:181,5
DA:182,5
DA:186,56
DA:187,1
DA:188,1
DA:192,56
DA:193,6
DA:195,6
DA:198,1
DA:199,1
DA:200,0
DA:201,0
DA:202,1
DA:203,1
DA:205,1
DA:207,0
DA:208,0
DA:209,0
DA:210,0
DA:212,0
DA:214,2
DA:215,2
DA:216,0
DA:217,0
DA:218,0
DA:220,2
DA:221,2
DA:224,2
DA:226,0
DA:227,0
DA:228,0
DA:229,0
DA:232,0
DA:234,0
DA:235,0
DA:236,0
DA:237,0
DA:239,0
DA:244,56
DA:245,17
DA:249,56
DA:250,2
DA:254,56
DA:255,3
DA:256,3
DA:260,56
DA:261,3
DA:262,0
DA:267,56
DA:268,44
DA:269,9
DA:270,2
DA:271,2
DA:272,2
DA:276,44
DA:277,13
DA:278,13
DA:283,56
DA:284,22
DA:285,0
DA:290,56
DA:291,22
DA:292,3
DA:297,56
DA:310,56
DA:387,1
DA:405,1
DA:414,65
DA:423,4
DA:462,2
LF:108
LH:85
BRDA:83,0,0,53
BRDA:84,1,0,53
BRDA:85,2,0,55
BRDA:86,3,0,55
BRDA:87,4,0,55
BRDA:88,5,0,0
BRDA:96,6,0,0
BRDA:98,7,0,51
BRDA:99,8,0,53
BRDA:103,9,0,56
BRDA:104,10,0,56
BRDA:105,11,0,56
BRDA:109,12,0,56
BRDA:110,13,0,53
BRDA:111,14,0,53
BRDA:112,15,0,54
BRDA:113,16,0,54
BRDA:114,17,0,54
BRDA:120,18,0,56
BRDA:120,18,1,48
BRDA:129,19,0,56
BRDA:129,19,1,56
BRDA:133,20,0,22
BRDA:133,21,0,25
BRDA:133,21,1,4
BRDA:149,22,0,1
BRDA:149,23,0,6
BRDA:149,23,1,1
BRDA:149,23,2,1
BRDA:159,24,0,2
BRDA:159,25,0,21
BRDA:159,25,1,20
BRDA:164,26,0,13
BRDA:164,26,1,6
BRDA:166,27,0,0
BRDA:166,28,0,13
BRDA:166,28,1,1
BRDA:176,29,0,1
BRDA:193,30,0,0
BRDA:193,31,0,6
BRDA:193,31,1,6
BRDA:195,32,0,1
BRDA:195,32,1,1
BRDA:195,32,2,0
BRDA:195,32,3,2
BRDA:195,32,4,0
BRDA:195,32,5,0
BRDA:199,33,0,0
BRDA:199,33,1,1
BRDA:202,34,0,1
BRDA:202,35,0,1
BRDA:202,35,1,1
BRDA:207,36,0,0
BRDA:215,37,0,0
BRDA:215,37,1,2
BRDA:221,38,0,2
BRDA:221,38,1,0
BRDA:227,39,0,0
BRDA:229,40,0,0
BRDA:229,40,1,0
BRDA:234,41,0,0
BRDA:261,42,0,0
BRDA:261,43,0,3
BRDA:261,43,1,0
BRDA:261,43,2,0
BRDA:269,44,0,2
BRDA:269,45,0,9
BRDA:269,45,1,9
BRDA:276,46,0,13
BRDA:284,47,0,0
BRDA:284,48,0,22
BRDA:284,48,1,0
BRDA:291,49,0,3
BRDA:322,50,0,56
BRDA:325,51,0,1
BRDA:333,52,0,2
BRDA:333,52,1,54
BRDA:333,53,0,56
BRDA:333,53,1,55
BRDA:341,54,0,1
BRDA:341,54,1,55
BRDA:342,55,0,1
BRDA:342,55,1,55
BRDA:342,56,0,1
BRDA:342,56,1,54
BRDA:348,57,0,11
BRDA:355,58,0,56
BRDA:355,58,1,3
BRDA:366,59,0,56
BRDA:369,60,0,19
BRDA:369,60,1,37
BRDA:375,61,0,56
BRDA:377,62,0,19
BRDA:394,63,0,1
BRDA:399,64,0,1
BRDA:402,65,0,17
BRDA:404,66,0,1
BRDA:404,66,1,0
BRDA:409,67,0,1
BRDA:409,67,1,0
BRDA:417,68,0,3
BRDA:417,68,1,62
BRDA:419,69,0,16
BRDA:419,69,1,49
BRDA:421,70,0,2
BRDA:421,70,1,63
BRDA:438,71,0,56
BRDA:444,72,0,56
BRDA:450,73,0,56
BRDA:454,74,0,0
BRDA:454,74,1,0
BRF:111
BRH:87
end_of_record
TN:
SF:src/components/Select/index.ts
FNF:0
FNH:0
DA:1,1
LF:1
LH:1
BRF:0
BRH:0
end_of_record
