TN:
SF:src/index.ts
FNF:0
FNH:0
DA:2,1
DA:5,1
DA:7,1
LF:3
LH:3
BRF:0
BRH:0
end_of_record
TN:
SF:src/components/Button/Button.tsx
FN:27,(anonymous_2)
FN:59,(anonymous_3)
FNF:2
FNH:2
FNDA:98,(anonymous_2)
FNDA:9,(anonymous_3)
DA:1,2
DA:2,2
DA:27,98
DA:40,98
DA:41,98
DA:42,98
DA:43,98
DA:44,98
DA:45,98
DA:47,98
DA:59,98
DA:60,9
DA:61,0
DA:62,0
DA:64,9
LF:15
LH:13
BRDA:29,0,0,75
BRDA:30,1,0,77
BRDA:31,2,0,87
BRDA:32,3,0,83
BRDA:33,4,0,93
BRDA:35,5,0,93
BRDA:36,6,0,89
BRDA:43,7,0,4
BRDA:43,7,1,94
BRDA:44,8,0,13
BRDA:44,8,1,85
BRDA:45,9,0,19
BRDA:45,9,1,79
BRDA:45,10,0,98
BRDA:45,10,1,89
BRDA:60,11,0,0
BRDA:60,12,0,9
BRDA:60,12,1,9
BRDA:71,13,0,98
BRDA:71,13,1,89
BRDA:76,14,0,98
BRF:21
BRH:20
end_of_record
TN:
SF:src/components/Button/index.ts
FNF:0
FNH:0
DA:1,1
LF:1
LH:1
BRF:0
BRH:0
end_of_record
TN:
SF:src/components/ChatInterface/ChatInterface.tsx
FN:29,(anonymous_4)
FN:48,(anonymous_5)
FN:54,(anonymous_6)
FN:59,(anonymous_7)
FN:66,(anonymous_8)
FN:71,(anonymous_9)
FN:80,(anonymous_10)
FN:88,(anonymous_11)
FN:89,(anonymous_12)
FN:95,(anonymous_13)
FN:99,(anonymous_14)
FN:100,(anonymous_15)
FN:109,(anonymous_16)
FN:122,(anonymous_17)
FN:154,(anonymous_18)
FN:163,(anonymous_19)
FN:171,(anonymous_20)
FN:204,(anonymous_21)
FN:217,(anonymous_22)
FNF:19
FNH:19
FNDA:97,(anonymous_4)
FNDA:67,(anonymous_5)
FNDA:67,(anonymous_6)
FNDA:24,(anonymous_7)
FNDA:24,(anonymous_8)
FNDA:18,(anonymous_9)
FNDA:17,(anonymous_10)
FNDA:14,(anonymous_11)
FNDA:51,(anonymous_12)
FNDA:18,(anonymous_13)
FNDA:1,(anonymous_14)
FNDA:2,(anonymous_15)
FNDA:23,(anonymous_16)
FNDA:23,(anonymous_17)
FNDA:5,(anonymous_18)
FNDA:2,(anonymous_19)
FNDA:125,(anonymous_20)
FNDA:126,(anonymous_21)
FNDA:26,(anonymous_22)
DA:1,2
DA:2,2
DA:29,32
DA:39,97
DA:40,97
DA:41,97
DA:42,97
DA:43,97
DA:44,97
DA:45,97
DA:48,97
DA:49,67
DA:50,0
DA:54,97
DA:55,67
DA:59,97
DA:60,24
DA:66,24
DA:67,24
DA:71,97
DA:72,18
DA:80,18
DA:83,18
DA:84,18
DA:86,18
DA:87,18
DA:88,18
DA:89,14
DA:90,51
DA:95,18
DA:99,15
DA:100,1
DA:101,2
DA:109,97
DA:110,23
DA:114,23
DA:116,23
DA:117,23
DA:120,23
DA:122,23
DA:123,23
DA:124,23
DA:125,23
DA:127,23
DA:128,23
DA:131,23
DA:132,2
DA:135,23
DA:136,23
DA:137,21
DA:139,20
DA:140,16
DA:144,2
DA:145,2
DA:148,1
DA:149,1
DA:151,20
DA:152,1
DA:154,20
DA:155,5
DA:156,5
DA:157,5
DA:163,97
DA:164,2
DA:165,1
DA:166,1
DA:171,97
DA:172,125
DA:205,126
DA:217,26
LF:70
LH:69
BRDA:30,0,0,93
BRDA:31,1,0,0
BRDA:32,2,0,96
BRDA:35,3,0,96
BRDA:39,4,0,95
BRDA:39,4,1,2
BRDA:49,5,0,0
BRDA:87,6,0,0
BRDA:87,6,1,18
BRDA:90,7,0,14
BRDA:90,7,1,37
BRDA:101,8,0,1
BRDA:101,8,1,1
BRDA:110,9,0,0
BRDA:110,10,0,23
BRDA:110,10,1,23
BRDA:114,11,0,0
BRDA:114,12,0,23
BRDA:114,12,1,2
BRDA:120,13,0,0
BRDA:131,14,0,2
BRDA:136,15,0,21
BRDA:136,15,1,2
BRDA:139,16,0,16
BRDA:139,17,0,20
BRDA:139,17,1,19
BRDA:151,18,0,1
BRDA:164,19,0,1
BRDA:164,20,0,2
BRDA:164,20,1,2
BRDA:174,21,0,77
BRDA:174,21,1,48
BRDA:179,22,0,125
BRDA:193,23,0,4
BRDA:193,23,1,93
BRDA:193,24,0,97
BRDA:193,24,1,23
BRDA:198,25,0,48
BRDA:198,25,1,49
BRDA:206,26,0,1
BRDA:206,26,1,125
BRDA:220,27,0,97
BRDA:220,27,1,96
BRDA:220,27,2,22
BRDA:226,28,0,97
BRDA:226,28,1,26
BRDA:226,28,2,26
BRDA:226,28,3,5
BRDA:230,29,0,4
BRDA:230,29,1,93
BRDA:230,30,0,97
BRDA:230,30,1,23
BRF:52
BRH:46
end_of_record
TN:
SF:src/components/ChatInterface/index.ts
FNF:0
FNH:0
DA:1,1
LF:1
LH:1
BRF:0
BRH:0
end_of_record
